Using pre-set license

 COMMAND LINE ARGUMENTS:
/Applications/Unity/Hub/Editor/2020.3.10f1/Unity.app/Contents/MacOS/Unity
-adb2
-batchMode
-noUpm
-name
AssetImportWorker0
-projectPath
/Users/benno.lueders/Documents/projects/unity-seriousgames-class/04-ui/UI
-logFile
Logs/AssetImportWorker0.log
-srvPort
56530
Successfully changed project path to: /Users/benno.lueders/Documents/projects/unity-seriousgames-class/04-ui/UI
/Users/benno.lueders/Documents/projects/unity-seriousgames-class/04-ui/UI
Using Asset Import Pipeline V2.
Refreshing native plugins compatible for Editor in 38.70 ms, found 3 plugins.
Preloading 0 native plugins for Editor in 0.00 ms.
Initialize engine version: 2020.3.10f1 (297d780c91bc)
[Subsystems] Discovering subsystems at path /Applications/Unity/Hub/Editor/2020.3.10f1/Unity.app/Contents/Resources/UnitySubsystems
[Subsystems] Discovering subsystems at path /Users/benno.lueders/Documents/projects/unity-seriousgames-class/04-ui/UI/Assets
GfxDevice: creating device client; threaded=0
2021-06-01 13:07:35.893 Unity[12943:430651] PN-70TW3 preferred device: AMD Radeon Pro 5300M (high power)
2021-06-01 13:07:35.893 Unity[12943:430651] Metal devices available: 2
2021-06-01 13:07:35.893 Unity[12943:430651] 0: AMD Radeon Pro 5300M (high power)
2021-06-01 13:07:35.893 Unity[12943:430651] 1: Intel(R) UHD Graphics 630 (low power)
2021-06-01 13:07:35.894 Unity[12943:430651] Using device AMD Radeon Pro 5300M (high power)
Initializing Metal device caps: AMD Radeon Pro 5300M
Initialize mono
Mono path[0] = '/Applications/Unity/Hub/Editor/2020.3.10f1/Unity.app/Contents/Managed'
Mono path[1] = '/Applications/Unity/Hub/Editor/2020.3.10f1/Unity.app/Contents/MonoBleedingEdge/lib/mono/unityjit'
Mono config path = '/Applications/Unity/Hub/Editor/2020.3.10f1/Unity.app/Contents/MonoBleedingEdge/etc'
Using monoOptions --debugger-agent=transport=dt_socket,embedding=1,server=y,suspend=n,address=127.0.0.1:56943
Begin MonoManager ReloadAssembly
Registering precompiled unity dll's ...
Register platform support module: /Applications/Unity/Hub/Editor/2020.3.10f1/PlaybackEngines/WebGLSupport/UnityEditor.WebGL.Extensions.dll
Register platform support module: /Applications/Unity/Hub/Editor/2020.3.10f1/Unity.app/Contents/PlaybackEngines/MacStandaloneSupport/UnityEditor.OSXStandalone.Extensions.dll
Register platform support module: /Applications/Unity/Hub/Editor/2020.3.10f1/PlaybackEngines/WindowsStandaloneSupport/UnityEditor.WindowsStandalone.Extensions.dll
Registered in 0.000782 seconds.
Native extension for WindowsStandalone target not found
Native extension for OSXStandalone target not found
Native extension for WebGL target not found
Refreshing native plugins compatible for Editor in 36.70 ms, found 3 plugins.
Preloading 0 native plugins for Editor in 0.00 ms.
Mono: successfully reloaded assembly
- Completed reload, in  1.948 seconds
Platform modules already initialized, skipping
Registering precompiled user dll's ...
Registered in 0.001709 seconds.
Begin MonoManager ReloadAssembly
Native extension for WindowsStandalone target not found
Native extension for OSXStandalone target not found
Native extension for WebGL target not found
Refreshing native plugins compatible for Editor in 36.32 ms, found 3 plugins.
Preloading 0 native plugins for Editor in 0.00 ms.
Mono: successfully reloaded assembly
- Completed reload, in  1.214 seconds
Platform modules already initialized, skipping
========================================================================
Worker process is ready to serve import requests
Launching external process: /Applications/Unity/Hub/Editor/2020.3.10f1/Unity.app/Contents/Tools/UnityShaderCompiler
Launched and connected shader compiler UnityShaderCompiler after 0.01 seconds
Refreshing native plugins compatible for Editor in 0.41 ms, found 3 plugins.
Preloading 0 native plugins for Editor in 0.00 ms.
Unloading 2081 Unused Serialized files (Serialized files now loaded: 0)
System memory in use before: 172.2 MB.
System memory in use after: 172.3 MB.

Unloading 28 unused Assets to reduce memory usage. Loaded Objects now: 2520.
Total: 2.218216 ms (FindLiveObjects: 0.234508 ms CreateObjectMapping: 0.088813 ms MarkObjects: 1.831184 ms  DeleteObjects: 0.062684 ms)

========================================================================
Received Import Request.
  path: Assets/Scripts
  artifactKey: Guid(ad099bff057363346b0fac53f273c36c) Importer(815301076,1909f56bfc062723c751e8b465ee728b)
Start importing Assets/Scripts using Guid(ad099bff057363346b0fac53f273c36c) Importer(815301076,1909f56bfc062723c751e8b465ee728b)  -> (artifact id: 'ac8353ecfc242973e4da65c5df771b61') in 0.003559 seconds
  Import took 0.006333 seconds .

========================================================================
Received Import Request.
  Time since last request: 0.000166 seconds.
  path: Assets/Scenes
  artifactKey: Guid(200498e82ee478442a1c619563804ce5) Importer(815301076,1909f56bfc062723c751e8b465ee728b)
Start importing Assets/Scenes using Guid(200498e82ee478442a1c619563804ce5) Importer(815301076,1909f56bfc062723c751e8b465ee728b)  -> (artifact id: 'dbc0725533759a11d247c69f7b2cef34') in 0.000811 seconds
  Import took 0.003373 seconds .

========================================================================
Received Prepare
Registering precompiled user dll's ...
Registered in 0.002069 seconds.
Begin MonoManager ReloadAssembly
Native extension for WindowsStandalone target not found
Native extension for OSXStandalone target not found
Native extension for WebGL target not found
Refreshing native plugins compatible for Editor in 0.40 ms, found 3 plugins.
Preloading 0 native plugins for Editor in 0.00 ms.
Mono: successfully reloaded assembly
- Completed reload, in  1.200 seconds
Platform modules already initialized, skipping
Refreshing native plugins compatible for Editor in 0.42 ms, found 3 plugins.
Preloading 0 native plugins for Editor in 0.00 ms.
Unloading 2071 Unused Serialized files (Serialized files now loaded: 0)
System memory in use before: 171.8 MB.
System memory in use after: 171.9 MB.

Unloading 16 unused Assets to reduce memory usage. Loaded Objects now: 2524.
Total: 2.058915 ms (FindLiveObjects: 0.184005 ms CreateObjectMapping: 0.071384 ms MarkObjects: 1.779659 ms  DeleteObjects: 0.023087 ms)

AssetImportWorkerClient::OnTransportError - code=2 error=End of file
