Using pre-set license
Built from '2020.3/release' branch; Version is '2020.3.7f1 (dd97f2c94397) revision 14522354'; Using compiler version '192528614'; Build Type 'Release'
OS: 'Windows 10 Pro; OS build 19041.928; Version 2004; 64bit' Language: 'en' Physical Memory: 16348 MB
BatchMode: 1, IsHumanControllingUs: 0, StartBugReporterOnCrash: 0, Is64bit: 1, IsPro: 0

 COMMAND LINE ARGUMENTS:
C:\Program Files\Unity\Hub\Editor\2020.3.7f1\Editor\Unity.exe
-adb2
-batchMode
-noUpm
-name
AssetImportWorker0
-projectPath
C:/projects/unity-seriousgames-class/01-welcome-to-unity/shootemup
-logFile
Logs/AssetImportWorker0.log
-srvPort
63788
Successfully changed project path to: C:/projects/unity-seriousgames-class/01-welcome-to-unity/shootemup
C:/projects/unity-seriousgames-class/01-welcome-to-unity/shootemup
Using Asset Import Pipeline V2.
Refreshing native plugins compatible for Editor in 28.41 ms, found 1 plugins.
Preloading 0 native plugins for Editor in 0.00 ms.
Initialize engine version: 2020.3.7f1 (dd97f2c94397)
[Subsystems] Discovering subsystems at path C:/Program Files/Unity/Hub/Editor/2020.3.7f1/Editor/Data/Resources/UnitySubsystems
[Subsystems] Discovering subsystems at path C:/projects/unity-seriousgames-class/01-welcome-to-unity/shootemup/Assets
GfxDevice: creating device client; threaded=0
Direct3D:
    Version:  Direct3D 11.0 [level 11.1]
    Renderer: NVIDIA GeForce GTX 1070 (ID=0x1b81)
    Vendor:   
    VRAM:     8088 MB
    Driver:   27.21.14.6089
Initialize mono
Mono path[0] = 'C:/Program Files/Unity/Hub/Editor/2020.3.7f1/Editor/Data/Managed'
Mono path[1] = 'C:/Program Files/Unity/Hub/Editor/2020.3.7f1/Editor/Data/MonoBleedingEdge/lib/mono/unityjit'
Mono config path = 'C:/Program Files/Unity/Hub/Editor/2020.3.7f1/Editor/Data/MonoBleedingEdge/etc'
Using monoOptions --debugger-agent=transport=dt_socket,embedding=1,server=y,suspend=n,address=127.0.0.1:56116
Begin MonoManager ReloadAssembly
Registering precompiled unity dll's ...
Register platform support module: C:/Program Files/Unity/Hub/Editor/2020.3.7f1/Editor/Data/PlaybackEngines/WebGLSupport/UnityEditor.WebGL.Extensions.dll
Register platform support module: C:/Program Files/Unity/Hub/Editor/2020.3.7f1/Editor/Data/PlaybackEngines/MacStandaloneSupport/UnityEditor.OSXStandalone.Extensions.dll
Register platform support module: C:/Program Files/Unity/Hub/Editor/2020.3.7f1/Editor/Data/PlaybackEngines/WindowsStandaloneSupport/UnityEditor.WindowsStandalone.Extensions.dll
Registered in 0.002305 seconds.
Native extension for WindowsStandalone target not found
Native extension for OSXStandalone target not found
Native extension for WebGL target not found
Refreshing native plugins compatible for Editor in 28.64 ms, found 1 plugins.
Preloading 0 native plugins for Editor in 0.00 ms.
Mono: successfully reloaded assembly
- Completed reload, in  1.092 seconds
Platform modules already initialized, skipping
Registering precompiled user dll's ...
Registered in 0.000903 seconds.
Begin MonoManager ReloadAssembly
Native extension for WindowsStandalone target not found
Native extension for OSXStandalone target not found
Native extension for WebGL target not found
Refreshing native plugins compatible for Editor in 27.92 ms, found 1 plugins.
Preloading 0 native plugins for Editor in 0.00 ms.
Mono: successfully reloaded assembly
- Completed reload, in  0.814 seconds
Platform modules already initialized, skipping
========================================================================
Worker process is ready to serve import requests
Launched and connected shader compiler UnityShaderCompiler.exe after 0.04 seconds
Refreshing native plugins compatible for Editor in 0.32 ms, found 1 plugins.
Preloading 0 native plugins for Editor in 0.00 ms.
Unloading 1813 Unused Serialized files (Serialized files now loaded: 0)
System memory in use before: 85.0 MB.
System memory in use after: 84.9 MB.

Unloading 24 unused Assets to reduce memory usage. Loaded Objects now: 2255.
Total: 1.669700 ms (FindLiveObjects: 0.168900 ms CreateObjectMapping: 0.060400 ms MarkObjects: 1.347300 ms  DeleteObjects: 0.092500 ms)

========================================================================
Received Import Request.
  path: Assets/Scripts
  artifactKey: Guid(74ef9ba9b3e05d44ab51403ec5aeeb6c) Importer(815301076,1909f56bfc062723c751e8b465ee728b)
Start importing Assets/Scripts using Guid(74ef9ba9b3e05d44ab51403ec5aeeb6c) Importer(815301076,1909f56bfc062723c751e8b465ee728b)  -> (artifact id: 'bc541ef01ff29442aae5119a802bf948') in 0.007537 seconds
  Import took 0.009897 seconds .

========================================================================
Received Import Request.
  Time since last request: 0.316079 seconds.
  path: Assets/Scenes/Game.unity
  artifactKey: Guid(90431e0c4aaf5084d99f6f8d781ebd92) Importer(815301076,1909f56bfc062723c751e8b465ee728b)
Start importing Assets/Scenes/Game.unity using Guid(90431e0c4aaf5084d99f6f8d781ebd92) Importer(815301076,1909f56bfc062723c751e8b465ee728b)  -> (artifact id: '6973b4d2eb517bb81ec0a889a6e6cd23') in 0.011981 seconds
  Import took 0.015359 seconds .

========================================================================
Received Import Request.
  Time since last request: 18.268334 seconds.
  path: Assets/Sounds/laser.wav
  artifactKey: Guid(cfd19a3e61e4d634da54021839dab046) Importer(815301076,1909f56bfc062723c751e8b465ee728b)
Start importing Assets/Sounds/laser.wav using Guid(cfd19a3e61e4d634da54021839dab046) Importer(815301076,1909f56bfc062723c751e8b465ee728b)  -> (artifact id: '44b61828dbdaf03d3625dafd023fd267') in 0.078491 seconds
  Import took 0.081315 seconds .

========================================================================
Received Import Request.
  Time since last request: 6.333929 seconds.
  path: Assets/Sounds/explosion.aiff
  artifactKey: Guid(4d6da48135c116d48a59146f4819f10e) Importer(815301076,1909f56bfc062723c751e8b465ee728b)
Start importing Assets/Sounds/explosion.aiff using Guid(4d6da48135c116d48a59146f4819f10e) Importer(815301076,1909f56bfc062723c751e8b465ee728b)  -> (artifact id: '2e8c5d97899c944217a4e1f61d7fda4c') in 0.013762 seconds
  Import took 0.016622 seconds .

========================================================================
Received Prepare
Registering precompiled user dll's ...
Registered in 0.000803 seconds.
Begin MonoManager ReloadAssembly
Native extension for WindowsStandalone target not found
Native extension for OSXStandalone target not found
Native extension for WebGL target not found
Refreshing native plugins compatible for Editor in 0.26 ms, found 1 plugins.
Preloading 0 native plugins for Editor in 0.00 ms.
Mono: successfully reloaded assembly
- Completed reload, in  0.730 seconds
Platform modules already initialized, skipping
Refreshing native plugins compatible for Editor in 0.27 ms, found 1 plugins.
Preloading 0 native plugins for Editor in 0.00 ms.
Unloading 1808 Unused Serialized files (Serialized files now loaded: 0)
System memory in use before: 88.1 MB.
System memory in use after: 88.0 MB.

Unloading 12 unused Assets to reduce memory usage. Loaded Objects now: 2268.
Total: 1.773300 ms (FindLiveObjects: 0.147400 ms CreateObjectMapping: 0.066300 ms MarkObjects: 1.479200 ms  DeleteObjects: 0.079800 ms)

AssetImportWorkerClient::OnTransportError - code=2 error=End of file
