Using pre-set license
Built from '2020.3/release' branch; Version is '2020.3.7f1 (dd97f2c94397) revision 14522354'; Using compiler version '192528614'; Build Type 'Release'
OS: 'Windows 10 Pro; OS build 19041.985; Version 2004; 64bit' Language: 'en' Physical Memory: 16348 MB
BatchMode: 1, IsHumanControllingUs: 0, StartBugReporterOnCrash: 0, Is64bit: 1, IsPro: 0

 COMMAND LINE ARGUMENTS:
C:\Program Files\Unity\Hub\Editor\2020.3.7f1\Editor\Unity.exe
-adb2
-batchMode
-noUpm
-name
AssetImportWorker0
-projectPath
C:/projects/unity-seriousgames-class/03-2d-platformer/2DPlatformer-Video3
-logFile
Logs/AssetImportWorker0.log
-srvPort
55507
Successfully changed project path to: C:/projects/unity-seriousgames-class/03-2d-platformer/2DPlatformer-Video3
C:/projects/unity-seriousgames-class/03-2d-platformer/2DPlatformer-Video3
Using Asset Import Pipeline V2.
Refreshing native plugins compatible for Editor in 27.77 ms, found 1 plugins.
Preloading 0 native plugins for Editor in 0.00 ms.
Initialize engine version: 2020.3.7f1 (dd97f2c94397)
[Subsystems] Discovering subsystems at path C:/Program Files/Unity/Hub/Editor/2020.3.7f1/Editor/Data/Resources/UnitySubsystems
[Subsystems] Discovering subsystems at path C:/projects/unity-seriousgames-class/03-2d-platformer/2DPlatformer-Video3/Assets
GfxDevice: creating device client; threaded=0
Direct3D:
    Version:  Direct3D 11.0 [level 11.1]
    Renderer: NVIDIA GeForce GTX 1070 (ID=0x1b81)
    Vendor:   
    VRAM:     8088 MB
    Driver:   27.21.14.6089
Initialize mono
Mono path[0] = 'C:/Program Files/Unity/Hub/Editor/2020.3.7f1/Editor/Data/Managed'
Mono path[1] = 'C:/Program Files/Unity/Hub/Editor/2020.3.7f1/Editor/Data/MonoBleedingEdge/lib/mono/unityjit'
Mono config path = 'C:/Program Files/Unity/Hub/Editor/2020.3.7f1/Editor/Data/MonoBleedingEdge/etc'
Using monoOptions --debugger-agent=transport=dt_socket,embedding=1,server=y,suspend=n,address=127.0.0.1:56504
Begin MonoManager ReloadAssembly
Registering precompiled unity dll's ...
Register platform support module: C:/Program Files/Unity/Hub/Editor/2020.3.7f1/Editor/Data/PlaybackEngines/WebGLSupport/UnityEditor.WebGL.Extensions.dll
Register platform support module: C:/Program Files/Unity/Hub/Editor/2020.3.7f1/Editor/Data/PlaybackEngines/MacStandaloneSupport/UnityEditor.OSXStandalone.Extensions.dll
Register platform support module: C:/Program Files/Unity/Hub/Editor/2020.3.7f1/Editor/Data/PlaybackEngines/WindowsStandaloneSupport/UnityEditor.WindowsStandalone.Extensions.dll
Registered in 0.228161 seconds.
Native extension for WindowsStandalone target not found
Native extension for OSXStandalone target not found
Native extension for WebGL target not found
Refreshing native plugins compatible for Editor in 28.21 ms, found 1 plugins.
Preloading 0 native plugins for Editor in 0.00 ms.
Mono: successfully reloaded assembly
- Completed reload, in  3.466 seconds
Platform modules already initialized, skipping
Registering precompiled user dll's ...
Registered in 0.044897 seconds.
Begin MonoManager ReloadAssembly
Native extension for WindowsStandalone target not found
Native extension for OSXStandalone target not found
Native extension for WebGL target not found
Refreshing native plugins compatible for Editor in 27.52 ms, found 1 plugins.
Preloading 0 native plugins for Editor in 0.00 ms.
Mono: successfully reloaded assembly
- Completed reload, in  2.503 seconds
Platform modules already initialized, skipping
========================================================================
Worker process is ready to serve import requests
Launched and connected shader compiler UnityShaderCompiler.exe after 0.07 seconds
Refreshing native plugins compatible for Editor in 0.26 ms, found 1 plugins.
Preloading 0 native plugins for Editor in 0.00 ms.
Unloading 1810 Unused Serialized files (Serialized files now loaded: 0)
System memory in use before: 85.0 MB.
System memory in use after: 84.9 MB.

Unloading 24 unused Assets to reduce memory usage. Loaded Objects now: 2253.
Total: 1.595800 ms (FindLiveObjects: 0.152000 ms CreateObjectMapping: 0.058200 ms MarkObjects: 1.293700 ms  DeleteObjects: 0.091400 ms)

========================================================================
Received Import Request.
  path: Assets/Materials
  artifactKey: Guid(cebe8deef90f1cf4a8b4e77864545043) Importer(815301076,1909f56bfc062723c751e8b465ee728b)
Start importing Assets/Materials using Guid(cebe8deef90f1cf4a8b4e77864545043) Importer(815301076,1909f56bfc062723c751e8b465ee728b)  -> (artifact id: 'd3fd3cd00bdee2add0169e710b6bde9a') in 0.007810 seconds
  Import took 0.010380 seconds .

========================================================================
Received Import Request.
  Time since last request: 1.913512 seconds.
  path: Assets/NoFriction.physicsMaterial2D
  artifactKey: Guid(e0ecf7d40ac5cba4e8203859fb22b4c3) Importer(815301076,1909f56bfc062723c751e8b465ee728b)
Start importing Assets/NoFriction.physicsMaterial2D using Guid(e0ecf7d40ac5cba4e8203859fb22b4c3) Importer(815301076,1909f56bfc062723c751e8b465ee728b)  -> (artifact id: '3b15b50e42638b099650c548aa9cbbd4') in 0.035865 seconds
  Import took 0.038115 seconds .

========================================================================
Received Prepare
Registering precompiled user dll's ...
Registered in 0.000845 seconds.
Begin MonoManager ReloadAssembly
Native extension for WindowsStandalone target not found
Native extension for OSXStandalone target not found
Native extension for WebGL target not found
Refreshing native plugins compatible for Editor in 0.28 ms, found 1 plugins.
Preloading 0 native plugins for Editor in 0.00 ms.
Mono: successfully reloaded assembly
- Completed reload, in  0.743 seconds
Platform modules already initialized, skipping
Refreshing native plugins compatible for Editor in 0.26 ms, found 1 plugins.
Preloading 0 native plugins for Editor in 0.00 ms.
Unloading 1805 Unused Serialized files (Serialized files now loaded: 0)
System memory in use before: 85.0 MB.
System memory in use after: 84.9 MB.

Unloading 12 unused Assets to reduce memory usage. Loaded Objects now: 2257.
Total: 1.856400 ms (FindLiveObjects: 0.200500 ms CreateObjectMapping: 0.057800 ms MarkObjects: 1.518900 ms  DeleteObjects: 0.078300 ms)

========================================================================
Received Prepare
Registering precompiled user dll's ...
Registered in 0.000990 seconds.
Begin MonoManager ReloadAssembly
Native extension for WindowsStandalone target not found
Native extension for OSXStandalone target not found
Native extension for WebGL target not found
Refreshing native plugins compatible for Editor in 0.27 ms, found 1 plugins.
Preloading 0 native plugins for Editor in 0.00 ms.
Mono: successfully reloaded assembly
- Completed reload, in  0.731 seconds
Platform modules already initialized, skipping
Refreshing native plugins compatible for Editor in 0.26 ms, found 1 plugins.
Preloading 0 native plugins for Editor in 0.00 ms.
Unloading 1805 Unused Serialized files (Serialized files now loaded: 0)
System memory in use before: 85.0 MB.
System memory in use after: 85.0 MB.

Unloading 12 unused Assets to reduce memory usage. Loaded Objects now: 2261.
Total: 2.269700 ms (FindLiveObjects: 0.265800 ms CreateObjectMapping: 0.078600 ms MarkObjects: 1.812400 ms  DeleteObjects: 0.111600 ms)

========================================================================
Received Import Request.
  Time since last request: 180.235301 seconds.
  path: Assets/Script/Animator2D.cs
  artifactKey: Guid(3888c3e26d37a4b47aff666f7047351a) Importer(815301076,1909f56bfc062723c751e8b465ee728b)
Start importing Assets/Script/Animator2D.cs using Guid(3888c3e26d37a4b47aff666f7047351a) Importer(815301076,1909f56bfc062723c751e8b465ee728b)  -> (artifact id: 'db2568ba1b760ccdcdb7456fb534d2da') in 0.014628 seconds
  Import took 0.017481 seconds .

========================================================================
Received Import Request.
  Time since last request: 185.098434 seconds.
  path: Assets/Script/CharacterController2D.cs
  artifactKey: Guid(76acc90b4ca0c5e4ba30b5a4aa78bde6) Importer(815301076,1909f56bfc062723c751e8b465ee728b)
Start importing Assets/Script/CharacterController2D.cs using Guid(76acc90b4ca0c5e4ba30b5a4aa78bde6) Importer(815301076,1909f56bfc062723c751e8b465ee728b)  -> (artifact id: 'fa651099fe966a04b695710cbc79ae5e') in 0.007031 seconds
  Import took 0.009961 seconds .

========================================================================
Received Prepare
Registering precompiled user dll's ...
Registered in 0.000797 seconds.
Begin MonoManager ReloadAssembly
Native extension for WindowsStandalone target not found
Native extension for OSXStandalone target not found
Native extension for WebGL target not found
Refreshing native plugins compatible for Editor in 0.27 ms, found 1 plugins.
Preloading 0 native plugins for Editor in 0.00 ms.
Mono: successfully reloaded assembly
- Completed reload, in  0.772 seconds
Platform modules already initialized, skipping
Refreshing native plugins compatible for Editor in 0.27 ms, found 1 plugins.
Preloading 0 native plugins for Editor in 0.00 ms.
Unloading 1806 Unused Serialized files (Serialized files now loaded: 0)
System memory in use before: 85.0 MB.
System memory in use after: 85.0 MB.

Unloading 12 unused Assets to reduce memory usage. Loaded Objects now: 2266.
Total: 1.955000 ms (FindLiveObjects: 0.208400 ms CreateObjectMapping: 0.099700 ms MarkObjects: 1.523300 ms  DeleteObjects: 0.122200 ms)

========================================================================
Received Prepare
Registering precompiled user dll's ...
Registered in 0.000960 seconds.
Begin MonoManager ReloadAssembly
Native extension for WindowsStandalone target not found
Native extension for OSXStandalone target not found
Native extension for WebGL target not found
Refreshing native plugins compatible for Editor in 0.28 ms, found 1 plugins.
Preloading 0 native plugins for Editor in 0.00 ms.
Mono: successfully reloaded assembly
- Completed reload, in  0.743 seconds
Platform modules already initialized, skipping
Refreshing native plugins compatible for Editor in 0.50 ms, found 1 plugins.
Preloading 0 native plugins for Editor in 0.00 ms.
Unloading 1805 Unused Serialized files (Serialized files now loaded: 0)
System memory in use before: 85.0 MB.
System memory in use after: 85.0 MB.

Unloading 13 unused Assets to reduce memory usage. Loaded Objects now: 2269.
Total: 1.842200 ms (FindLiveObjects: 0.215400 ms CreateObjectMapping: 0.058500 ms MarkObjects: 1.483700 ms  DeleteObjects: 0.083400 ms)

========================================================================
Received Prepare
Registering precompiled user dll's ...
Registered in 0.000784 seconds.
Begin MonoManager ReloadAssembly
Native extension for WindowsStandalone target not found
Native extension for OSXStandalone target not found
Native extension for WebGL target not found
Refreshing native plugins compatible for Editor in 0.28 ms, found 1 plugins.
Preloading 0 native plugins for Editor in 0.00 ms.
Mono: successfully reloaded assembly
- Completed reload, in  0.778 seconds
Platform modules already initialized, skipping
Refreshing native plugins compatible for Editor in 0.27 ms, found 1 plugins.
Preloading 0 native plugins for Editor in 0.00 ms.
Unloading 1806 Unused Serialized files (Serialized files now loaded: 0)
System memory in use before: 85.1 MB.
System memory in use after: 85.0 MB.

Unloading 12 unused Assets to reduce memory usage. Loaded Objects now: 2274.
Total: 1.728200 ms (FindLiveObjects: 0.146300 ms CreateObjectMapping: 0.050600 ms MarkObjects: 1.449600 ms  DeleteObjects: 0.080900 ms)

========================================================================
Received Prepare
Registering precompiled user dll's ...
Registered in 0.043541 seconds.
Begin MonoManager ReloadAssembly
Native extension for WindowsStandalone target not found
Native extension for OSXStandalone target not found
Native extension for WebGL target not found
Refreshing native plugins compatible for Editor in 0.26 ms, found 1 plugins.
Preloading 0 native plugins for Editor in 0.00 ms.
Mono: successfully reloaded assembly
- Completed reload, in  0.722 seconds
Platform modules already initialized, skipping
Refreshing native plugins compatible for Editor in 0.35 ms, found 1 plugins.
Preloading 0 native plugins for Editor in 0.00 ms.
Unloading 1806 Unused Serialized files (Serialized files now loaded: 0)
System memory in use before: 85.1 MB.
System memory in use after: 85.0 MB.

Unloading 12 unused Assets to reduce memory usage. Loaded Objects now: 2278.
Total: 1.890200 ms (FindLiveObjects: 0.227300 ms CreateObjectMapping: 0.085900 ms MarkObjects: 1.474000 ms  DeleteObjects: 0.102200 ms)

========================================================================
Received Import Request.
  Time since last request: 7130.741577 seconds.
  path: Assets/Script/CharacterController2D.cs
  artifactKey: Guid(76acc90b4ca0c5e4ba30b5a4aa78bde6) Importer(815301076,1909f56bfc062723c751e8b465ee728b)
Start importing Assets/Script/CharacterController2D.cs using Guid(76acc90b4ca0c5e4ba30b5a4aa78bde6) Importer(815301076,1909f56bfc062723c751e8b465ee728b)  -> (artifact id: '643d12ea2ccb8033150265648fdff85a') in 0.006456 seconds
  Import took 0.008819 seconds .

========================================================================
Received Import Request.
  Time since last request: 97.590452 seconds.
  path: Assets/Script/PatrollingController2D.cs
  artifactKey: Guid(10c0136d42a058249a0d5a647e166c6b) Importer(815301076,1909f56bfc062723c751e8b465ee728b)
Start importing Assets/Script/PatrollingController2D.cs using Guid(10c0136d42a058249a0d5a647e166c6b) Importer(815301076,1909f56bfc062723c751e8b465ee728b)  -> (artifact id: '70f55f56565931314e04015cde17b3d9') in 0.006822 seconds
  Import took 0.010171 seconds .

========================================================================
Received Prepare
Registering precompiled user dll's ...
Registered in 0.000807 seconds.
Begin MonoManager ReloadAssembly
Native extension for WindowsStandalone target not found
Native extension for OSXStandalone target not found
Native extension for WebGL target not found
Refreshing native plugins compatible for Editor in 0.27 ms, found 1 plugins.
Preloading 0 native plugins for Editor in 0.00 ms.
Mono: successfully reloaded assembly
- Completed reload, in  0.767 seconds
Platform modules already initialized, skipping
Refreshing native plugins compatible for Editor in 0.26 ms, found 1 plugins.
Preloading 0 native plugins for Editor in 0.00 ms.
Unloading 1807 Unused Serialized files (Serialized files now loaded: 0)
System memory in use before: 85.1 MB.
System memory in use after: 85.1 MB.

Unloading 12 unused Assets to reduce memory usage. Loaded Objects now: 2283.
Total: 1.895800 ms (FindLiveObjects: 0.145300 ms CreateObjectMapping: 0.056100 ms MarkObjects: 1.613700 ms  DeleteObjects: 0.079700 ms)

========================================================================
Received Import Request.
  Time since last request: 4.838309 seconds.
  path: Assets/Script/PlatformerController2D.cs
  artifactKey: Guid(6c00210c26ad222498d387b8dabde2c5) Importer(815301076,1909f56bfc062723c751e8b465ee728b)
Start importing Assets/Script/PlatformerController2D.cs using Guid(6c00210c26ad222498d387b8dabde2c5) Importer(815301076,1909f56bfc062723c751e8b465ee728b)  -> (artifact id: '50bee26c30801d8544983e37f3245e75') in 0.008436 seconds
  Import took 0.011999 seconds .

========================================================================
Received Prepare
Registering precompiled user dll's ...
Registered in 0.000808 seconds.
Begin MonoManager ReloadAssembly
Native extension for WindowsStandalone target not found
Native extension for OSXStandalone target not found
Native extension for WebGL target not found
Refreshing native plugins compatible for Editor in 0.35 ms, found 1 plugins.
Preloading 0 native plugins for Editor in 0.00 ms.
Mono: successfully reloaded assembly
- Completed reload, in  0.760 seconds
Platform modules already initialized, skipping
Refreshing native plugins compatible for Editor in 0.26 ms, found 1 plugins.
Preloading 0 native plugins for Editor in 0.00 ms.
Unloading 1806 Unused Serialized files (Serialized files now loaded: 0)
System memory in use before: 85.1 MB.
System memory in use after: 85.1 MB.

Unloading 13 unused Assets to reduce memory usage. Loaded Objects now: 2286.
Total: 1.814500 ms (FindLiveObjects: 0.167300 ms CreateObjectMapping: 0.063700 ms MarkObjects: 1.502900 ms  DeleteObjects: 0.079900 ms)

========================================================================
Received Prepare
Registering precompiled user dll's ...
Registered in 0.000823 seconds.
Begin MonoManager ReloadAssembly
Native extension for WindowsStandalone target not found
Native extension for OSXStandalone target not found
Native extension for WebGL target not found
Refreshing native plugins compatible for Editor in 0.33 ms, found 1 plugins.
Preloading 0 native plugins for Editor in 0.00 ms.
Mono: successfully reloaded assembly
- Completed reload, in  0.811 seconds
Platform modules already initialized, skipping
Refreshing native plugins compatible for Editor in 0.32 ms, found 1 plugins.
Preloading 0 native plugins for Editor in 0.00 ms.
Unloading 1807 Unused Serialized files (Serialized files now loaded: 0)
System memory in use before: 85.1 MB.
System memory in use after: 85.1 MB.

Unloading 12 unused Assets to reduce memory usage. Loaded Objects now: 2291.
Total: 1.717500 ms (FindLiveObjects: 0.196400 ms CreateObjectMapping: 0.062100 ms MarkObjects: 1.372000 ms  DeleteObjects: 0.085600 ms)

========================================================================
Received Prepare
Registering precompiled user dll's ...
Registered in 0.000903 seconds.
Begin MonoManager ReloadAssembly
Native extension for WindowsStandalone target not found
Native extension for OSXStandalone target not found
Native extension for WebGL target not found
Refreshing native plugins compatible for Editor in 0.26 ms, found 1 plugins.
Preloading 0 native plugins for Editor in 0.00 ms.
Mono: successfully reloaded assembly
- Completed reload, in  0.735 seconds
Platform modules already initialized, skipping
Refreshing native plugins compatible for Editor in 0.27 ms, found 1 plugins.
Preloading 0 native plugins for Editor in 0.00 ms.
Unloading 1807 Unused Serialized files (Serialized files now loaded: 0)
System memory in use before: 85.1 MB.
System memory in use after: 85.1 MB.

Unloading 12 unused Assets to reduce memory usage. Loaded Objects now: 2295.
Total: 1.799600 ms (FindLiveObjects: 0.229100 ms CreateObjectMapping: 0.083100 ms MarkObjects: 1.404000 ms  DeleteObjects: 0.082200 ms)

========================================================================
Received Import Request.
  Time since last request: 405.093721 seconds.
  path: Assets/Script/PatrollingController2D.cs
  artifactKey: Guid(10c0136d42a058249a0d5a647e166c6b) Importer(815301076,1909f56bfc062723c751e8b465ee728b)
Start importing Assets/Script/PatrollingController2D.cs using Guid(10c0136d42a058249a0d5a647e166c6b) Importer(815301076,1909f56bfc062723c751e8b465ee728b)  -> (artifact id: '9fa7f2b3a9fa5bc4c01397b408722d15') in 0.005965 seconds
  Import took 0.008290 seconds .

========================================================================
Received Prepare
Registering precompiled user dll's ...
Registered in 0.000835 seconds.
Begin MonoManager ReloadAssembly
Native extension for WindowsStandalone target not found
Native extension for OSXStandalone target not found
Native extension for WebGL target not found
Refreshing native plugins compatible for Editor in 0.27 ms, found 1 plugins.
Preloading 0 native plugins for Editor in 0.00 ms.
Mono: successfully reloaded assembly
- Completed reload, in  0.767 seconds
Platform modules already initialized, skipping
Refreshing native plugins compatible for Editor in 0.26 ms, found 1 plugins.
Preloading 0 native plugins for Editor in 0.00 ms.
Unloading 1807 Unused Serialized files (Serialized files now loaded: 0)
System memory in use before: 85.1 MB.
System memory in use after: 85.1 MB.

Unloading 12 unused Assets to reduce memory usage. Loaded Objects now: 2299.
Total: 2.175600 ms (FindLiveObjects: 0.207000 ms CreateObjectMapping: 0.092000 ms MarkObjects: 1.789500 ms  DeleteObjects: 0.086000 ms)

========================================================================
Received Import Request.
  Time since last request: 276.668823 seconds.
  path: ProjectSettings/TagManager.asset
  artifactKey: Guid(00000000000000003000000000000000) Importer(815301076,1909f56bfc062723c751e8b465ee728b)
Start importing ProjectSettings/TagManager.asset using Guid(00000000000000003000000000000000) Importer(815301076,1909f56bfc062723c751e8b465ee728b)  -> (artifact id: '97b4752eefd66b5e9cbacad405df2960') in 0.018221 seconds
  Import took 0.021759 seconds .

========================================================================
Received Import Request.
  Time since last request: 0.003348 seconds.
  path: ProjectSettings/TagManager.asset
  artifactKey: Guid(00000000000000003000000000000000) Importer(815301076,1909f56bfc062723c751e8b465ee728b)
Start importing ProjectSettings/TagManager.asset using Guid(00000000000000003000000000000000) Importer(815301076,1909f56bfc062723c751e8b465ee728b)  -> (artifact id: '97b4752eefd66b5e9cbacad405df2960') in 0.002741 seconds
  Import took 0.005510 seconds .

========================================================================
Received Prepare
Registering precompiled user dll's ...
Registered in 0.000895 seconds.
Begin MonoManager ReloadAssembly
Native extension for WindowsStandalone target not found
Native extension for OSXStandalone target not found
Native extension for WebGL target not found
Refreshing native plugins compatible for Editor in 0.27 ms, found 1 plugins.
Preloading 0 native plugins for Editor in 0.00 ms.
Mono: successfully reloaded assembly
- Completed reload, in  0.794 seconds
Platform modules already initialized, skipping
Refreshing native plugins compatible for Editor in 0.27 ms, found 1 plugins.
Preloading 0 native plugins for Editor in 0.00 ms.
Unloading 1807 Unused Serialized files (Serialized files now loaded: 0)
System memory in use before: 85.2 MB.
System memory in use after: 85.1 MB.

Unloading 14 unused Assets to reduce memory usage. Loaded Objects now: 2303.
Total: 1.991900 ms (FindLiveObjects: 0.193100 ms CreateObjectMapping: 0.065000 ms MarkObjects: 1.613400 ms  DeleteObjects: 0.119500 ms)

========================================================================
Received Prepare
Registering precompiled user dll's ...
Registered in 0.001300 seconds.
Begin MonoManager ReloadAssembly
Native extension for WindowsStandalone target not found
Native extension for OSXStandalone target not found
Native extension for WebGL target not found
Refreshing native plugins compatible for Editor in 0.34 ms, found 1 plugins.
Preloading 0 native plugins for Editor in 0.00 ms.
Mono: successfully reloaded assembly
- Completed reload, in  0.966 seconds
Platform modules already initialized, skipping
Refreshing native plugins compatible for Editor in 0.26 ms, found 1 plugins.
Preloading 0 native plugins for Editor in 0.00 ms.
Unloading 1807 Unused Serialized files (Serialized files now loaded: 0)
System memory in use before: 85.2 MB.
System memory in use after: 85.1 MB.

Unloading 12 unused Assets to reduce memory usage. Loaded Objects now: 2307.
Total: 2.010800 ms (FindLiveObjects: 0.239400 ms CreateObjectMapping: 0.066200 ms MarkObjects: 1.611500 ms  DeleteObjects: 0.092300 ms)

