Using pre-set license
Built from '2020.3/release' branch; Version is '2020.3.7f1 (dd97f2c94397) revision 14522354'; Using compiler version '192528614'; Build Type 'Release'
OS: 'Windows 10 Pro; OS build 19041.985; Version 2004; 64bit' Language: 'en' Physical Memory: 16348 MB
BatchMode: 1, IsHumanControllingUs: 0, StartBugReporterOnCrash: 0, Is64bit: 1, IsPro: 0

 COMMAND LINE ARGUMENTS:
C:\Program Files\Unity\Hub\Editor\2020.3.7f1\Editor\Unity.exe
-adb2
-batchMode
-noUpm
-name
AssetImportWorker0
-projectPath
C:/projects/unity-seriousgames-class/01-welcome-to-unity/shootemup_solution
-logFile
Logs/AssetImportWorker0.log
-srvPort
59427
Successfully changed project path to: C:/projects/unity-seriousgames-class/01-welcome-to-unity/shootemup_solution
C:/projects/unity-seriousgames-class/01-welcome-to-unity/shootemup_solution
Using Asset Import Pipeline V2.
Refreshing native plugins compatible for Editor in 22.04 ms, found 0 plugins.
Preloading 0 native plugins for Editor in 0.00 ms.
Initialize engine version: 2020.3.7f1 (dd97f2c94397)
[Subsystems] Discovering subsystems at path C:/Program Files/Unity/Hub/Editor/2020.3.7f1/Editor/Data/Resources/UnitySubsystems
[Subsystems] Discovering subsystems at path C:/projects/unity-seriousgames-class/01-welcome-to-unity/shootemup_solution/Assets
GfxDevice: creating device client; threaded=0
Direct3D:
    Version:  Direct3D 11.0 [level 11.1]
    Renderer: NVIDIA GeForce GTX 1070 (ID=0x1b81)
    Vendor:   
    VRAM:     8088 MB
    Driver:   27.21.14.6089
Initialize mono
Mono path[0] = 'C:/Program Files/Unity/Hub/Editor/2020.3.7f1/Editor/Data/Managed'
Mono path[1] = 'C:/Program Files/Unity/Hub/Editor/2020.3.7f1/Editor/Data/MonoBleedingEdge/lib/mono/unityjit'
Mono config path = 'C:/Program Files/Unity/Hub/Editor/2020.3.7f1/Editor/Data/MonoBleedingEdge/etc'
Using monoOptions --debugger-agent=transport=dt_socket,embedding=1,server=y,suspend=n,address=127.0.0.1:56500
Begin MonoManager ReloadAssembly
Registering precompiled unity dll's ...
Register platform support module: C:/Program Files/Unity/Hub/Editor/2020.3.7f1/Editor/Data/PlaybackEngines/WebGLSupport/UnityEditor.WebGL.Extensions.dll
Register platform support module: C:/Program Files/Unity/Hub/Editor/2020.3.7f1/Editor/Data/PlaybackEngines/MacStandaloneSupport/UnityEditor.OSXStandalone.Extensions.dll
Register platform support module: C:/Program Files/Unity/Hub/Editor/2020.3.7f1/Editor/Data/PlaybackEngines/WindowsStandaloneSupport/UnityEditor.WindowsStandalone.Extensions.dll
Registered in 0.002599 seconds.
Native extension for WindowsStandalone target not found
Native extension for OSXStandalone target not found
Native extension for WebGL target not found
Refreshing native plugins compatible for Editor in 20.25 ms, found 0 plugins.
Preloading 0 native plugins for Editor in 0.00 ms.
Mono: successfully reloaded assembly
- Completed reload, in  1.201 seconds
Platform modules already initialized, skipping
Registering precompiled user dll's ...
Registered in 0.001858 seconds.
Begin MonoManager ReloadAssembly
Native extension for WindowsStandalone target not found
Native extension for OSXStandalone target not found
Native extension for WebGL target not found
Refreshing native plugins compatible for Editor in 0.18 ms, found 0 plugins.
Preloading 0 native plugins for Editor in 0.00 ms.
Mono: successfully reloaded assembly
- Completed reload, in  0.737 seconds
Platform modules already initialized, skipping
========================================================================
Worker process is ready to serve import requests
Launched and connected shader compiler UnityShaderCompiler.exe after 0.05 seconds
Refreshing native plugins compatible for Editor in 0.22 ms, found 0 plugins.
Preloading 0 native plugins for Editor in 0.00 ms.
Unloading 1113 Unused Serialized files (Serialized files now loaded: 0)
System memory in use before: 55.8 MB.
System memory in use after: 55.8 MB.

Unloading 16 unused Assets to reduce memory usage. Loaded Objects now: 1558.
Total: 1.376100 ms (FindLiveObjects: 0.147800 ms CreateObjectMapping: 0.037700 ms MarkObjects: 1.143300 ms  DeleteObjects: 0.045900 ms)

========================================================================
Received Import Request.
  path: Assets/Sounds/explosion.aiff
  artifactKey: Guid(4d6da48135c116d48a59146f4819f10e) Importer(815301076,1909f56bfc062723c751e8b465ee728b)
Start importing Assets/Sounds/explosion.aiff using Guid(4d6da48135c116d48a59146f4819f10e) Importer(815301076,1909f56bfc062723c751e8b465ee728b)  -> (artifact id: '4302a6c9643fdf1b8a4da3315ad8ddf1') in 0.086282 seconds
  Import took 0.087942 seconds .

========================================================================
Received Import Request.
  Time since last request: 0.000376 seconds.
  path: Assets/Sprites/Sprites.png
  artifactKey: Guid(945f232c298d5f140ab8be909f2ad8c7) Importer(815301076,1909f56bfc062723c751e8b465ee728b)
Start importing Assets/Sprites/Sprites.png using Guid(945f232c298d5f140ab8be909f2ad8c7) Importer(815301076,1909f56bfc062723c751e8b465ee728b)  -> (artifact id: '07556e4cad868883d1e0f8d2cc573a8a') in 0.073319 seconds
  Import took 0.074816 seconds .

========================================================================
Received Import Request.
  Time since last request: 0.000248 seconds.
  path: Assets/Sounds/laser.wav
  artifactKey: Guid(cfd19a3e61e4d634da54021839dab046) Importer(815301076,1909f56bfc062723c751e8b465ee728b)
Start importing Assets/Sounds/laser.wav using Guid(cfd19a3e61e4d634da54021839dab046) Importer(815301076,1909f56bfc062723c751e8b465ee728b)  -> (artifact id: 'c046af6a554c1c70c574be47d46d8b65') in 0.011422 seconds
  Import took 0.012914 seconds .

AssetImportWorkerClient::OnTransportError - code=2 error=End of file
