Using pre-set license

 COMMAND LINE ARGUMENTS:
/Applications/Unity/Hub/Editor/2020.3.10f1/Unity.app/Contents/MacOS/Unity
-adb2
-batchMode
-noUpm
-name
AssetImportWorker0
-projectPath
/Users/benno.lueders/Documents/projects/unity-seriousgames-class/03-2d-platformer/2DPlatformer-solution
-logFile
Logs/AssetImportWorker0.log
-srvPort
52888
Successfully changed project path to: /Users/benno.lueders/Documents/projects/unity-seriousgames-class/03-2d-platformer/2DPlatformer-solution
/Users/benno.lueders/Documents/projects/unity-seriousgames-class/03-2d-platformer/2DPlatformer-solution
Using Asset Import Pipeline V2.
Refreshing native plugins compatible for Editor in 47.86 ms, found 3 plugins.
Preloading 0 native plugins for Editor in 0.00 ms.
Initialize engine version: 2020.3.10f1 (297d780c91bc)
[Subsystems] Discovering subsystems at path /Applications/Unity/Hub/Editor/2020.3.10f1/Unity.app/Contents/Resources/UnitySubsystems
[Subsystems] Discovering subsystems at path /Users/benno.lueders/Documents/projects/unity-seriousgames-class/03-2d-platformer/2DPlatformer-solution/Assets
GfxDevice: creating device client; threaded=0
2021-05-31 15:44:52.861 Unity[8588:210776] Color LCD preferred device: Intel(R) UHD Graphics 630 (low power)
2021-05-31 15:44:52.861 Unity[8588:210776] Metal devices available: 2
2021-05-31 15:44:52.861 Unity[8588:210776] 0: AMD Radeon Pro 5300M (high power)
2021-05-31 15:44:52.861 Unity[8588:210776] 1: Intel(R) UHD Graphics 630 (low power)
2021-05-31 15:44:52.861 Unity[8588:210776] Using device AMD Radeon Pro 5300M (high power)
Initializing Metal device caps: AMD Radeon Pro 5300M
Initialize mono
Mono path[0] = '/Applications/Unity/Hub/Editor/2020.3.10f1/Unity.app/Contents/Managed'
Mono path[1] = '/Applications/Unity/Hub/Editor/2020.3.10f1/Unity.app/Contents/MonoBleedingEdge/lib/mono/unityjit'
Mono config path = '/Applications/Unity/Hub/Editor/2020.3.10f1/Unity.app/Contents/MonoBleedingEdge/etc'
Using monoOptions --debugger-agent=transport=dt_socket,embedding=1,server=y,suspend=n,address=127.0.0.1:56588
Begin MonoManager ReloadAssembly
Registering precompiled unity dll's ...
Register platform support module: /Applications/Unity/Hub/Editor/2020.3.10f1/PlaybackEngines/WebGLSupport/UnityEditor.WebGL.Extensions.dll
Register platform support module: /Applications/Unity/Hub/Editor/2020.3.10f1/Unity.app/Contents/PlaybackEngines/MacStandaloneSupport/UnityEditor.OSXStandalone.Extensions.dll
Register platform support module: /Applications/Unity/Hub/Editor/2020.3.10f1/PlaybackEngines/WindowsStandaloneSupport/UnityEditor.WindowsStandalone.Extensions.dll
Registered in 0.000794 seconds.
Native extension for WindowsStandalone target not found
Native extension for OSXStandalone target not found
Native extension for WebGL target not found
Refreshing native plugins compatible for Editor in 36.48 ms, found 3 plugins.
Preloading 0 native plugins for Editor in 0.00 ms.
Mono: successfully reloaded assembly
- Completed reload, in  2.014 seconds
Platform modules already initialized, skipping
Registering precompiled user dll's ...
Registered in 0.003485 seconds.
Begin MonoManager ReloadAssembly
Native extension for WindowsStandalone target not found
Native extension for OSXStandalone target not found
Native extension for WebGL target not found
Refreshing native plugins compatible for Editor in 36.51 ms, found 3 plugins.
Preloading 0 native plugins for Editor in 0.00 ms.
Mono: successfully reloaded assembly
- Completed reload, in  1.327 seconds
Platform modules already initialized, skipping
========================================================================
Worker process is ready to serve import requests
Launching external process: /Applications/Unity/Hub/Editor/2020.3.10f1/Unity.app/Contents/Tools/UnityShaderCompiler
Launched and connected shader compiler UnityShaderCompiler after 0.02 seconds
Refreshing native plugins compatible for Editor in 0.43 ms, found 3 plugins.
Preloading 0 native plugins for Editor in 0.00 ms.
Unloading 2089 Unused Serialized files (Serialized files now loaded: 0)
System memory in use before: 173.0 MB.
System memory in use after: 173.1 MB.

Unloading 28 unused Assets to reduce memory usage. Loaded Objects now: 2527.
Total: 2.396017 ms (FindLiveObjects: 0.222193 ms CreateObjectMapping: 0.074846 ms MarkObjects: 2.028894 ms  DeleteObjects: 0.069002 ms)

========================================================================
Received Import Request.
  path: Assets/Sprites/TileMap/granite_top.asset
  artifactKey: Guid(ac20d7a23737bfd4797cb291f340a54b) Importer(815301076,1909f56bfc062723c751e8b465ee728b)
Start importing Assets/Sprites/TileMap/granite_top.asset using Guid(ac20d7a23737bfd4797cb291f340a54b) Importer(815301076,1909f56bfc062723c751e8b465ee728b)  -> (artifact id: '8e4943e7da9d15be52dec79d5505c238') in 1.034879 seconds
  Import took 1.039760 seconds .

========================================================================
Received Import Request.
  Time since last request: 0.000344 seconds.
  path: Assets/Sprites/TileMap/fence_right.asset
  artifactKey: Guid(0766581947774ef49847f75e00187012) Importer(815301076,1909f56bfc062723c751e8b465ee728b)
Start importing Assets/Sprites/TileMap/fence_right.asset using Guid(0766581947774ef49847f75e00187012) Importer(815301076,1909f56bfc062723c751e8b465ee728b)  -> (artifact id: 'f5e8d3b69e19578d26082ac0ef006de0') in 0.009468 seconds
  Import took 0.014368 seconds .

========================================================================
Received Import Request.
  Time since last request: 0.000254 seconds.
  path: Assets/Sprites/TileMap/grass_center1.asset
  artifactKey: Guid(6aa5205806da41a4997b5ad07263e910) Importer(815301076,1909f56bfc062723c751e8b465ee728b)
Start importing Assets/Sprites/TileMap/grass_center1.asset using Guid(6aa5205806da41a4997b5ad07263e910) Importer(815301076,1909f56bfc062723c751e8b465ee728b)  -> (artifact id: 'ff00f28a294048898373a4de67ab99af') in 0.005327 seconds
  Import took 0.008651 seconds .

========================================================================
Received Import Request.
  Time since last request: 0.000204 seconds.
  path: Assets/Sprites/TileMap/roots3.asset
  artifactKey: Guid(d474e5ed04892414a845999e6b71c0fa) Importer(815301076,1909f56bfc062723c751e8b465ee728b)
Start importing Assets/Sprites/TileMap/roots3.asset using Guid(d474e5ed04892414a845999e6b71c0fa) Importer(815301076,1909f56bfc062723c751e8b465ee728b)  -> (artifact id: 'a8a0d0b65a5af8610d6e6609bbd7a097') in 0.004868 seconds
  Import took 0.008630 seconds .

========================================================================
Received Import Request.
  Time since last request: 0.000215 seconds.
  path: Assets/Sprites/TileMap/granite_greentop_center.asset
  artifactKey: Guid(ea26596ff11a0e74d932087038febab3) Importer(815301076,1909f56bfc062723c751e8b465ee728b)
Start importing Assets/Sprites/TileMap/granite_greentop_center.asset using Guid(ea26596ff11a0e74d932087038febab3) Importer(815301076,1909f56bfc062723c751e8b465ee728b)  -> (artifact id: '22f60d587814fef6cfba99d2832504fd') in 0.005063 seconds
  Import took 0.008771 seconds .

========================================================================
Received Import Request.
  Time since last request: 0.000185 seconds.
  path: Assets/Sprites/TileMap/granite_topright.asset
  artifactKey: Guid(d8300ba130adbc34fa6e71bd690317e2) Importer(815301076,1909f56bfc062723c751e8b465ee728b)
Start importing Assets/Sprites/TileMap/granite_topright.asset using Guid(d8300ba130adbc34fa6e71bd690317e2) Importer(815301076,1909f56bfc062723c751e8b465ee728b)  -> (artifact id: '3aafcf9d496fef5147f6716e854009f7') in 0.004700 seconds
  Import took 0.007944 seconds .

========================================================================
Received Import Request.
  Time since last request: 0.000220 seconds.
  path: Assets/Sprites/TileMap/water_center.asset
  artifactKey: Guid(a88e42ab0bd5d074bb796e212b7ca6b9) Importer(815301076,1909f56bfc062723c751e8b465ee728b)
Start importing Assets/Sprites/TileMap/water_center.asset using Guid(a88e42ab0bd5d074bb796e212b7ca6b9) Importer(815301076,1909f56bfc062723c751e8b465ee728b)  -> (artifact id: '12df4377030a2d9d67bb8fe892ace264') in 0.004829 seconds
  Import took 0.008454 seconds .

========================================================================
Received Import Request.
  Time since last request: 0.000195 seconds.
  path: Assets/Sprites/TileMap/grass_bottomleft_inward.asset
  artifactKey: Guid(bdf0692fffe63d345acfb041c63f4504) Importer(815301076,1909f56bfc062723c751e8b465ee728b)
Start importing Assets/Sprites/TileMap/grass_bottomleft_inward.asset using Guid(bdf0692fffe63d345acfb041c63f4504) Importer(815301076,1909f56bfc062723c751e8b465ee728b)  -> (artifact id: 'be4fbd04b166b2330c29defff1251eec') in 0.005032 seconds
  Import took 0.008002 seconds .

========================================================================
Received Import Request.
  Time since last request: 0.000181 seconds.
  path: Assets/Sprites/TileMap/prop_flowers5.asset
  artifactKey: Guid(07b96fc2102f229429aab047b4b2830d) Importer(815301076,1909f56bfc062723c751e8b465ee728b)
Start importing Assets/Sprites/TileMap/prop_flowers5.asset using Guid(07b96fc2102f229429aab047b4b2830d) Importer(815301076,1909f56bfc062723c751e8b465ee728b)  -> (artifact id: '19a237410d5f1ae85736ae96caca850d') in 0.004999 seconds
  Import took 0.008184 seconds .

========================================================================
Received Import Request.
  Time since last request: 0.000248 seconds.
  path: Assets/Sprites/TileMap/sandstone_greentop_rightup.asset
  artifactKey: Guid(f50681063feedbb44a234967dc02356a) Importer(815301076,1909f56bfc062723c751e8b465ee728b)
Start importing Assets/Sprites/TileMap/sandstone_greentop_rightup.asset using Guid(f50681063feedbb44a234967dc02356a) Importer(815301076,1909f56bfc062723c751e8b465ee728b)  -> (artifact id: '0e51576162c31fbaf62f85be23ccce60') in 0.005568 seconds
  Import took 0.008641 seconds .

========================================================================
Received Import Request.
  Time since last request: 0.000214 seconds.
  path: Assets/Sprites/TileMap/granite_topleft.asset
  artifactKey: Guid(e7c2365238bfd76439998773ec5dfb6f) Importer(815301076,1909f56bfc062723c751e8b465ee728b)
Start importing Assets/Sprites/TileMap/granite_topleft.asset using Guid(e7c2365238bfd76439998773ec5dfb6f) Importer(815301076,1909f56bfc062723c751e8b465ee728b)  -> (artifact id: '78d44c666c8005d5f81e15a9c6c72930') in 0.005162 seconds
  Import took 0.008742 seconds .

========================================================================
Received Import Request.
  Time since last request: 0.000226 seconds.
  path: Assets/Sprites/TileMap/grass_bottomright_inward.asset
  artifactKey: Guid(d8ded134a2949a44080edbbcd6b87089) Importer(815301076,1909f56bfc062723c751e8b465ee728b)
Start importing Assets/Sprites/TileMap/grass_bottomright_inward.asset using Guid(d8ded134a2949a44080edbbcd6b87089) Importer(815301076,1909f56bfc062723c751e8b465ee728b)  -> (artifact id: 'e2ae199419b40efddb89e9477615d70b') in 0.005548 seconds
  Import took 0.009219 seconds .

========================================================================
Received Import Request.
  Time since last request: 0.000217 seconds.
  path: Assets/Sprites/TileMap/prop_rock2.asset
  artifactKey: Guid(8b8e59ce6690e2a4e84001e411c3d15d) Importer(815301076,1909f56bfc062723c751e8b465ee728b)
Start importing Assets/Sprites/TileMap/prop_rock2.asset using Guid(8b8e59ce6690e2a4e84001e411c3d15d) Importer(815301076,1909f56bfc062723c751e8b465ee728b)  -> (artifact id: '3893e90aeb14d519f7960a1ef36a29c3') in 0.005524 seconds
  Import took 0.009203 seconds .

========================================================================
Received Import Request.
  Time since last request: 0.000224 seconds.
  path: Assets/Sprites/TileMap/prop_flowers2.asset
  artifactKey: Guid(2df2b314ee6446a448bfac65d33fcac0) Importer(815301076,1909f56bfc062723c751e8b465ee728b)
Start importing Assets/Sprites/TileMap/prop_flowers2.asset using Guid(2df2b314ee6446a448bfac65d33fcac0) Importer(815301076,1909f56bfc062723c751e8b465ee728b)  -> (artifact id: '0e8218747b5e2a5a2217863ce50913b4') in 0.005348 seconds
  Import took 0.008713 seconds .

========================================================================
Received Import Request.
  Time since last request: 0.000195 seconds.
  path: Assets/Sprites/TileMap/sandstone_greentop_center.asset
  artifactKey: Guid(976ad7cf0ee371545be7a99520241cd4) Importer(815301076,1909f56bfc062723c751e8b465ee728b)
Start importing Assets/Sprites/TileMap/sandstone_greentop_center.asset using Guid(976ad7cf0ee371545be7a99520241cd4) Importer(815301076,1909f56bfc062723c751e8b465ee728b)  -> (artifact id: 'b48a4a6d86d0c50f0ebd9108dab82bcb') in 0.005429 seconds
  Import took 0.009422 seconds .

========================================================================
Received Import Request.
  Time since last request: 0.000202 seconds.
  path: Assets/Sprites/TileMap/chest_open_empty.asset
  artifactKey: Guid(69af1aa253f399c4aac91740d61cba4d) Importer(815301076,1909f56bfc062723c751e8b465ee728b)
Start importing Assets/Sprites/TileMap/chest_open_empty.asset using Guid(69af1aa253f399c4aac91740d61cba4d) Importer(815301076,1909f56bfc062723c751e8b465ee728b)  -> (artifact id: '0b56f208ba658f1de3a36f3e1eea2978') in 0.006441 seconds
  Import took 0.015640 seconds .

========================================================================
Received Import Request.
  Time since last request: 0.000219 seconds.
  path: Assets/Sprites/TileMap/granite_pillar_top.asset
  artifactKey: Guid(dbbccf07a80d80f4fa37701a7a2e087d) Importer(815301076,1909f56bfc062723c751e8b465ee728b)
Start importing Assets/Sprites/TileMap/granite_pillar_top.asset using Guid(dbbccf07a80d80f4fa37701a7a2e087d) Importer(815301076,1909f56bfc062723c751e8b465ee728b)  -> (artifact id: '72af92595b5ece0ac8d58d0be57197cc') in 0.008122 seconds
  Import took 0.012108 seconds .

========================================================================
Received Import Request.
  Time since last request: 0.000218 seconds.
  path: Assets/Sprites/TileMap/ladder_bottom.asset
  artifactKey: Guid(ad47b375bd70c26489fa9cd6d11a4619) Importer(815301076,1909f56bfc062723c751e8b465ee728b)
Start importing Assets/Sprites/TileMap/ladder_bottom.asset using Guid(ad47b375bd70c26489fa9cd6d11a4619) Importer(815301076,1909f56bfc062723c751e8b465ee728b)  -> (artifact id: '90927dbc3a4ecd16b7bf32365b9a8720') in 0.006263 seconds
  Import took 0.010019 seconds .

========================================================================
Received Import Request.
  Time since last request: 0.000179 seconds.
  path: Assets/Sprites/TileMap/sign3.asset
  artifactKey: Guid(c2b870a2420c6844c8b4a5062d742ca0) Importer(815301076,1909f56bfc062723c751e8b465ee728b)
Start importing Assets/Sprites/TileMap/sign3.asset using Guid(c2b870a2420c6844c8b4a5062d742ca0) Importer(815301076,1909f56bfc062723c751e8b465ee728b)  -> (artifact id: 'eaf026d9946093985e3d7c7a0030e2c7') in 0.005005 seconds
  Import took 0.008896 seconds .

========================================================================
Received Import Request.
  Time since last request: 0.000205 seconds.
  path: Assets/Sprites/TileMap/grass_center2.asset
  artifactKey: Guid(b6b0cc973fbe0d142baa227d860a2da2) Importer(815301076,1909f56bfc062723c751e8b465ee728b)
Start importing Assets/Sprites/TileMap/grass_center2.asset using Guid(b6b0cc973fbe0d142baa227d860a2da2) Importer(815301076,1909f56bfc062723c751e8b465ee728b)  -> (artifact id: 'd9466e9e59118814482a9b81ff03dfd5') in 0.004995 seconds
  Import took 0.008639 seconds .

========================================================================
Received Import Request.
  Time since last request: 0.000185 seconds.
  path: Assets/Sprites/TileMap
  artifactKey: Guid(3f75cfcd4375b974ea81659f430cd690) Importer(815301076,1909f56bfc062723c751e8b465ee728b)
Start importing Assets/Sprites/TileMap using Guid(3f75cfcd4375b974ea81659f430cd690) Importer(815301076,1909f56bfc062723c751e8b465ee728b)  -> (artifact id: '4852dbdeec99b825213fc4f48f461335') in 0.000860 seconds
  Import took 0.003425 seconds .

========================================================================
Received Import Request.
  Time since last request: 0.000147 seconds.
  path: Assets/Sprites/TileMap/sandstone_pillar_top.asset
  artifactKey: Guid(a9f8747511d5cde4db406480dadb8963) Importer(815301076,1909f56bfc062723c751e8b465ee728b)
Start importing Assets/Sprites/TileMap/sandstone_pillar_top.asset using Guid(a9f8747511d5cde4db406480dadb8963) Importer(815301076,1909f56bfc062723c751e8b465ee728b)  -> (artifact id: '2b29638dcf79b97c5cbce59e4f167cb3') in 0.007321 seconds
  Import took 0.010598 seconds .

========================================================================
Received Import Request.
  Time since last request: 0.000178 seconds.
  path: Assets/Sprites/TileMap/prop_flowers4.asset
  artifactKey: Guid(4dcd6714729eb064695b09eba72d8027) Importer(815301076,1909f56bfc062723c751e8b465ee728b)
Start importing Assets/Sprites/TileMap/prop_flowers4.asset using Guid(4dcd6714729eb064695b09eba72d8027) Importer(815301076,1909f56bfc062723c751e8b465ee728b)  -> (artifact id: '5be0a43a9e3e782fb220d044b5c03574') in 0.004880 seconds
  Import took 0.008196 seconds .

========================================================================
Received Import Request.
  Time since last request: 0.000169 seconds.
  path: Assets/Sprites/TileMap/grass_topleft.asset
  artifactKey: Guid(5140053765130f84f97758e19477b05c) Importer(815301076,1909f56bfc062723c751e8b465ee728b)
Start importing Assets/Sprites/TileMap/grass_topleft.asset using Guid(5140053765130f84f97758e19477b05c) Importer(815301076,1909f56bfc062723c751e8b465ee728b)  -> (artifact id: '196dc0a3353d1294e25cb49b52c7185b') in 0.004884 seconds
  Import took 0.007803 seconds .

========================================================================
Received Import Request.
  Time since last request: 0.000171 seconds.
  path: Assets/Sprites/TileMap/grass_bottom.asset
  artifactKey: Guid(a6f3ffffe09bde341993ca8a5e604053) Importer(815301076,1909f56bfc062723c751e8b465ee728b)
Start importing Assets/Sprites/TileMap/grass_bottom.asset using Guid(a6f3ffffe09bde341993ca8a5e604053) Importer(815301076,1909f56bfc062723c751e8b465ee728b)  -> (artifact id: '1ef96f40758a208fef27464b9e7fc914') in 0.004791 seconds
  Import took 0.007624 seconds .

========================================================================
Received Import Request.
  Time since last request: 0.000244 seconds.
  path: Assets/Sprites/TileMap/sandstone_wallright.asset
  artifactKey: Guid(2e46a0189d6697848b9cc95f98f4ef22) Importer(815301076,1909f56bfc062723c751e8b465ee728b)
Start importing Assets/Sprites/TileMap/sandstone_wallright.asset using Guid(2e46a0189d6697848b9cc95f98f4ef22) Importer(815301076,1909f56bfc062723c751e8b465ee728b)  -> (artifact id: '12fb945b537d228b7e14e2d6728a92d3') in 0.004949 seconds
  Import took 0.007974 seconds .

========================================================================
Received Import Request.
  Time since last request: 0.000183 seconds.
  path: Assets/Sprites/TileMap/fence_light_left.asset
  artifactKey: Guid(c05f280e236fc024e83135337840fca1) Importer(815301076,1909f56bfc062723c751e8b465ee728b)
Start importing Assets/Sprites/TileMap/fence_light_left.asset using Guid(c05f280e236fc024e83135337840fca1) Importer(815301076,1909f56bfc062723c751e8b465ee728b)  -> (artifact id: '8f799abf58551f9aa8ea05360724a495') in 0.004831 seconds
  Import took 0.008130 seconds .

========================================================================
Received Import Request.
  Time since last request: 0.000202 seconds.
  path: Assets/Sprites/TileMap/sandstone_greentop_topright.asset
  artifactKey: Guid(c6ca473b17bea8049b9a42cc493a1420) Importer(815301076,1909f56bfc062723c751e8b465ee728b)
Start importing Assets/Sprites/TileMap/sandstone_greentop_topright.asset using Guid(c6ca473b17bea8049b9a42cc493a1420) Importer(815301076,1909f56bfc062723c751e8b465ee728b)  -> (artifact id: 'fcf5cd53406db813fcc9a15f1609cb05') in 0.005089 seconds
  Import took 0.008144 seconds .

========================================================================
Received Import Request.
  Time since last request: 0.000202 seconds.
  path: Assets/Sprites/TileMap/granite_greentop_topleft.asset
  artifactKey: Guid(df1b9d65ab0b56148a10dd0acb075d8d) Importer(815301076,1909f56bfc062723c751e8b465ee728b)
Start importing Assets/Sprites/TileMap/granite_greentop_topleft.asset using Guid(df1b9d65ab0b56148a10dd0acb075d8d) Importer(815301076,1909f56bfc062723c751e8b465ee728b)  -> (artifact id: '829b8c0ae7133116d5586233a66bb57a') in 0.005566 seconds
  Import took 0.008623 seconds .

========================================================================
Received Import Request.
  Time since last request: 0.000195 seconds.
  path: Assets/Sprites/TileMap/chest_open_full.asset
  artifactKey: Guid(9b1372556e2dfd741ac4ad5757965246) Importer(815301076,1909f56bfc062723c751e8b465ee728b)
Start importing Assets/Sprites/TileMap/chest_open_full.asset using Guid(9b1372556e2dfd741ac4ad5757965246) Importer(815301076,1909f56bfc062723c751e8b465ee728b)  -> (artifact id: '9e3352d4a49fd08841243989af05deaf') in 0.005030 seconds
  Import took 0.008402 seconds .

========================================================================
Received Import Request.
  Time since last request: 0.000195 seconds.
  path: Assets/Sprites/TileMap/sandstone_greentop_topleft.asset
  artifactKey: Guid(ead24f254b36e5e49bfecafaa673b3df) Importer(815301076,1909f56bfc062723c751e8b465ee728b)
Start importing Assets/Sprites/TileMap/sandstone_greentop_topleft.asset using Guid(ead24f254b36e5e49bfecafaa673b3df) Importer(815301076,1909f56bfc062723c751e8b465ee728b)  -> (artifact id: '6f00ae7f3c09686acabf79b37e7f1c80') in 0.005167 seconds
  Import took 0.008414 seconds .

========================================================================
Received Import Request.
  Time since last request: 0.000192 seconds.
  path: Assets/Sprites/TileMap/grass_wallright.asset
  artifactKey: Guid(2b7658e7945c9df4f8f6bb7a39abe638) Importer(815301076,1909f56bfc062723c751e8b465ee728b)
Start importing Assets/Sprites/TileMap/grass_wallright.asset using Guid(2b7658e7945c9df4f8f6bb7a39abe638) Importer(815301076,1909f56bfc062723c751e8b465ee728b)  -> (artifact id: 'd8e8b5d3828718af1a802ac33c9d80b5') in 0.005163 seconds
  Import took 0.008945 seconds .

========================================================================
Received Import Request.
  Time since last request: 0.000196 seconds.
  path: Assets/Sprites/TileMap/WorldPalette.prefab
  artifactKey: Guid(53db952151e86f949bb29fd515949a68) Importer(815301076,1909f56bfc062723c751e8b465ee728b)
Start importing Assets/Sprites/TileMap/WorldPalette.prefab using Guid(53db952151e86f949bb29fd515949a68) Importer(815301076,1909f56bfc062723c751e8b465ee728b)  -> (artifact id: '134992f14394f0ba23fbbf5f1e1c71e8') in 0.389487 seconds
  Import took 0.392719 seconds .

========================================================================
Received Import Request.
  Time since last request: 0.000281 seconds.
  path: Assets/Sprites/TileMap/granite_greentop_leftup.asset
  artifactKey: Guid(8e138f7eb66f48844944ea56b7eb3af7) Importer(815301076,1909f56bfc062723c751e8b465ee728b)
Start importing Assets/Sprites/TileMap/granite_greentop_leftup.asset using Guid(8e138f7eb66f48844944ea56b7eb3af7) Importer(815301076,1909f56bfc062723c751e8b465ee728b)  -> (artifact id: '5013a4fb0c46a8402374b2d7530fb01c') in 0.007047 seconds
  Import took 0.010817 seconds .

========================================================================
Received Import Request.
  Time since last request: 0.000193 seconds.
  path: Assets/Sprites/TileMap/fence_light_center.asset
  artifactKey: Guid(d2edc77f320269b4a955e36d0d99e999) Importer(815301076,1909f56bfc062723c751e8b465ee728b)
Start importing Assets/Sprites/TileMap/fence_light_center.asset using Guid(d2edc77f320269b4a955e36d0d99e999) Importer(815301076,1909f56bfc062723c751e8b465ee728b)  -> (artifact id: '76eb6f97a0cb24ecc872dd671dfc8eb5') in 0.006366 seconds
  Import took 0.009363 seconds .

========================================================================
Received Import Request.
  Time since last request: 0.000197 seconds.
  path: Assets/Sprites/TileMap/box.asset
  artifactKey: Guid(5510aa000b9449f4ca74062770ad71fc) Importer(815301076,1909f56bfc062723c751e8b465ee728b)
Start importing Assets/Sprites/TileMap/box.asset using Guid(5510aa000b9449f4ca74062770ad71fc) Importer(815301076,1909f56bfc062723c751e8b465ee728b)  -> (artifact id: 'c3c4f78647d4fbb7755df8035de9f2f0') in 0.006042 seconds
  Import took 0.009062 seconds .

========================================================================
Received Import Request.
  Time since last request: 0.000216 seconds.
  path: Assets/Sprites/coin.png
  artifactKey: Guid(432c6e909b3b0f14e97e3ce4ab2b55f5) Importer(815301076,1909f56bfc062723c751e8b465ee728b)
Start importing Assets/Sprites/coin.png using Guid(432c6e909b3b0f14e97e3ce4ab2b55f5) Importer(815301076,1909f56bfc062723c751e8b465ee728b)  -> (artifact id: '027f1827e081bbafc08f5c775c28df45') in 0.838865 seconds
  Import took 0.842396 seconds .

========================================================================
Received Import Request.
  Time since last request: 0.000217 seconds.
  path: Assets/Sprites/TileMap/fence_light_right.asset
  artifactKey: Guid(18e0696e25bdc704bafe6e0505a489b7) Importer(815301076,1909f56bfc062723c751e8b465ee728b)
Start importing Assets/Sprites/TileMap/fence_light_right.asset using Guid(18e0696e25bdc704bafe6e0505a489b7) Importer(815301076,1909f56bfc062723c751e8b465ee728b)  -> (artifact id: 'e233f8f6f2ac5ac8df5c998a791f8c9c') in 0.007345 seconds
  Import took 0.010341 seconds .

========================================================================
Received Import Request.
  Time since last request: 0.000198 seconds.
  path: Assets/Sprites/TileMap/grass_top.asset
  artifactKey: Guid(a6a893827da2f204d974dce7d23462d4) Importer(815301076,1909f56bfc062723c751e8b465ee728b)
Start importing Assets/Sprites/TileMap/grass_top.asset using Guid(a6a893827da2f204d974dce7d23462d4) Importer(815301076,1909f56bfc062723c751e8b465ee728b)  -> (artifact id: 'de79fd059205a3cc3d12794223425c85') in 0.004881 seconds
  Import took 0.008428 seconds .

========================================================================
Received Import Request.
  Time since last request: 0.000257 seconds.
  path: Assets/Sprites/TileMap/sign2.asset
  artifactKey: Guid(d0abe0e4f4fe05c4ab09fa1fee19f68d) Importer(815301076,1909f56bfc062723c751e8b465ee728b)
Start importing Assets/Sprites/TileMap/sign2.asset using Guid(d0abe0e4f4fe05c4ab09fa1fee19f68d) Importer(815301076,1909f56bfc062723c751e8b465ee728b)  -> (artifact id: 'e45505167ab7c805b90784f27694843d') in 0.008418 seconds
  Import took 0.012360 seconds .

========================================================================
Received Import Request.
  Time since last request: 0.000196 seconds.
  path: Assets/Sprites/TileMap/granite_greentop_rightup.asset
  artifactKey: Guid(4f60f8a2be6bc074bb60856757127fcd) Importer(815301076,1909f56bfc062723c751e8b465ee728b)
Start importing Assets/Sprites/TileMap/granite_greentop_rightup.asset using Guid(4f60f8a2be6bc074bb60856757127fcd) Importer(815301076,1909f56bfc062723c751e8b465ee728b)  -> (artifact id: '73ddfb1498ea3c2eaacf339e58fcba95') in 0.007945 seconds
  Import took 0.011138 seconds .

========================================================================
Received Import Request.
  Time since last request: 0.000225 seconds.
  path: Assets/Sprites/TileMap/sandstone_topleft.asset
  artifactKey: Guid(dd54485aa057c4f4bb1415affb6591a5) Importer(815301076,1909f56bfc062723c751e8b465ee728b)
Start importing Assets/Sprites/TileMap/sandstone_topleft.asset using Guid(dd54485aa057c4f4bb1415affb6591a5) Importer(815301076,1909f56bfc062723c751e8b465ee728b)  -> (artifact id: '26ab237467727f1f3bcc7b24145285ea') in 0.005429 seconds
  Import took 0.009425 seconds .

========================================================================
Received Import Request.
  Time since last request: 0.000203 seconds.
  path: Assets/Sprites/TileMap/sandstone_center.asset
  artifactKey: Guid(653292eab7a55894ba534d39843edef0) Importer(815301076,1909f56bfc062723c751e8b465ee728b)
Start importing Assets/Sprites/TileMap/sandstone_center.asset using Guid(653292eab7a55894ba534d39843edef0) Importer(815301076,1909f56bfc062723c751e8b465ee728b)  -> (artifact id: 'b4f682fcd1c87ef649a9b192bf8cc126') in 0.005231 seconds
  Import took 0.009264 seconds .

========================================================================
Received Import Request.
  Time since last request: 0.000227 seconds.
  path: Assets/Sprites/TileMap/ladder_center.asset
  artifactKey: Guid(35f2796744adcec4b82be6892489bb2b) Importer(815301076,1909f56bfc062723c751e8b465ee728b)
Start importing Assets/Sprites/TileMap/ladder_center.asset using Guid(35f2796744adcec4b82be6892489bb2b) Importer(815301076,1909f56bfc062723c751e8b465ee728b)  -> (artifact id: '07cf700f5ada3f0c730d84c303925eba') in 0.005573 seconds
  Import took 0.009162 seconds .

========================================================================
Received Import Request.
  Time since last request: 0.000245 seconds.
  path: Assets/Sprites/TileMap/sandstone_center2.asset
  artifactKey: Guid(87b7538ccfe39f54ca1f7b79c408c169) Importer(815301076,1909f56bfc062723c751e8b465ee728b)
Start importing Assets/Sprites/TileMap/sandstone_center2.asset using Guid(87b7538ccfe39f54ca1f7b79c408c169) Importer(815301076,1909f56bfc062723c751e8b465ee728b)  -> (artifact id: 'dfc1c7a23ad085c70f369df96b4059ba') in 0.005200 seconds
  Import took 0.008333 seconds .

========================================================================
Received Import Request.
  Time since last request: 0.000207 seconds.
  path: Assets/Sprites/TileMap/grass_wallleft.asset
  artifactKey: Guid(996ac5f7e8b730146892a8d0352db275) Importer(815301076,1909f56bfc062723c751e8b465ee728b)
Start importing Assets/Sprites/TileMap/grass_wallleft.asset using Guid(996ac5f7e8b730146892a8d0352db275) Importer(815301076,1909f56bfc062723c751e8b465ee728b)  -> (artifact id: 'd8e190b46c4cc9f43a9a8d8b87e655e8') in 0.005621 seconds
  Import took 0.008717 seconds .

========================================================================
Received Import Request.
  Time since last request: 0.000209 seconds.
  path: Assets/Sprites/TileMap/sign1.asset
  artifactKey: Guid(3a44bc5770af40a44b7b4b4fb59852b8) Importer(815301076,1909f56bfc062723c751e8b465ee728b)
Start importing Assets/Sprites/TileMap/sign1.asset using Guid(3a44bc5770af40a44b7b4b4fb59852b8) Importer(815301076,1909f56bfc062723c751e8b465ee728b)  -> (artifact id: '317cfad645946d7ce86923d6090ef2b1') in 0.005069 seconds
  Import took 0.008405 seconds .

========================================================================
Received Import Request.
  Time since last request: 0.000195 seconds.
  path: Assets/Sprites/TileMap/grass_bottomleft.asset
  artifactKey: Guid(ee646174cef4c7e47b566e4acfc1c813) Importer(815301076,1909f56bfc062723c751e8b465ee728b)
Start importing Assets/Sprites/TileMap/grass_bottomleft.asset using Guid(ee646174cef4c7e47b566e4acfc1c813) Importer(815301076,1909f56bfc062723c751e8b465ee728b)  -> (artifact id: 'f1461585b14fc3f3de186d8468b8d15e') in 0.005186 seconds
  Import took 0.008153 seconds .

========================================================================
Received Import Request.
  Time since last request: 0.000206 seconds.
  path: Assets/Sprites/TileMap/prop_flowers3.asset
  artifactKey: Guid(84000e5f7a620174cb8c09b9020ec109) Importer(815301076,1909f56bfc062723c751e8b465ee728b)
Start importing Assets/Sprites/TileMap/prop_flowers3.asset using Guid(84000e5f7a620174cb8c09b9020ec109) Importer(815301076,1909f56bfc062723c751e8b465ee728b)  -> (artifact id: '2d5532ab8c70e9c24e4b8d9018480179') in 0.005068 seconds
  Import took 0.008630 seconds .

========================================================================
Received Import Request.
  Time since last request: 0.000202 seconds.
  path: Assets/Sprites/TileMap/sandstone_top.asset
  artifactKey: Guid(124a6c945960e9d40942361794f201d2) Importer(815301076,1909f56bfc062723c751e8b465ee728b)
Start importing Assets/Sprites/TileMap/sandstone_top.asset using Guid(124a6c945960e9d40942361794f201d2) Importer(815301076,1909f56bfc062723c751e8b465ee728b)  -> (artifact id: 'f2de7654c3fc95b5fb7ec4378bbc252c') in 0.007520 seconds
  Import took 0.011062 seconds .

========================================================================
Received Import Request.
  Time since last request: 0.000245 seconds.
  path: Assets/Sprites/spikes.png
  artifactKey: Guid(8cb508bcadcfad64280395e4b086cc0e) Importer(815301076,1909f56bfc062723c751e8b465ee728b)
Start importing Assets/Sprites/spikes.png using Guid(8cb508bcadcfad64280395e4b086cc0e) Importer(815301076,1909f56bfc062723c751e8b465ee728b)  -> (artifact id: 'f0ae0553e4a7f284910903b88e8106e5') in 0.007690 seconds
  Import took 0.010668 seconds .

========================================================================
Received Import Request.
  Time since last request: 0.000189 seconds.
  path: Assets/Sprites/TileMap/grass_center3.asset
  artifactKey: Guid(88540aaf1e0ac7044be1d5111506cf38) Importer(815301076,1909f56bfc062723c751e8b465ee728b)
Start importing Assets/Sprites/TileMap/grass_center3.asset using Guid(88540aaf1e0ac7044be1d5111506cf38) Importer(815301076,1909f56bfc062723c751e8b465ee728b)  -> (artifact id: '1daf18c4edca5b70564bfb63caaac474') in 0.006113 seconds
  Import took 0.009168 seconds .

========================================================================
Received Import Request.
  Time since last request: 0.000194 seconds.
  path: Assets/Sprites/TileMap/roots1.asset
  artifactKey: Guid(19db747205ace884aaa5b859f801b0c2) Importer(815301076,1909f56bfc062723c751e8b465ee728b)
Start importing Assets/Sprites/TileMap/roots1.asset using Guid(19db747205ace884aaa5b859f801b0c2) Importer(815301076,1909f56bfc062723c751e8b465ee728b)  -> (artifact id: '3055580a6802619781a714cb08e7dc5e') in 0.005900 seconds
  Import took 0.009660 seconds .

========================================================================
Received Import Request.
  Time since last request: 0.000190 seconds.
  path: Assets/Sprites/TileMap/granite_center1.asset
  artifactKey: Guid(e76bf3db569c9814b81dfd162455dc02) Importer(815301076,1909f56bfc062723c751e8b465ee728b)
Start importing Assets/Sprites/TileMap/granite_center1.asset using Guid(e76bf3db569c9814b81dfd162455dc02) Importer(815301076,1909f56bfc062723c751e8b465ee728b)  -> (artifact id: '54d3bbef6c051dcbef3fb83efcc1fead') in 0.004909 seconds
  Import took 0.008689 seconds .

========================================================================
Received Import Request.
  Time since last request: 0.000182 seconds.
  path: Assets/Sprites/TileMap/water_top.asset
  artifactKey: Guid(f1ec71774968aab4b96af3fc9956c119) Importer(815301076,1909f56bfc062723c751e8b465ee728b)
Start importing Assets/Sprites/TileMap/water_top.asset using Guid(f1ec71774968aab4b96af3fc9956c119) Importer(815301076,1909f56bfc062723c751e8b465ee728b)  -> (artifact id: '10328cc1151c16d5fe46edbb3e645f60') in 0.005054 seconds
  Import took 0.008335 seconds .

========================================================================
Received Import Request.
  Time since last request: 0.000177 seconds.
  path: Assets/Sprites/TileMap/prop_flowers1.asset
  artifactKey: Guid(7c872ee4cbc75e64da234829a25fd40b) Importer(815301076,1909f56bfc062723c751e8b465ee728b)
Start importing Assets/Sprites/TileMap/prop_flowers1.asset using Guid(7c872ee4cbc75e64da234829a25fd40b) Importer(815301076,1909f56bfc062723c751e8b465ee728b)  -> (artifact id: 'e3aaec330f0161871dfd026a2427a1c6') in 0.005038 seconds
  Import took 0.008454 seconds .

========================================================================
Received Import Request.
  Time since last request: 0.000203 seconds.
  path: Assets/Sprites/characters.png
  artifactKey: Guid(8db75531852f167448ec99cdf7152fb4) Importer(815301076,1909f56bfc062723c751e8b465ee728b)
Start importing Assets/Sprites/characters.png using Guid(8db75531852f167448ec99cdf7152fb4) Importer(815301076,1909f56bfc062723c751e8b465ee728b)  -> (artifact id: 'bf5f0137579d8369456ed3429508ab02') in 0.034685 seconds
  Import took 0.037856 seconds .

========================================================================
Received Import Request.
  Time since last request: 0.000227 seconds.
  path: Assets/Sprites/TileMap/grass_bottomright.asset
  artifactKey: Guid(2ccac9c3ba1c15646a95b386f06bf9c0) Importer(815301076,1909f56bfc062723c751e8b465ee728b)
Start importing Assets/Sprites/TileMap/grass_bottomright.asset using Guid(2ccac9c3ba1c15646a95b386f06bf9c0) Importer(815301076,1909f56bfc062723c751e8b465ee728b)  -> (artifact id: '2511b7a808910ba8849781f2822b89be') in 0.005177 seconds
  Import took 0.008882 seconds .

========================================================================
Received Import Request.
  Time since last request: 0.000184 seconds.
  path: Assets/Sprites/TileMap/roots2.asset
  artifactKey: Guid(f68121caa0e04a042be6f92e03402d51) Importer(815301076,1909f56bfc062723c751e8b465ee728b)
Start importing Assets/Sprites/TileMap/roots2.asset using Guid(f68121caa0e04a042be6f92e03402d51) Importer(815301076,1909f56bfc062723c751e8b465ee728b)  -> (artifact id: '1e6d39b73aff105877950087169f0958') in 0.005138 seconds
  Import took 0.008802 seconds .

========================================================================
Received Import Request.
  Time since last request: 0.000184 seconds.
  path: Assets/Sprites/TileMap/granite_wallleft.asset
  artifactKey: Guid(991757224dba8824197cd0b30429382c) Importer(815301076,1909f56bfc062723c751e8b465ee728b)
Start importing Assets/Sprites/TileMap/granite_wallleft.asset using Guid(991757224dba8824197cd0b30429382c) Importer(815301076,1909f56bfc062723c751e8b465ee728b)  -> (artifact id: 'baf82fa7345f44ad71a95026e325fa52') in 0.006554 seconds
  Import took 0.010074 seconds .

========================================================================
Received Import Request.
  Time since last request: 0.000204 seconds.
  path: Assets/Sprites/TileMap/sandstone_greentop_leftup.asset
  artifactKey: Guid(f5900a78554569a47ac5cdc87bac1279) Importer(815301076,1909f56bfc062723c751e8b465ee728b)
Start importing Assets/Sprites/TileMap/sandstone_greentop_leftup.asset using Guid(f5900a78554569a47ac5cdc87bac1279) Importer(815301076,1909f56bfc062723c751e8b465ee728b)  -> (artifact id: 'fd84fe34a55bfe8f3037c7baeb0bece3') in 0.005503 seconds
  Import took 0.008751 seconds .

========================================================================
Received Import Request.
  Time since last request: 0.000253 seconds.
  path: Assets/Sprites/TileMap/fence_left.asset
  artifactKey: Guid(76e59a713bbbb1049bb1c87d6f27fd35) Importer(815301076,1909f56bfc062723c751e8b465ee728b)
Start importing Assets/Sprites/TileMap/fence_left.asset using Guid(76e59a713bbbb1049bb1c87d6f27fd35) Importer(815301076,1909f56bfc062723c751e8b465ee728b)  -> (artifact id: '34f46d72cd7db6c6bef8025b07947570') in 0.005733 seconds
  Import took 0.009432 seconds .

========================================================================
Received Import Request.
  Time since last request: 0.000248 seconds.
  path: Assets/Sprites/TileMap/sandstone_topright.asset
  artifactKey: Guid(d737ad343b12afd4d81bece57c0a4832) Importer(815301076,1909f56bfc062723c751e8b465ee728b)
Start importing Assets/Sprites/TileMap/sandstone_topright.asset using Guid(d737ad343b12afd4d81bece57c0a4832) Importer(815301076,1909f56bfc062723c751e8b465ee728b)  -> (artifact id: '8b6efe3a0c3ecc9ced70e07695afa664') in 0.006453 seconds
  Import took 0.010907 seconds .

========================================================================
Received Import Request.
  Time since last request: 0.000219 seconds.
  path: Assets/Sprites/TileMap/sandstone_wallleft.asset
  artifactKey: Guid(ab8551c67ea058848a5f43880b2b93cc) Importer(815301076,1909f56bfc062723c751e8b465ee728b)
Start importing Assets/Sprites/TileMap/sandstone_wallleft.asset using Guid(ab8551c67ea058848a5f43880b2b93cc) Importer(815301076,1909f56bfc062723c751e8b465ee728b)  -> (artifact id: 'bef476cc9fa8266f8c470bd4b7741b8d') in 0.005632 seconds
  Import took 0.009207 seconds .

========================================================================
Received Import Request.
  Time since last request: 0.000215 seconds.
  path: Assets/Sprites/TileMap/sign4.asset
  artifactKey: Guid(438d81bcb688d99448facc910dae7016) Importer(815301076,1909f56bfc062723c751e8b465ee728b)
Start importing Assets/Sprites/TileMap/sign4.asset using Guid(438d81bcb688d99448facc910dae7016) Importer(815301076,1909f56bfc062723c751e8b465ee728b)  -> (artifact id: '2c11253287a9acee363305472c4e5a17') in 0.005896 seconds
  Import took 0.009149 seconds .

========================================================================
Received Import Request.
  Time since last request: 0.000209 seconds.
  path: Assets/Sprites/TileMap/sign6.asset
  artifactKey: Guid(fed84f65f50cd1e4fad33cf1560923b9) Importer(815301076,1909f56bfc062723c751e8b465ee728b)
Start importing Assets/Sprites/TileMap/sign6.asset using Guid(fed84f65f50cd1e4fad33cf1560923b9) Importer(815301076,1909f56bfc062723c751e8b465ee728b)  -> (artifact id: '37952728c1411df433bd2d4117bd2c36') in 0.005467 seconds
  Import took 0.008582 seconds .

========================================================================
Received Import Request.
  Time since last request: 0.000203 seconds.
  path: Assets/Sprites/doorway.png
  artifactKey: Guid(0c083a68190a4a6438d3515b29b7f22a) Importer(815301076,1909f56bfc062723c751e8b465ee728b)
Start importing Assets/Sprites/doorway.png using Guid(0c083a68190a4a6438d3515b29b7f22a) Importer(815301076,1909f56bfc062723c751e8b465ee728b)  -> (artifact id: '0f0e492fad65f6d70414869997ed6275') in 0.007098 seconds
  Import took 0.010041 seconds .

========================================================================
Received Import Request.
  Time since last request: 0.000213 seconds.
  path: Assets/Sprites/TileMap/granite_greentop_topright.asset
  artifactKey: Guid(c000c303beb8e71419eaca81172b225c) Importer(815301076,1909f56bfc062723c751e8b465ee728b)
Start importing Assets/Sprites/TileMap/granite_greentop_topright.asset using Guid(c000c303beb8e71419eaca81172b225c) Importer(815301076,1909f56bfc062723c751e8b465ee728b)  -> (artifact id: 'd7ef71d7070ef560470d53aa0dcd7b5c') in 0.005776 seconds
  Import took 0.008930 seconds .

========================================================================
Received Import Request.
  Time since last request: 0.000180 seconds.
  path: Assets/Sprites/TileMap/grass_topleft_inward.asset
  artifactKey: Guid(b6bb9021af2f9f04db4767cfe48828d4) Importer(815301076,1909f56bfc062723c751e8b465ee728b)
Start importing Assets/Sprites/TileMap/grass_topleft_inward.asset using Guid(b6bb9021af2f9f04db4767cfe48828d4) Importer(815301076,1909f56bfc062723c751e8b465ee728b)  -> (artifact id: '198c74a42359207ec668f45217a7d772') in 0.005270 seconds
  Import took 0.008570 seconds .

========================================================================
Received Import Request.
  Time since last request: 0.000174 seconds.
  path: Assets/Sprites/TileMap/sign5.asset
  artifactKey: Guid(7019bbc753567484eb4eabc52e7fb785) Importer(815301076,1909f56bfc062723c751e8b465ee728b)
Start importing Assets/Sprites/TileMap/sign5.asset using Guid(7019bbc753567484eb4eabc52e7fb785) Importer(815301076,1909f56bfc062723c751e8b465ee728b)  -> (artifact id: 'f216d74767254facae663a873afb5074') in 0.004774 seconds
  Import took 0.007766 seconds .

========================================================================
Received Import Request.
  Time since last request: 0.000228 seconds.
  path: Assets/Sprites/TileMap/ladder_top.asset
  artifactKey: Guid(6181cb8df5a6c10478088f04b1c67691) Importer(815301076,1909f56bfc062723c751e8b465ee728b)
Start importing Assets/Sprites/TileMap/ladder_top.asset using Guid(6181cb8df5a6c10478088f04b1c67691) Importer(815301076,1909f56bfc062723c751e8b465ee728b)  -> (artifact id: '5469edc744f4aefa23981ae0fe66b337') in 0.005854 seconds
  Import took 0.009026 seconds .

========================================================================
Received Import Request.
  Time since last request: 0.000196 seconds.
  path: Assets/Sprites/TileMap/grass_topright.asset
  artifactKey: Guid(28c0e0a67186a1b41990c559f61cd6a3) Importer(815301076,1909f56bfc062723c751e8b465ee728b)
Start importing Assets/Sprites/TileMap/grass_topright.asset using Guid(28c0e0a67186a1b41990c559f61cd6a3) Importer(815301076,1909f56bfc062723c751e8b465ee728b)  -> (artifact id: 'df07d8703f175f17f8bd28b1262bdba5') in 0.004944 seconds
  Import took 0.008052 seconds .

========================================================================
Received Import Request.
  Time since last request: 0.000177 seconds.
  path: Assets/Sprites/TileMap/chest_closed.asset
  artifactKey: Guid(88999c455ae7bea42b65d710c4b7a5b3) Importer(815301076,1909f56bfc062723c751e8b465ee728b)
Start importing Assets/Sprites/TileMap/chest_closed.asset using Guid(88999c455ae7bea42b65d710c4b7a5b3) Importer(815301076,1909f56bfc062723c751e8b465ee728b)  -> (artifact id: '2cb1b652a7b0516522b1c979d65a49c1') in 0.004570 seconds
  Import took 0.007420 seconds .

========================================================================
Received Import Request.
  Time since last request: 0.000183 seconds.
  path: Assets/Sprites/TileMap/prop_rock1.asset
  artifactKey: Guid(8b69db4123c0aee4c8c856908766a290) Importer(815301076,1909f56bfc062723c751e8b465ee728b)
Start importing Assets/Sprites/TileMap/prop_rock1.asset using Guid(8b69db4123c0aee4c8c856908766a290) Importer(815301076,1909f56bfc062723c751e8b465ee728b)  -> (artifact id: 'e9879621a3313821e60bc24830004030') in 0.004720 seconds
  Import took 0.008139 seconds .

========================================================================
Received Import Request.
  Time since last request: 0.000169 seconds.
  path: Assets/Sprites/TileMap/sandstone_pillar_center.asset
  artifactKey: Guid(ab9c186cac631e443845afdb124419c1) Importer(815301076,1909f56bfc062723c751e8b465ee728b)
Start importing Assets/Sprites/TileMap/sandstone_pillar_center.asset using Guid(ab9c186cac631e443845afdb124419c1) Importer(815301076,1909f56bfc062723c751e8b465ee728b)  -> (artifact id: '679b8db48e71d628a58135d26e49fe77') in 0.004997 seconds
  Import took 0.008224 seconds .

========================================================================
Received Import Request.
  Time since last request: 0.000187 seconds.
  path: Assets/Sprites/world.png
  artifactKey: Guid(93b9cec0e9feeb741be4b462c91908bb) Importer(815301076,1909f56bfc062723c751e8b465ee728b)
Start importing Assets/Sprites/world.png using Guid(93b9cec0e9feeb741be4b462c91908bb) Importer(815301076,1909f56bfc062723c751e8b465ee728b)  -> (artifact id: '12d581201d593ff41f53d86d0f93290e') in 0.152514 seconds
  Import took 0.156106 seconds .

========================================================================
Received Import Request.
  Time since last request: 0.000193 seconds.
  path: Assets/Sprites/TileMap/fence_center.asset
  artifactKey: Guid(5b0c7553f44c76c4985d4dcb6c6d6673) Importer(815301076,1909f56bfc062723c751e8b465ee728b)
Start importing Assets/Sprites/TileMap/fence_center.asset using Guid(5b0c7553f44c76c4985d4dcb6c6d6673) Importer(815301076,1909f56bfc062723c751e8b465ee728b)  -> (artifact id: '3e3e0d9ee7bc6e25d2c7f8ed9e2dd716') in 0.005220 seconds
  Import took 0.008663 seconds .

========================================================================
Received Import Request.
  Time since last request: 0.000187 seconds.
  path: Assets/Sprites/TileMap/granite_wallright.asset
  artifactKey: Guid(c1f3c6abd0baf3b49b7f5ab116a73330) Importer(815301076,1909f56bfc062723c751e8b465ee728b)
Start importing Assets/Sprites/TileMap/granite_wallright.asset using Guid(c1f3c6abd0baf3b49b7f5ab116a73330) Importer(815301076,1909f56bfc062723c751e8b465ee728b)  -> (artifact id: 'ec83a8e61b82c4a885547fecf1423e2c') in 0.005483 seconds
  Import took 0.009019 seconds .

========================================================================
Received Import Request.
  Time since last request: 0.000204 seconds.
  path: Assets/Sprites/TileMap/grass_topright_inward.asset
  artifactKey: Guid(14f7001b3e156f143bdb305e78863cbb) Importer(815301076,1909f56bfc062723c751e8b465ee728b)
Start importing Assets/Sprites/TileMap/grass_topright_inward.asset using Guid(14f7001b3e156f143bdb305e78863cbb) Importer(815301076,1909f56bfc062723c751e8b465ee728b)  -> (artifact id: '223c15f456696c628f36884102e6e520') in 0.005056 seconds
  Import took 0.008277 seconds .

========================================================================
Received Import Request.
  Time since last request: 0.000264 seconds.
  path: Assets/Sprites/TileMap/granite_pillar_center.asset
  artifactKey: Guid(f5602799ee6395a458f63c178e4fb519) Importer(815301076,1909f56bfc062723c751e8b465ee728b)
Start importing Assets/Sprites/TileMap/granite_pillar_center.asset using Guid(f5602799ee6395a458f63c178e4fb519) Importer(815301076,1909f56bfc062723c751e8b465ee728b)  -> (artifact id: 'ee2cf9c42acd2dc4fe3aee93ac1f64c8') in 0.005094 seconds
  Import took 0.008757 seconds .

========================================================================
Received Import Request.
  Time since last request: 2.039090 seconds.
  path: Assets/Sprites/TileMap/box.asset
  artifactKey: Guid(5510aa000b9449f4ca74062770ad71fc) Importer(815301076,1909f56bfc062723c751e8b465ee728b)
Start importing Assets/Sprites/TileMap/box.asset using Guid(5510aa000b9449f4ca74062770ad71fc) Importer(815301076,1909f56bfc062723c751e8b465ee728b)  -> (artifact id: 'c3c4f78647d4fbb7755df8035de9f2f0') in 0.006531 seconds
  Import took 0.009848 seconds .

========================================================================
Received Prepare
Registering precompiled user dll's ...
Registered in 0.003422 seconds.
Begin MonoManager ReloadAssembly
Native extension for WindowsStandalone target not found
Native extension for OSXStandalone target not found
Native extension for WebGL target not found
Refreshing native plugins compatible for Editor in 0.40 ms, found 3 plugins.
Preloading 0 native plugins for Editor in 0.00 ms.
Mono: successfully reloaded assembly
- Completed reload, in  1.196 seconds
Platform modules already initialized, skipping
Refreshing native plugins compatible for Editor in 0.56 ms, found 3 plugins.
Preloading 0 native plugins for Editor in 0.00 ms.
Unloading 2079 Unused Serialized files (Serialized files now loaded: 0)
System memory in use before: 189.5 MB.
System memory in use after: 189.7 MB.

Unloading 16 unused Assets to reduce memory usage. Loaded Objects now: 2551.
Total: 1.901987 ms (FindLiveObjects: 0.196721 ms CreateObjectMapping: 0.058823 ms MarkObjects: 1.632055 ms  DeleteObjects: 0.013533 ms)

========================================================================
Received Prepare
Registering precompiled user dll's ...
Registered in 0.002504 seconds.
Begin MonoManager ReloadAssembly
Native extension for WindowsStandalone target not found
Native extension for OSXStandalone target not found
Native extension for WebGL target not found
Refreshing native plugins compatible for Editor in 0.39 ms, found 3 plugins.
Preloading 0 native plugins for Editor in 0.00 ms.
Mono: successfully reloaded assembly
- Completed reload, in  1.102 seconds
Platform modules already initialized, skipping
Refreshing native plugins compatible for Editor in 0.34 ms, found 3 plugins.
Preloading 0 native plugins for Editor in 0.00 ms.
Unloading 2079 Unused Serialized files (Serialized files now loaded: 0)
System memory in use before: 189.8 MB.
System memory in use after: 189.9 MB.

Unloading 16 unused Assets to reduce memory usage. Loaded Objects now: 2555.
Total: 1.790270 ms (FindLiveObjects: 0.175667 ms CreateObjectMapping: 0.061982 ms MarkObjects: 1.539233 ms  DeleteObjects: 0.012770 ms)

========================================================================
Received Prepare
Registering precompiled user dll's ...
Registered in 0.002054 seconds.
Begin MonoManager ReloadAssembly
Native extension for WindowsStandalone target not found
Native extension for OSXStandalone target not found
Native extension for WebGL target not found
Refreshing native plugins compatible for Editor in 0.46 ms, found 3 plugins.
Preloading 0 native plugins for Editor in 0.00 ms.
Mono: successfully reloaded assembly
- Completed reload, in  1.402 seconds
Platform modules already initialized, skipping
Refreshing native plugins compatible for Editor in 0.42 ms, found 3 plugins.
Preloading 0 native plugins for Editor in 0.00 ms.
Unloading 2079 Unused Serialized files (Serialized files now loaded: 0)
System memory in use before: 190.0 MB.
System memory in use after: 190.1 MB.

Unloading 16 unused Assets to reduce memory usage. Loaded Objects now: 2559.
Total: 2.096028 ms (FindLiveObjects: 0.200767 ms CreateObjectMapping: 0.076510 ms MarkObjects: 1.799746 ms  DeleteObjects: 0.017884 ms)

