Using pre-set license

 COMMAND LINE ARGUMENTS:
/Applications/Unity/Hub/Editor/2020.3.10f1/Unity.app/Contents/MacOS/Unity
-adb2
-batchMode
-noUpm
-name
AssetImportWorker0
-projectPath
/Users/benno.lueders/Documents/projects/unity-seriousgames-class/05-leveldesign/2DPlatformerComplete
-logFile
Logs/AssetImportWorker0.log
-srvPort
53130
Successfully changed project path to: /Users/benno.lueders/Documents/projects/unity-seriousgames-class/05-leveldesign/2DPlatformerComplete
/Users/benno.lueders/Documents/projects/unity-seriousgames-class/05-leveldesign/2DPlatformerComplete
Using Asset Import Pipeline V2.
Refreshing native plugins compatible for Editor in 38.23 ms, found 3 plugins.
Preloading 0 native plugins for Editor in 0.00 ms.
Initialize engine version: 2020.3.10f1 (297d780c91bc)
[Subsystems] Discovering subsystems at path /Applications/Unity/Hub/Editor/2020.3.10f1/Unity.app/Contents/Resources/UnitySubsystems
[Subsystems] Discovering subsystems at path /Users/benno.lueders/Documents/projects/unity-seriousgames-class/05-leveldesign/2DPlatformerComplete/Assets
GfxDevice: creating device client; threaded=0
2021-05-31 16:18:38.554 Unity[10444:239213] Color LCD preferred device: Intel(R) UHD Graphics 630 (low power)
2021-05-31 16:18:38.554 Unity[10444:239213] Metal devices available: 2
2021-05-31 16:18:38.554 Unity[10444:239213] 0: AMD Radeon Pro 5300M (high power)
2021-05-31 16:18:38.554 Unity[10444:239213] 1: Intel(R) UHD Graphics 630 (low power)
2021-05-31 16:18:38.554 Unity[10444:239213] Using device AMD Radeon Pro 5300M (high power)
Initializing Metal device caps: AMD Radeon Pro 5300M
Initialize mono
Mono path[0] = '/Applications/Unity/Hub/Editor/2020.3.10f1/Unity.app/Contents/Managed'
Mono path[1] = '/Applications/Unity/Hub/Editor/2020.3.10f1/Unity.app/Contents/MonoBleedingEdge/lib/mono/unityjit'
Mono config path = '/Applications/Unity/Hub/Editor/2020.3.10f1/Unity.app/Contents/MonoBleedingEdge/etc'
Using monoOptions --debugger-agent=transport=dt_socket,embedding=1,server=y,suspend=n,address=127.0.0.1:56444
Begin MonoManager ReloadAssembly
Registering precompiled unity dll's ...
Register platform support module: /Applications/Unity/Hub/Editor/2020.3.10f1/PlaybackEngines/WebGLSupport/UnityEditor.WebGL.Extensions.dll
Register platform support module: /Applications/Unity/Hub/Editor/2020.3.10f1/Unity.app/Contents/PlaybackEngines/MacStandaloneSupport/UnityEditor.OSXStandalone.Extensions.dll
Register platform support module: /Applications/Unity/Hub/Editor/2020.3.10f1/PlaybackEngines/WindowsStandaloneSupport/UnityEditor.WindowsStandalone.Extensions.dll
Registered in 0.000777 seconds.
Native extension for WindowsStandalone target not found
Native extension for OSXStandalone target not found
Native extension for WebGL target not found
Refreshing native plugins compatible for Editor in 37.56 ms, found 3 plugins.
Preloading 0 native plugins for Editor in 0.00 ms.
Mono: successfully reloaded assembly
- Completed reload, in  1.974 seconds
Platform modules already initialized, skipping
Registering precompiled user dll's ...
Registered in 0.002617 seconds.
Begin MonoManager ReloadAssembly
Native extension for WindowsStandalone target not found
Native extension for OSXStandalone target not found
Native extension for WebGL target not found
Refreshing native plugins compatible for Editor in 34.86 ms, found 3 plugins.
Preloading 0 native plugins for Editor in 0.00 ms.
Mono: successfully reloaded assembly
- Completed reload, in  1.164 seconds
Platform modules already initialized, skipping
========================================================================
Worker process is ready to serve import requests
Launching external process: /Applications/Unity/Hub/Editor/2020.3.10f1/Unity.app/Contents/Tools/UnityShaderCompiler
Launched and connected shader compiler UnityShaderCompiler after 0.01 seconds
Refreshing native plugins compatible for Editor in 0.42 ms, found 3 plugins.
Preloading 0 native plugins for Editor in 0.00 ms.
Unloading 2089 Unused Serialized files (Serialized files now loaded: 0)
System memory in use before: 173.0 MB.
System memory in use after: 173.1 MB.

Unloading 28 unused Assets to reduce memory usage. Loaded Objects now: 2527.
Total: 2.386791 ms (FindLiveObjects: 0.205432 ms CreateObjectMapping: 0.066113 ms MarkObjects: 2.048189 ms  DeleteObjects: 0.066174 ms)

========================================================================
Received Import Request.
  path: Assets/Prefabs/SnakeEnemy.prefab
  artifactKey: Guid(23b6e3379a2c3a84a9b53d541e6c7c7e) Importer(815301076,1909f56bfc062723c751e8b465ee728b)
Start importing Assets/Prefabs/SnakeEnemy.prefab using Guid(23b6e3379a2c3a84a9b53d541e6c7c7e) Importer(815301076,1909f56bfc062723c751e8b465ee728b)  -> (artifact id: '922dea7875e5b06dc96ed07b6a6c6f2e') in 0.845437 seconds
  Import took 0.849498 seconds .

========================================================================
Received Import Request.
  Time since last request: 0.000196 seconds.
  path: Assets/Prefabs/spikes.prefab
  artifactKey: Guid(f332e50f35755be42aa13142a3a0939c) Importer(815301076,1909f56bfc062723c751e8b465ee728b)
Start importing Assets/Prefabs/spikes.prefab using Guid(f332e50f35755be42aa13142a3a0939c) Importer(815301076,1909f56bfc062723c751e8b465ee728b)  -> (artifact id: '014d74c5f48e71ecce733e820a4e6fd4') in 0.009414 seconds
  Import took 0.012859 seconds .

========================================================================
Received Import Request.
  Time since last request: 0.000205 seconds.
  path: Assets/Prefabs
  artifactKey: Guid(6e1a0b4c36e94cd409413d01e185e289) Importer(815301076,1909f56bfc062723c751e8b465ee728b)
Start importing Assets/Prefabs using Guid(6e1a0b4c36e94cd409413d01e185e289) Importer(815301076,1909f56bfc062723c751e8b465ee728b)  -> (artifact id: '6f6f983d4f48975296d430bc57b9ae3b') in 0.000985 seconds
  Import took 0.004103 seconds .

========================================================================
Received Import Request.
  Time since last request: 0.000165 seconds.
  path: Assets/Scenes/Game.unity
  artifactKey: Guid(2cda990e2423bbf4892e6590ba056729) Importer(815301076,1909f56bfc062723c751e8b465ee728b)
Start importing Assets/Scenes/Game.unity using Guid(2cda990e2423bbf4892e6590ba056729) Importer(815301076,1909f56bfc062723c751e8b465ee728b)  -> (artifact id: '0ecec2ed1df694fcc5cced0ebad1c627') in 0.001492 seconds
  Import took 0.004580 seconds .

========================================================================
Received Import Request.
  Time since last request: 0.000207 seconds.
  path: Assets/Prefabs/coin.prefab
  artifactKey: Guid(ac8ee45cc6617004091081769da2aada) Importer(815301076,1909f56bfc062723c751e8b465ee728b)
Start importing Assets/Prefabs/coin.prefab using Guid(ac8ee45cc6617004091081769da2aada) Importer(815301076,1909f56bfc062723c751e8b465ee728b)  -> (artifact id: 'c9ec91e07564c8e62432b19b02568b9f') in 0.007665 seconds
  Import took 0.011050 seconds .

========================================================================
Received Import Request.
  Time since last request: 48.811731 seconds.
  path: Assets/Sprites
  artifactKey: Guid(f806e34f432d402488ec341cb27a9fdf) Importer(815301076,1909f56bfc062723c751e8b465ee728b)
Start importing Assets/Sprites using Guid(f806e34f432d402488ec341cb27a9fdf) Importer(815301076,1909f56bfc062723c751e8b465ee728b)  -> (artifact id: 'c8da4695aed1b4c6a7bcbc474723a6b6') in 0.001609 seconds
  Import took 0.006098 seconds .

========================================================================
Received Import Request.
  Time since last request: 0.007673 seconds.
  path: Assets/Sprites
  artifactKey: Guid(f806e34f432d402488ec341cb27a9fdf) Importer(815301076,1909f56bfc062723c751e8b465ee728b)
Start importing Assets/Sprites using Guid(f806e34f432d402488ec341cb27a9fdf) Importer(815301076,1909f56bfc062723c751e8b465ee728b)  -> (artifact id: 'c8da4695aed1b4c6a7bcbc474723a6b6') in 0.001648 seconds
  Import took 0.007177 seconds .

========================================================================
Received Import Request.
  Time since last request: 5.684588 seconds.
  path: Assets/Sprites/heart.png
  artifactKey: Guid(bf98add1739394d5ebd6c9d13caf32d5) Importer(815301076,1909f56bfc062723c751e8b465ee728b)
Start importing Assets/Sprites/heart.png using Guid(bf98add1739394d5ebd6c9d13caf32d5) Importer(815301076,1909f56bfc062723c751e8b465ee728b)  -> (artifact id: 'e75572c579f79c4608550f83369245db') in 0.768551 seconds
  Import took 0.771839 seconds .

========================================================================
Received Import Request.
  Time since last request: 0.000193 seconds.
  path: Assets/Sprites/panel.png
  artifactKey: Guid(b3d5383d2ea204c56adffcb5088d5ddc) Importer(815301076,1909f56bfc062723c751e8b465ee728b)
Start importing Assets/Sprites/panel.png using Guid(b3d5383d2ea204c56adffcb5088d5ddc) Importer(815301076,1909f56bfc062723c751e8b465ee728b)  -> (artifact id: '6c6ea5f4cb3487463fd87f5a32a3c795') in 0.603313 seconds
  Import took 0.606491 seconds .

========================================================================
Received Prepare
Registering precompiled user dll's ...
Registered in 0.002117 seconds.
Begin MonoManager ReloadAssembly
Native extension for WindowsStandalone target not found
Native extension for OSXStandalone target not found
Native extension for WebGL target not found
Refreshing native plugins compatible for Editor in 0.41 ms, found 3 plugins.
Preloading 0 native plugins for Editor in 0.00 ms.
Mono: successfully reloaded assembly
- Completed reload, in  1.124 seconds
Platform modules already initialized, skipping
Refreshing native plugins compatible for Editor in 0.44 ms, found 3 plugins.
Preloading 0 native plugins for Editor in 0.00 ms.
Unloading 2080 Unused Serialized files (Serialized files now loaded: 0)
System memory in use before: 185.0 MB.
System memory in use after: 185.1 MB.

Unloading 16 unused Assets to reduce memory usage. Loaded Objects now: 2544.
Total: 2.038472 ms (FindLiveObjects: 0.188672 ms CreateObjectMapping: 0.071898 ms MarkObjects: 1.761338 ms  DeleteObjects: 0.015642 ms)

========================================================================
Received Import Request.
  Time since last request: 158.973643 seconds.
  path: Assets/Sprites/panel.png
  artifactKey: Guid(b5c523378a75e1b4688e58255e1b11d3) Importer(815301076,1909f56bfc062723c751e8b465ee728b)
Start importing Assets/Sprites/panel.png using Guid(b5c523378a75e1b4688e58255e1b11d3) Importer(815301076,1909f56bfc062723c751e8b465ee728b)  -> (artifact id: 'd362dd0cb072286d656ce31835a55f3b') in 0.054727 seconds
  Import took 0.057986 seconds .

========================================================================
Received Import Request.
  Time since last request: 0.000212 seconds.
  path: Assets/Sprites/heart.png
  artifactKey: Guid(5cd7557f3e9b85446a52000b6be20427) Importer(815301076,1909f56bfc062723c751e8b465ee728b)
Start importing Assets/Sprites/heart.png using Guid(5cd7557f3e9b85446a52000b6be20427) Importer(815301076,1909f56bfc062723c751e8b465ee728b)  -> (artifact id: '885626c7bbc911fa846faf53da153d57') in 0.006883 seconds
  Import took 0.009874 seconds .

========================================================================
Received Import Request.
  Time since last request: 3.751972 seconds.
  path: Assets/Prefabs/Canvas.prefab
  artifactKey: Guid(773326c038d5d4765a9d1e4f1e505851) Importer(815301076,1909f56bfc062723c751e8b465ee728b)
Start importing Assets/Prefabs/Canvas.prefab using Guid(773326c038d5d4765a9d1e4f1e505851) Importer(815301076,1909f56bfc062723c751e8b465ee728b)  -> (artifact id: 'f47059781ada1ed4664fc80815dacdbe') in 0.018330 seconds
  Import took 0.022175 seconds .

========================================================================
Received Prepare
Registering precompiled user dll's ...
Registered in 0.002304 seconds.
Begin MonoManager ReloadAssembly
Native extension for WindowsStandalone target not found
Native extension for OSXStandalone target not found
Native extension for WebGL target not found
Refreshing native plugins compatible for Editor in 0.40 ms, found 3 plugins.
Preloading 0 native plugins for Editor in 0.00 ms.
Mono: successfully reloaded assembly
- Completed reload, in  1.097 seconds
Platform modules already initialized, skipping
Refreshing native plugins compatible for Editor in 0.35 ms, found 3 plugins.
Preloading 0 native plugins for Editor in 0.00 ms.
Unloading 2080 Unused Serialized files (Serialized files now loaded: 0)
System memory in use before: 185.3 MB.
System memory in use after: 185.4 MB.

Unloading 16 unused Assets to reduce memory usage. Loaded Objects now: 2549.
Total: 2.009512 ms (FindLiveObjects: 0.176400 ms CreateObjectMapping: 0.066137 ms MarkObjects: 1.751420 ms  DeleteObjects: 0.014676 ms)

========================================================================
Received Prepare
Registering precompiled user dll's ...
Registered in 0.001566 seconds.
Begin MonoManager ReloadAssembly
Native extension for WindowsStandalone target not found
Native extension for OSXStandalone target not found
Native extension for WebGL target not found
Refreshing native plugins compatible for Editor in 0.41 ms, found 3 plugins.
Preloading 0 native plugins for Editor in 0.00 ms.
Mono: successfully reloaded assembly
- Completed reload, in  1.060 seconds
Platform modules already initialized, skipping
Refreshing native plugins compatible for Editor in 0.43 ms, found 3 plugins.
Preloading 0 native plugins for Editor in 0.00 ms.
Unloading 2080 Unused Serialized files (Serialized files now loaded: 0)
System memory in use before: 185.5 MB.
System memory in use after: 185.6 MB.

Unloading 16 unused Assets to reduce memory usage. Loaded Objects now: 2553.
Total: 2.017006 ms (FindLiveObjects: 0.180747 ms CreateObjectMapping: 0.063707 ms MarkObjects: 1.756327 ms  DeleteObjects: 0.015398 ms)

========================================================================
Received Prepare
Registering precompiled user dll's ...
Registered in 0.001616 seconds.
Begin MonoManager ReloadAssembly
Native extension for WindowsStandalone target not found
Native extension for OSXStandalone target not found
Native extension for WebGL target not found
Refreshing native plugins compatible for Editor in 0.41 ms, found 3 plugins.
Preloading 0 native plugins for Editor in 0.00 ms.
Mono: successfully reloaded assembly
- Completed reload, in  1.124 seconds
Platform modules already initialized, skipping
Refreshing native plugins compatible for Editor in 0.40 ms, found 3 plugins.
Preloading 0 native plugins for Editor in 0.00 ms.
Unloading 2080 Unused Serialized files (Serialized files now loaded: 0)
System memory in use before: 185.7 MB.
System memory in use after: 185.9 MB.

Unloading 16 unused Assets to reduce memory usage. Loaded Objects now: 2557.
Total: 2.024598 ms (FindLiveObjects: 0.199807 ms CreateObjectMapping: 0.075835 ms MarkObjects: 1.733292 ms  DeleteObjects: 0.014868 ms)

========================================================================
Received Prepare
Registering precompiled user dll's ...
Registered in 0.002071 seconds.
Begin MonoManager ReloadAssembly
Native extension for WindowsStandalone target not found
Native extension for OSXStandalone target not found
Native extension for WebGL target not found
Refreshing native plugins compatible for Editor in 0.45 ms, found 3 plugins.
Preloading 0 native plugins for Editor in 0.00 ms.
Mono: successfully reloaded assembly
- Completed reload, in  1.057 seconds
Platform modules already initialized, skipping
Refreshing native plugins compatible for Editor in 0.42 ms, found 3 plugins.
Preloading 0 native plugins for Editor in 0.00 ms.
Unloading 2080 Unused Serialized files (Serialized files now loaded: 0)
System memory in use before: 185.9 MB.
System memory in use after: 186.1 MB.

Unloading 16 unused Assets to reduce memory usage. Loaded Objects now: 2561.
Total: 1.908313 ms (FindLiveObjects: 0.177052 ms CreateObjectMapping: 0.066344 ms MarkObjects: 1.648958 ms  DeleteObjects: 0.014752 ms)

========================================================================
Received Prepare
Registering precompiled user dll's ...
Registered in 0.001622 seconds.
Begin MonoManager ReloadAssembly
Native extension for WindowsStandalone target not found
Native extension for OSXStandalone target not found
Native extension for WebGL target not found
Refreshing native plugins compatible for Editor in 0.45 ms, found 3 plugins.
Preloading 0 native plugins for Editor in 0.00 ms.
Mono: successfully reloaded assembly
- Completed reload, in  1.199 seconds
Platform modules already initialized, skipping
Refreshing native plugins compatible for Editor in 0.89 ms, found 3 plugins.
Preloading 0 native plugins for Editor in 0.00 ms.
Unloading 2080 Unused Serialized files (Serialized files now loaded: 0)
System memory in use before: 186.1 MB.
System memory in use after: 186.3 MB.

Unloading 16 unused Assets to reduce memory usage. Loaded Objects now: 2565.
Total: 2.936828 ms (FindLiveObjects: 0.280501 ms CreateObjectMapping: 0.101824 ms MarkObjects: 2.529483 ms  DeleteObjects: 0.023801 ms)

========================================================================
Received Prepare
Registering precompiled user dll's ...
Registered in 0.001924 seconds.
Begin MonoManager ReloadAssembly
Native extension for WindowsStandalone target not found
Native extension for OSXStandalone target not found
Native extension for WebGL target not found
Refreshing native plugins compatible for Editor in 0.40 ms, found 3 plugins.
Preloading 0 native plugins for Editor in 0.00 ms.
Mono: successfully reloaded assembly
- Completed reload, in  1.094 seconds
Platform modules already initialized, skipping
Refreshing native plugins compatible for Editor in 0.45 ms, found 3 plugins.
Preloading 0 native plugins for Editor in 0.00 ms.
Unloading 2080 Unused Serialized files (Serialized files now loaded: 0)
System memory in use before: 186.4 MB.
System memory in use after: 186.5 MB.

Unloading 16 unused Assets to reduce memory usage. Loaded Objects now: 2569.
Total: 2.044968 ms (FindLiveObjects: 0.189895 ms CreateObjectMapping: 0.071661 ms MarkObjects: 1.764221 ms  DeleteObjects: 0.018187 ms)

========================================================================
Received Prepare
Registering precompiled user dll's ...
Registered in 0.006750 seconds.
Begin MonoManager ReloadAssembly
Native extension for WindowsStandalone target not found
Native extension for OSXStandalone target not found
Native extension for WebGL target not found
Refreshing native plugins compatible for Editor in 0.41 ms, found 3 plugins.
Preloading 0 native plugins for Editor in 0.00 ms.
Mono: successfully reloaded assembly
- Completed reload, in  1.097 seconds
Platform modules already initialized, skipping
Refreshing native plugins compatible for Editor in 0.50 ms, found 3 plugins.
Preloading 0 native plugins for Editor in 0.00 ms.
Unloading 2080 Unused Serialized files (Serialized files now loaded: 0)
System memory in use before: 186.6 MB.
System memory in use after: 186.7 MB.

Unloading 16 unused Assets to reduce memory usage. Loaded Objects now: 2573.
Total: 1.998170 ms (FindLiveObjects: 0.185785 ms CreateObjectMapping: 0.068557 ms MarkObjects: 1.728204 ms  DeleteObjects: 0.014844 ms)

========================================================================
Received Prepare
Registering precompiled user dll's ...
Registered in 0.001989 seconds.
Begin MonoManager ReloadAssembly
Native extension for WindowsStandalone target not found
Native extension for OSXStandalone target not found
Native extension for WebGL target not found
Refreshing native plugins compatible for Editor in 0.44 ms, found 3 plugins.
Preloading 0 native plugins for Editor in 0.00 ms.
Mono: successfully reloaded assembly
- Completed reload, in  1.119 seconds
Platform modules already initialized, skipping
Refreshing native plugins compatible for Editor in 0.41 ms, found 3 plugins.
Preloading 0 native plugins for Editor in 0.00 ms.
Unloading 2080 Unused Serialized files (Serialized files now loaded: 0)
System memory in use before: 186.8 MB.
System memory in use after: 186.9 MB.

Unloading 16 unused Assets to reduce memory usage. Loaded Objects now: 2577.
Total: 2.082807 ms (FindLiveObjects: 0.219654 ms CreateObjectMapping: 0.064833 ms MarkObjects: 1.781934 ms  DeleteObjects: 0.015638 ms)

========================================================================
Received Prepare
Registering precompiled user dll's ...
Registered in 0.001808 seconds.
Begin MonoManager ReloadAssembly
Native extension for WindowsStandalone target not found
Native extension for OSXStandalone target not found
Native extension for WebGL target not found
Refreshing native plugins compatible for Editor in 0.41 ms, found 3 plugins.
Preloading 0 native plugins for Editor in 0.00 ms.
Mono: successfully reloaded assembly
- Completed reload, in  1.152 seconds
Platform modules already initialized, skipping
Refreshing native plugins compatible for Editor in 0.38 ms, found 3 plugins.
Preloading 0 native plugins for Editor in 0.00 ms.
Unloading 2080 Unused Serialized files (Serialized files now loaded: 0)
System memory in use before: 187.0 MB.
System memory in use after: 187.1 MB.

Unloading 16 unused Assets to reduce memory usage. Loaded Objects now: 2581.
Total: 1.974916 ms (FindLiveObjects: 0.174139 ms CreateObjectMapping: 0.064155 ms MarkObjects: 1.721585 ms  DeleteObjects: 0.014328 ms)

========================================================================
Received Prepare
Registering precompiled user dll's ...
Registered in 0.001971 seconds.
Begin MonoManager ReloadAssembly
Native extension for WindowsStandalone target not found
Native extension for OSXStandalone target not found
Native extension for WebGL target not found
Refreshing native plugins compatible for Editor in 0.43 ms, found 3 plugins.
Preloading 0 native plugins for Editor in 0.00 ms.
Mono: successfully reloaded assembly
- Completed reload, in  1.135 seconds
Platform modules already initialized, skipping
Refreshing native plugins compatible for Editor in 0.41 ms, found 3 plugins.
Preloading 0 native plugins for Editor in 0.00 ms.
Unloading 2080 Unused Serialized files (Serialized files now loaded: 0)
System memory in use before: 187.2 MB.
System memory in use after: 187.3 MB.

Unloading 16 unused Assets to reduce memory usage. Loaded Objects now: 2585.
Total: 1.886281 ms (FindLiveObjects: 0.168682 ms CreateObjectMapping: 0.059169 ms MarkObjects: 1.643645 ms  DeleteObjects: 0.014058 ms)

========================================================================
Received Prepare
Registering precompiled user dll's ...
Registered in 0.001618 seconds.
Begin MonoManager ReloadAssembly
Native extension for WindowsStandalone target not found
Native extension for OSXStandalone target not found
Native extension for WebGL target not found
Refreshing native plugins compatible for Editor in 0.41 ms, found 3 plugins.
Preloading 0 native plugins for Editor in 0.00 ms.
Mono: successfully reloaded assembly
- Completed reload, in  1.167 seconds
Platform modules already initialized, skipping
Refreshing native plugins compatible for Editor in 0.46 ms, found 3 plugins.
Preloading 0 native plugins for Editor in 0.00 ms.
Unloading 2080 Unused Serialized files (Serialized files now loaded: 0)
System memory in use before: 187.4 MB.
System memory in use after: 187.5 MB.

Unloading 16 unused Assets to reduce memory usage. Loaded Objects now: 2589.
Total: 2.248833 ms (FindLiveObjects: 0.227294 ms CreateObjectMapping: 0.084252 ms MarkObjects: 1.917928 ms  DeleteObjects: 0.018435 ms)

========================================================================
Received Prepare
Registering precompiled user dll's ...
Registered in 0.002067 seconds.
Begin MonoManager ReloadAssembly
Native extension for WindowsStandalone target not found
Native extension for OSXStandalone target not found
Native extension for WebGL target not found
Refreshing native plugins compatible for Editor in 0.42 ms, found 3 plugins.
Preloading 0 native plugins for Editor in 0.00 ms.
Mono: successfully reloaded assembly
- Completed reload, in  1.206 seconds
Platform modules already initialized, skipping
Refreshing native plugins compatible for Editor in 0.40 ms, found 3 plugins.
Preloading 0 native plugins for Editor in 0.00 ms.
Unloading 2080 Unused Serialized files (Serialized files now loaded: 0)
System memory in use before: 187.6 MB.
System memory in use after: 187.7 MB.

Unloading 16 unused Assets to reduce memory usage. Loaded Objects now: 2593.
Total: 2.427504 ms (FindLiveObjects: 0.227586 ms CreateObjectMapping: 0.081264 ms MarkObjects: 2.096440 ms  DeleteObjects: 0.021093 ms)

========================================================================
Received Prepare
Registering precompiled user dll's ...
Registered in 0.002026 seconds.
Begin MonoManager ReloadAssembly
Native extension for WindowsStandalone target not found
Native extension for OSXStandalone target not found
Native extension for WebGL target not found
Refreshing native plugins compatible for Editor in 0.41 ms, found 3 plugins.
Preloading 0 native plugins for Editor in 0.00 ms.
Mono: successfully reloaded assembly
- Completed reload, in  1.173 seconds
Platform modules already initialized, skipping
Refreshing native plugins compatible for Editor in 0.40 ms, found 3 plugins.
Preloading 0 native plugins for Editor in 0.00 ms.
Unloading 2080 Unused Serialized files (Serialized files now loaded: 0)
System memory in use before: 187.8 MB.
System memory in use after: 187.9 MB.

Unloading 16 unused Assets to reduce memory usage. Loaded Objects now: 2597.
Total: 1.961384 ms (FindLiveObjects: 0.184783 ms CreateObjectMapping: 0.067406 ms MarkObjects: 1.688823 ms  DeleteObjects: 0.019681 ms)

========================================================================
Received Prepare
Registering precompiled user dll's ...
Registered in 0.002080 seconds.
Begin MonoManager ReloadAssembly
Native extension for WindowsStandalone target not found
Native extension for OSXStandalone target not found
Native extension for WebGL target not found
Refreshing native plugins compatible for Editor in 0.42 ms, found 3 plugins.
Preloading 0 native plugins for Editor in 0.00 ms.
Mono: successfully reloaded assembly
- Completed reload, in  1.153 seconds
Platform modules already initialized, skipping
Refreshing native plugins compatible for Editor in 0.40 ms, found 3 plugins.
Preloading 0 native plugins for Editor in 0.00 ms.
Unloading 2080 Unused Serialized files (Serialized files now loaded: 0)
System memory in use before: 188.0 MB.
System memory in use after: 188.1 MB.

Unloading 16 unused Assets to reduce memory usage. Loaded Objects now: 2601.
Total: 2.101070 ms (FindLiveObjects: 0.197790 ms CreateObjectMapping: 0.071398 ms MarkObjects: 1.813783 ms  DeleteObjects: 0.017029 ms)

========================================================================
Received Prepare
Registering precompiled user dll's ...
Registered in 0.001947 seconds.
Begin MonoManager ReloadAssembly
Native extension for WindowsStandalone target not found
Native extension for OSXStandalone target not found
Native extension for WebGL target not found
Refreshing native plugins compatible for Editor in 0.40 ms, found 3 plugins.
Preloading 0 native plugins for Editor in 0.00 ms.
Mono: successfully reloaded assembly
- Completed reload, in  1.143 seconds
Platform modules already initialized, skipping
Refreshing native plugins compatible for Editor in 0.44 ms, found 3 plugins.
Preloading 0 native plugins for Editor in 0.00 ms.
Unloading 2080 Unused Serialized files (Serialized files now loaded: 0)
System memory in use before: 188.2 MB.
System memory in use after: 188.3 MB.

Unloading 16 unused Assets to reduce memory usage. Loaded Objects now: 2605.
Total: 2.260170 ms (FindLiveObjects: 0.228879 ms CreateObjectMapping: 0.087684 ms MarkObjects: 1.924026 ms  DeleteObjects: 0.018484 ms)

========================================================================
Received Prepare
Registering precompiled user dll's ...
Registered in 0.001851 seconds.
Begin MonoManager ReloadAssembly
Native extension for WindowsStandalone target not found
Native extension for OSXStandalone target not found
Native extension for WebGL target not found
Refreshing native plugins compatible for Editor in 0.39 ms, found 3 plugins.
Preloading 0 native plugins for Editor in 0.00 ms.
Mono: successfully reloaded assembly
- Completed reload, in  1.144 seconds
Platform modules already initialized, skipping
Refreshing native plugins compatible for Editor in 0.45 ms, found 3 plugins.
Preloading 0 native plugins for Editor in 0.00 ms.
Unloading 2080 Unused Serialized files (Serialized files now loaded: 0)
System memory in use before: 188.4 MB.
System memory in use after: 188.5 MB.

Unloading 16 unused Assets to reduce memory usage. Loaded Objects now: 2609.
Total: 2.332690 ms (FindLiveObjects: 0.286543 ms CreateObjectMapping: 0.097551 ms MarkObjects: 1.931345 ms  DeleteObjects: 0.016358 ms)

========================================================================
Received Prepare
Registering precompiled user dll's ...
Registered in 0.001968 seconds.
Begin MonoManager ReloadAssembly
Native extension for WindowsStandalone target not found
Native extension for OSXStandalone target not found
Native extension for WebGL target not found
Refreshing native plugins compatible for Editor in 0.40 ms, found 3 plugins.
Preloading 0 native plugins for Editor in 0.00 ms.
Mono: successfully reloaded assembly
- Completed reload, in  1.105 seconds
Platform modules already initialized, skipping
Refreshing native plugins compatible for Editor in 0.40 ms, found 3 plugins.
Preloading 0 native plugins for Editor in 0.00 ms.
Unloading 2080 Unused Serialized files (Serialized files now loaded: 0)
System memory in use before: 188.6 MB.
System memory in use after: 188.7 MB.

Unloading 16 unused Assets to reduce memory usage. Loaded Objects now: 2613.
Total: 1.983337 ms (FindLiveObjects: 0.179094 ms CreateObjectMapping: 0.065583 ms MarkObjects: 1.723816 ms  DeleteObjects: 0.014140 ms)

========================================================================
Received Prepare
Registering precompiled user dll's ...
Registered in 0.001951 seconds.
Begin MonoManager ReloadAssembly
Native extension for WindowsStandalone target not found
Native extension for OSXStandalone target not found
Native extension for WebGL target not found
Refreshing native plugins compatible for Editor in 0.50 ms, found 3 plugins.
Preloading 0 native plugins for Editor in 0.00 ms.
Mono: successfully reloaded assembly
- Completed reload, in  1.488 seconds
Platform modules already initialized, skipping
Refreshing native plugins compatible for Editor in 0.34 ms, found 3 plugins.
Preloading 0 native plugins for Editor in 0.00 ms.
Unloading 2080 Unused Serialized files (Serialized files now loaded: 0)
System memory in use before: 188.8 MB.
System memory in use after: 188.9 MB.

Unloading 16 unused Assets to reduce memory usage. Loaded Objects now: 2617.
Total: 2.062452 ms (FindLiveObjects: 0.211516 ms CreateObjectMapping: 0.070127 ms MarkObjects: 1.763787 ms  DeleteObjects: 0.016059 ms)

========================================================================
Received Import Request.
  Time since last request: 1898.453586 seconds.
  path: Assets/Scenes/Game.unity
  artifactKey: Guid(2cda990e2423bbf4892e6590ba056729) Importer(815301076,1909f56bfc062723c751e8b465ee728b)
Start importing Assets/Scenes/Game.unity using Guid(2cda990e2423bbf4892e6590ba056729) Importer(815301076,1909f56bfc062723c751e8b465ee728b)  -> (artifact id: '87972726d0321f389ba8efece264cbd6') in 0.013088 seconds
  Import took 0.016884 seconds .

========================================================================
Received Prepare
Registering precompiled user dll's ...
Registered in 0.002102 seconds.
Begin MonoManager ReloadAssembly
Native extension for WindowsStandalone target not found
Native extension for OSXStandalone target not found
Native extension for WebGL target not found
Refreshing native plugins compatible for Editor in 0.41 ms, found 3 plugins.
Preloading 0 native plugins for Editor in 0.00 ms.
Mono: successfully reloaded assembly
- Completed reload, in  1.168 seconds
Platform modules already initialized, skipping
Refreshing native plugins compatible for Editor in 0.42 ms, found 3 plugins.
Preloading 0 native plugins for Editor in 0.00 ms.
Unloading 2080 Unused Serialized files (Serialized files now loaded: 0)
System memory in use before: 189.1 MB.
System memory in use after: 189.2 MB.

Unloading 16 unused Assets to reduce memory usage. Loaded Objects now: 2621.
Total: 2.331235 ms (FindLiveObjects: 0.251489 ms CreateObjectMapping: 0.080753 ms MarkObjects: 1.981437 ms  DeleteObjects: 0.016715 ms)

========================================================================
Received Import Request.
  Time since last request: 85.752459 seconds.
  path: Assets/Script/CameraController.cs
  artifactKey: Guid(3f06088acefbdf24d9ed2ef25dfb6d31) Importer(815301076,1909f56bfc062723c751e8b465ee728b)
Start importing Assets/Script/CameraController.cs using Guid(3f06088acefbdf24d9ed2ef25dfb6d31) Importer(815301076,1909f56bfc062723c751e8b465ee728b)  -> (artifact id: 'bda3423e0a72d7f83283ef39589440c1') in 0.315029 seconds
  Import took 0.319242 seconds .

========================================================================
Received Import Request.
  Time since last request: 4.530897 seconds.
  path: Assets/Script/PlatformerController2D.cs
  artifactKey: Guid(6c00210c26ad222498d387b8dabde2c5) Importer(815301076,1909f56bfc062723c751e8b465ee728b)
Start importing Assets/Script/PlatformerController2D.cs using Guid(6c00210c26ad222498d387b8dabde2c5) Importer(815301076,1909f56bfc062723c751e8b465ee728b)  -> (artifact id: '247c12f1fe567defcc9b3c5ae8dae5f8') in 0.001772 seconds
  Import took 0.006607 seconds .

========================================================================
Received Import Request.
  Time since last request: 0.000576 seconds.
  path: Assets/Script/PlatformerController2D.cs
  artifactKey: Guid(6c00210c26ad222498d387b8dabde2c5) Importer(815301076,1909f56bfc062723c751e8b465ee728b)
Start importing Assets/Script/PlatformerController2D.cs using Guid(6c00210c26ad222498d387b8dabde2c5) Importer(815301076,1909f56bfc062723c751e8b465ee728b)  -> (artifact id: '247c12f1fe567defcc9b3c5ae8dae5f8') in 0.002481 seconds
  Import took 0.007327 seconds .

========================================================================
Received Import Request.
  Time since last request: 146.195492 seconds.
  path: Assets/Script/PlatformerController2D.cs
  artifactKey: Guid(6c00210c26ad222498d387b8dabde2c5) Importer(815301076,1909f56bfc062723c751e8b465ee728b)
Start importing Assets/Script/PlatformerController2D.cs using Guid(6c00210c26ad222498d387b8dabde2c5) Importer(815301076,1909f56bfc062723c751e8b465ee728b)  -> (artifact id: 'cd4b281acfaf25dbc5ecbd65d257b32b') in 0.002111 seconds
  Import took 0.006331 seconds .

========================================================================
Received Import Request.
  Time since last request: 12.433786 seconds.
  path: Assets/Script/MovingPlatform.cs
  artifactKey: Guid(e44a3bed565174b0c841c160763f8ae8) Importer(815301076,1909f56bfc062723c751e8b465ee728b)
Start importing Assets/Script/MovingPlatform.cs using Guid(e44a3bed565174b0c841c160763f8ae8) Importer(815301076,1909f56bfc062723c751e8b465ee728b)  -> (artifact id: 'b385c25542d7d52570f120f17d8d8f42') in 0.004397 seconds
  Import took 0.009252 seconds .

========================================================================
Received Prepare
Registering precompiled user dll's ...
Registered in 0.004527 seconds.
Begin MonoManager ReloadAssembly
Native extension for WindowsStandalone target not found
Native extension for OSXStandalone target not found
Native extension for WebGL target not found
Refreshing native plugins compatible for Editor in 0.40 ms, found 3 plugins.
Preloading 0 native plugins for Editor in 0.00 ms.
Mono: successfully reloaded assembly
- Completed reload, in  1.169 seconds
Platform modules already initialized, skipping
Refreshing native plugins compatible for Editor in 0.70 ms, found 3 plugins.
Preloading 0 native plugins for Editor in 0.00 ms.
Unloading 2081 Unused Serialized files (Serialized files now loaded: 0)
System memory in use before: 193.5 MB.
System memory in use after: 193.7 MB.

Unloading 16 unused Assets to reduce memory usage. Loaded Objects now: 2626.
Total: 2.809399 ms (FindLiveObjects: 0.270903 ms CreateObjectMapping: 0.095591 ms MarkObjects: 2.420096 ms  DeleteObjects: 0.021751 ms)

========================================================================
Received Import Request.
  Time since last request: 337.815823 seconds.
  path: Assets/Script/MovingPlatform.cs
  artifactKey: Guid(e44a3bed565174b0c841c160763f8ae8) Importer(815301076,1909f56bfc062723c751e8b465ee728b)
Start importing Assets/Script/MovingPlatform.cs using Guid(e44a3bed565174b0c841c160763f8ae8) Importer(815301076,1909f56bfc062723c751e8b465ee728b)  -> (artifact id: '87e181c3ec99a91d20ce3ff8ba84c01c') in 0.004790 seconds
  Import took 0.008034 seconds .

========================================================================
Received Prepare
Registering precompiled user dll's ...
Registered in 0.005273 seconds.
Begin MonoManager ReloadAssembly
Native extension for WindowsStandalone target not found
Native extension for OSXStandalone target not found
Native extension for WebGL target not found
Refreshing native plugins compatible for Editor in 0.45 ms, found 3 plugins.
Preloading 0 native plugins for Editor in 0.00 ms.
Mono: successfully reloaded assembly
- Completed reload, in  1.194 seconds
Platform modules already initialized, skipping
Refreshing native plugins compatible for Editor in 0.45 ms, found 3 plugins.
Preloading 0 native plugins for Editor in 0.00 ms.
Unloading 2081 Unused Serialized files (Serialized files now loaded: 0)
System memory in use before: 193.8 MB.
System memory in use after: 193.9 MB.

Unloading 16 unused Assets to reduce memory usage. Loaded Objects now: 2630.
Total: 2.267071 ms (FindLiveObjects: 0.251193 ms CreateObjectMapping: 0.090712 ms MarkObjects: 1.906247 ms  DeleteObjects: 0.018039 ms)

========================================================================
Received Prepare
Registering precompiled user dll's ...
Registered in 0.002659 seconds.
Begin MonoManager ReloadAssembly
Native extension for WindowsStandalone target not found
Native extension for OSXStandalone target not found
Native extension for WebGL target not found
Refreshing native plugins compatible for Editor in 0.41 ms, found 3 plugins.
Preloading 0 native plugins for Editor in 0.00 ms.
Mono: successfully reloaded assembly
- Completed reload, in  1.125 seconds
Platform modules already initialized, skipping
Refreshing native plugins compatible for Editor in 0.43 ms, found 3 plugins.
Preloading 0 native plugins for Editor in 0.00 ms.
Unloading 2081 Unused Serialized files (Serialized files now loaded: 0)
System memory in use before: 194.0 MB.
System memory in use after: 194.1 MB.

Unloading 16 unused Assets to reduce memory usage. Loaded Objects now: 2634.
Total: 2.048666 ms (FindLiveObjects: 0.191352 ms CreateObjectMapping: 0.069692 ms MarkObjects: 1.772474 ms  DeleteObjects: 0.014366 ms)

========================================================================
Received Import Request.
  Time since last request: 331.197934 seconds.
  path: Assets/Sprites/world.png
  artifactKey: Guid(93b9cec0e9feeb741be4b462c91908bb) Importer(815301076,1909f56bfc062723c751e8b465ee728b)
Start importing Assets/Sprites/world.png using Guid(93b9cec0e9feeb741be4b462c91908bb) Importer(815301076,1909f56bfc062723c751e8b465ee728b)  -> (artifact id: '6f861a4c18cf2dae012ef17ffed5623e') in 0.164899 seconds
  Import took 0.168567 seconds .

========================================================================
Received Import Request.
  Time since last request: 95.568975 seconds.
  path: Assets/Sprites/world.png
  artifactKey: Guid(93b9cec0e9feeb741be4b462c91908bb) Importer(815301076,1909f56bfc062723c751e8b465ee728b)
Start importing Assets/Sprites/world.png using Guid(93b9cec0e9feeb741be4b462c91908bb) Importer(815301076,1909f56bfc062723c751e8b465ee728b)  -> (artifact id: 'f084f73f8ae2e864985ca4ad91239141') in 0.142229 seconds
  Import took 0.145810 seconds .

========================================================================
Received Prepare
Registering precompiled user dll's ...
Registered in 0.004510 seconds.
Begin MonoManager ReloadAssembly
Native extension for WindowsStandalone target not found
Native extension for OSXStandalone target not found
Native extension for WebGL target not found
Refreshing native plugins compatible for Editor in 0.40 ms, found 3 plugins.
Preloading 0 native plugins for Editor in 0.00 ms.
Mono: successfully reloaded assembly
- Completed reload, in  1.139 seconds
Platform modules already initialized, skipping
Refreshing native plugins compatible for Editor in 0.59 ms, found 3 plugins.
Preloading 0 native plugins for Editor in 0.00 ms.
Unloading 2081 Unused Serialized files (Serialized files now loaded: 0)
System memory in use before: 195.0 MB.
System memory in use after: 195.1 MB.

Unloading 16 unused Assets to reduce memory usage. Loaded Objects now: 2644.
Total: 2.320456 ms (FindLiveObjects: 0.217659 ms CreateObjectMapping: 0.084442 ms MarkObjects: 1.998384 ms  DeleteObjects: 0.018927 ms)

========================================================================
Received Prepare
Registering precompiled user dll's ...
Registered in 0.007202 seconds.
Begin MonoManager ReloadAssembly
Native extension for WindowsStandalone target not found
Native extension for OSXStandalone target not found
Native extension for WebGL target not found
Refreshing native plugins compatible for Editor in 0.44 ms, found 3 plugins.
Preloading 0 native plugins for Editor in 0.00 ms.
Mono: successfully reloaded assembly
- Completed reload, in  1.129 seconds
Platform modules already initialized, skipping
Refreshing native plugins compatible for Editor in 0.44 ms, found 3 plugins.
Preloading 0 native plugins for Editor in 0.00 ms.
Unloading 2081 Unused Serialized files (Serialized files now loaded: 0)
System memory in use before: 195.2 MB.
System memory in use after: 195.3 MB.

Unloading 16 unused Assets to reduce memory usage. Loaded Objects now: 2648.
Total: 2.110277 ms (FindLiveObjects: 0.213794 ms CreateObjectMapping: 0.079933 ms MarkObjects: 1.797852 ms  DeleteObjects: 0.017773 ms)

========================================================================
Received Prepare
Registering precompiled user dll's ...
Registered in 0.001991 seconds.
Begin MonoManager ReloadAssembly
Native extension for WindowsStandalone target not found
Native extension for OSXStandalone target not found
Native extension for WebGL target not found
Refreshing native plugins compatible for Editor in 0.45 ms, found 3 plugins.
Preloading 0 native plugins for Editor in 0.00 ms.
Mono: successfully reloaded assembly
- Completed reload, in  1.113 seconds
Platform modules already initialized, skipping
Refreshing native plugins compatible for Editor in 0.39 ms, found 3 plugins.
Preloading 0 native plugins for Editor in 0.00 ms.
Unloading 2081 Unused Serialized files (Serialized files now loaded: 0)
System memory in use before: 195.4 MB.
System memory in use after: 195.5 MB.

Unloading 16 unused Assets to reduce memory usage. Loaded Objects now: 2652.
Total: 2.072604 ms (FindLiveObjects: 0.189814 ms CreateObjectMapping: 0.067838 ms MarkObjects: 1.801021 ms  DeleteObjects: 0.013321 ms)

========================================================================
Received Prepare
Registering precompiled user dll's ...
Registered in 0.006022 seconds.
Begin MonoManager ReloadAssembly
Native extension for WindowsStandalone target not found
Native extension for OSXStandalone target not found
Native extension for WebGL target not found
Refreshing native plugins compatible for Editor in 0.42 ms, found 3 plugins.
Preloading 0 native plugins for Editor in 0.00 ms.
Mono: successfully reloaded assembly
- Completed reload, in  1.139 seconds
Platform modules already initialized, skipping
Refreshing native plugins compatible for Editor in 0.44 ms, found 3 plugins.
Preloading 0 native plugins for Editor in 0.00 ms.
Unloading 2081 Unused Serialized files (Serialized files now loaded: 0)
System memory in use before: 196.9 MB.
System memory in use after: 197.0 MB.

Unloading 16 unused Assets to reduce memory usage. Loaded Objects now: 2656.
Total: 3.896483 ms (FindLiveObjects: 0.497430 ms CreateObjectMapping: 0.186969 ms MarkObjects: 3.178902 ms  DeleteObjects: 0.030875 ms)

========================================================================
Received Import Request.
  Time since last request: 1597.582262 seconds.
  path: Assets/Script/Controller2D.cs
  artifactKey: Guid(6bbe56c5a424f0b41a81e8005ee4f27c) Importer(815301076,1909f56bfc062723c751e8b465ee728b)
Start importing Assets/Script/Controller2D.cs using Guid(6bbe56c5a424f0b41a81e8005ee4f27c) Importer(815301076,1909f56bfc062723c751e8b465ee728b)  -> (artifact id: '487bd13899aac5295acc86390950015b') in 0.005838 seconds
  Import took 0.010186 seconds .

========================================================================
Received Import Request.
  Time since last request: 0.000599 seconds.
  path: Assets/Script/Controller2D.cs
  artifactKey: Guid(6bbe56c5a424f0b41a81e8005ee4f27c) Importer(815301076,1909f56bfc062723c751e8b465ee728b)
Start importing Assets/Script/Controller2D.cs using Guid(6bbe56c5a424f0b41a81e8005ee4f27c) Importer(815301076,1909f56bfc062723c751e8b465ee728b)  -> (artifact id: '487bd13899aac5295acc86390950015b') in 0.001547 seconds
  Import took 0.004988 seconds .

========================================================================
Received Prepare
Registering precompiled user dll's ...
Registered in 0.003799 seconds.
Begin MonoManager ReloadAssembly
Native extension for WindowsStandalone target not found
Native extension for OSXStandalone target not found
Native extension for WebGL target not found
Refreshing native plugins compatible for Editor in 0.41 ms, found 3 plugins.
Preloading 0 native plugins for Editor in 0.00 ms.
Mono: successfully reloaded assembly
- Completed reload, in  1.210 seconds
Platform modules already initialized, skipping
Refreshing native plugins compatible for Editor in 0.44 ms, found 3 plugins.
Preloading 0 native plugins for Editor in 0.00 ms.
Unloading 2081 Unused Serialized files (Serialized files now loaded: 0)
System memory in use before: 197.1 MB.
System memory in use after: 197.2 MB.

Unloading 16 unused Assets to reduce memory usage. Loaded Objects now: 2660.
Total: 2.165203 ms (FindLiveObjects: 0.225016 ms CreateObjectMapping: 0.084253 ms MarkObjects: 1.838226 ms  DeleteObjects: 0.016935 ms)

========================================================================
Received Import Request.
  Time since last request: 391.187299 seconds.
  path: Assets/Script/Controller2D.cs
  artifactKey: Guid(6bbe56c5a424f0b41a81e8005ee4f27c) Importer(815301076,1909f56bfc062723c751e8b465ee728b)
Start importing Assets/Script/Controller2D.cs using Guid(6bbe56c5a424f0b41a81e8005ee4f27c) Importer(815301076,1909f56bfc062723c751e8b465ee728b)  -> (artifact id: '87a39c56a25f593ea06a0fc9a949cb10') in 0.004765 seconds
  Import took 0.008129 seconds .

========================================================================
Received Prepare
Registering precompiled user dll's ...
Registered in 0.004713 seconds.
Begin MonoManager ReloadAssembly
Native extension for WindowsStandalone target not found
Native extension for OSXStandalone target not found
Native extension for WebGL target not found
Refreshing native plugins compatible for Editor in 0.41 ms, found 3 plugins.
Preloading 0 native plugins for Editor in 0.00 ms.
Mono: successfully reloaded assembly
- Completed reload, in  1.111 seconds
Platform modules already initialized, skipping
Refreshing native plugins compatible for Editor in 0.43 ms, found 3 plugins.
Preloading 0 native plugins for Editor in 0.00 ms.
Unloading 2081 Unused Serialized files (Serialized files now loaded: 0)
System memory in use before: 196.0 MB.
System memory in use after: 196.1 MB.

Unloading 16 unused Assets to reduce memory usage. Loaded Objects now: 2664.
Total: 2.087584 ms (FindLiveObjects: 0.213612 ms CreateObjectMapping: 0.067168 ms MarkObjects: 1.787007 ms  DeleteObjects: 0.018789 ms)

========================================================================
Received Prepare
Registering precompiled user dll's ...
Registered in 0.002466 seconds.
Begin MonoManager ReloadAssembly
Native extension for WindowsStandalone target not found
Native extension for OSXStandalone target not found
Native extension for WebGL target not found
Refreshing native plugins compatible for Editor in 0.41 ms, found 3 plugins.
Preloading 0 native plugins for Editor in 0.00 ms.
Mono: successfully reloaded assembly
- Completed reload, in  1.082 seconds
Platform modules already initialized, skipping
Refreshing native plugins compatible for Editor in 0.35 ms, found 3 plugins.
Preloading 0 native plugins for Editor in 0.00 ms.
Unloading 2081 Unused Serialized files (Serialized files now loaded: 0)
System memory in use before: 196.2 MB.
System memory in use after: 196.3 MB.

Unloading 16 unused Assets to reduce memory usage. Loaded Objects now: 2668.
Total: 1.966647 ms (FindLiveObjects: 0.181170 ms CreateObjectMapping: 0.063658 ms MarkObjects: 1.707518 ms  DeleteObjects: 0.013647 ms)

========================================================================
Received Prepare
Registering precompiled user dll's ...
Registered in 0.002285 seconds.
Begin MonoManager ReloadAssembly
Native extension for WindowsStandalone target not found
Native extension for OSXStandalone target not found
Native extension for WebGL target not found
Refreshing native plugins compatible for Editor in 0.43 ms, found 3 plugins.
Preloading 0 native plugins for Editor in 0.00 ms.
Mono: successfully reloaded assembly
- Completed reload, in  1.180 seconds
Platform modules already initialized, skipping
Refreshing native plugins compatible for Editor in 0.38 ms, found 3 plugins.
Preloading 0 native plugins for Editor in 0.00 ms.
Unloading 2081 Unused Serialized files (Serialized files now loaded: 0)
System memory in use before: 196.4 MB.
System memory in use after: 196.6 MB.

Unloading 16 unused Assets to reduce memory usage. Loaded Objects now: 2672.
Total: 2.335361 ms (FindLiveObjects: 0.264834 ms CreateObjectMapping: 0.090365 ms MarkObjects: 1.961048 ms  DeleteObjects: 0.018078 ms)

