Using pre-set license
Built from '2020.3/release' branch; Version is '2020.3.7f1 (dd97f2c94397) revision 14522354'; Using compiler version '192528614'; Build Type 'Release'
OS: 'Windows 10 Pro; OS build 19041.985; Version 2004; 64bit' Language: 'en' Physical Memory: 16348 MB
BatchMode: 1, IsHumanControllingUs: 0, StartBugReporterOnCrash: 0, Is64bit: 1, IsPro: 0

 COMMAND LINE ARGUMENTS:
C:\Program Files\Unity\Hub\Editor\2020.3.7f1\Editor\Unity.exe
-adb2
-batchMode
-noUpm
-name
AssetImportWorker0
-projectPath
C:/projects/unity-seriousgames-class/03-2d-platformer/2DPlatformer
-logFile
Logs/AssetImportWorker0.log
-srvPort
51340
Successfully changed project path to: C:/projects/unity-seriousgames-class/03-2d-platformer/2DPlatformer
C:/projects/unity-seriousgames-class/03-2d-platformer/2DPlatformer
Using Asset Import Pipeline V2.
Refreshing native plugins compatible for Editor in 28.37 ms, found 1 plugins.
Preloading 0 native plugins for Editor in 0.00 ms.
Initialize engine version: 2020.3.7f1 (dd97f2c94397)
[Subsystems] Discovering subsystems at path C:/Program Files/Unity/Hub/Editor/2020.3.7f1/Editor/Data/Resources/UnitySubsystems
[Subsystems] Discovering subsystems at path C:/projects/unity-seriousgames-class/03-2d-platformer/2DPlatformer/Assets
GfxDevice: creating device client; threaded=0
Direct3D:
    Version:  Direct3D 11.0 [level 11.1]
    Renderer: NVIDIA GeForce GTX 1070 (ID=0x1b81)
    Vendor:   
    VRAM:     8088 MB
    Driver:   27.21.14.6089
Initialize mono
Mono path[0] = 'C:/Program Files/Unity/Hub/Editor/2020.3.7f1/Editor/Data/Managed'
Mono path[1] = 'C:/Program Files/Unity/Hub/Editor/2020.3.7f1/Editor/Data/MonoBleedingEdge/lib/mono/unityjit'
Mono config path = 'C:/Program Files/Unity/Hub/Editor/2020.3.7f1/Editor/Data/MonoBleedingEdge/etc'
Using monoOptions --debugger-agent=transport=dt_socket,embedding=1,server=y,suspend=n,address=127.0.0.1:56148
Begin MonoManager ReloadAssembly
Registering precompiled unity dll's ...
Register platform support module: C:/Program Files/Unity/Hub/Editor/2020.3.7f1/Editor/Data/PlaybackEngines/WebGLSupport/UnityEditor.WebGL.Extensions.dll
Register platform support module: C:/Program Files/Unity/Hub/Editor/2020.3.7f1/Editor/Data/PlaybackEngines/MacStandaloneSupport/UnityEditor.OSXStandalone.Extensions.dll
Register platform support module: C:/Program Files/Unity/Hub/Editor/2020.3.7f1/Editor/Data/PlaybackEngines/WindowsStandaloneSupport/UnityEditor.WindowsStandalone.Extensions.dll
Registered in 0.002566 seconds.
Native extension for WindowsStandalone target not found
Native extension for OSXStandalone target not found
Native extension for WebGL target not found
Refreshing native plugins compatible for Editor in 27.72 ms, found 1 plugins.
Preloading 0 native plugins for Editor in 0.00 ms.
Mono: successfully reloaded assembly
- Completed reload, in  1.119 seconds
Platform modules already initialized, skipping
Registering precompiled user dll's ...
Registered in 0.000759 seconds.
Begin MonoManager ReloadAssembly
Native extension for WindowsStandalone target not found
Native extension for OSXStandalone target not found
Native extension for WebGL target not found
Refreshing native plugins compatible for Editor in 29.32 ms, found 1 plugins.
Preloading 0 native plugins for Editor in 0.00 ms.
Mono: successfully reloaded assembly
- Completed reload, in  0.825 seconds
Platform modules already initialized, skipping
========================================================================
Worker process is ready to serve import requests
Launched and connected shader compiler UnityShaderCompiler.exe after 0.03 seconds
Refreshing native plugins compatible for Editor in 0.25 ms, found 1 plugins.
Preloading 0 native plugins for Editor in 0.00 ms.
Unloading 1808 Unused Serialized files (Serialized files now loaded: 0)
System memory in use before: 84.9 MB.
System memory in use after: 84.8 MB.

Unloading 24 unused Assets to reduce memory usage. Loaded Objects now: 2250.
Total: 1.959000 ms (FindLiveObjects: 0.283000 ms CreateObjectMapping: 0.111400 ms MarkObjects: 1.470700 ms  DeleteObjects: 0.093200 ms)

========================================================================
Received Import Request.
  path: Assets/Sprites/characters.png
  artifactKey: Guid(8db75531852f167448ec99cdf7152fb4) Importer(815301076,1909f56bfc062723c751e8b465ee728b)
Start importing Assets/Sprites/characters.png using Guid(8db75531852f167448ec99cdf7152fb4) Importer(815301076,1909f56bfc062723c751e8b465ee728b)  -> (artifact id: 'de5e642768d352dc479e3d6f8aa6d9ed') in 0.101446 seconds
  Import took 0.103776 seconds .

========================================================================
Received Import Request.
  Time since last request: 0.000188 seconds.
  path: Assets/Sprites
  artifactKey: Guid(f806e34f432d402488ec341cb27a9fdf) Importer(815301076,1909f56bfc062723c751e8b465ee728b)
Start importing Assets/Sprites using Guid(f806e34f432d402488ec341cb27a9fdf) Importer(815301076,1909f56bfc062723c751e8b465ee728b)  -> (artifact id: '7887431893fbc37420754ee2ba14079c') in 0.004491 seconds
  Import took 0.006621 seconds .

========================================================================
Received Import Request.
  Time since last request: 0.000203 seconds.
  path: Assets/Sprites/sheet.png
  artifactKey: Guid(93b9cec0e9feeb741be4b462c91908bb) Importer(815301076,1909f56bfc062723c751e8b465ee728b)
Start importing Assets/Sprites/sheet.png using Guid(93b9cec0e9feeb741be4b462c91908bb) Importer(815301076,1909f56bfc062723c751e8b465ee728b)  -> (artifact id: '26399b4cd2dd1c8b097d104df81f09bf') in 0.079980 seconds
  Import took 0.082696 seconds .

========================================================================
Received Import Request.
  Time since last request: 176.447743 seconds.
  path: Assets
  artifactKey: Guid(00000000000000001000000000000000) Importer(815301076,1909f56bfc062723c751e8b465ee728b)
Start importing Assets using Guid(00000000000000001000000000000000) Importer(815301076,1909f56bfc062723c751e8b465ee728b)  -> (artifact id: '5f6a1853b736837ecfb0820a881449cb') in 0.005286 seconds
  Import took 0.007869 seconds .

========================================================================
Received Import Request.
  Time since last request: 18.019461 seconds.
  path: Assets/CaracterController2D.cs
  artifactKey: Guid(6c00210c26ad222498d387b8dabde2c5) Importer(815301076,1909f56bfc062723c751e8b465ee728b)
Start importing Assets/CaracterController2D.cs using Guid(6c00210c26ad222498d387b8dabde2c5) Importer(815301076,1909f56bfc062723c751e8b465ee728b)  -> (artifact id: 'a4c659781d37d3fbac4eb2db5a0a47c4') in 0.012110 seconds
  Import took 0.014565 seconds .

========================================================================
Received Prepare
Registering precompiled user dll's ...
Registered in 0.000741 seconds.
Begin MonoManager ReloadAssembly
Native extension for WindowsStandalone target not found
Native extension for OSXStandalone target not found
Native extension for WebGL target not found
Refreshing native plugins compatible for Editor in 0.38 ms, found 1 plugins.
Preloading 0 native plugins for Editor in 0.00 ms.
Mono: successfully reloaded assembly
- Completed reload, in  0.794 seconds
Platform modules already initialized, skipping
Refreshing native plugins compatible for Editor in 0.26 ms, found 1 plugins.
Preloading 0 native plugins for Editor in 0.00 ms.
Unloading 1804 Unused Serialized files (Serialized files now loaded: 0)
System memory in use before: 88.0 MB.
System memory in use after: 87.9 MB.

Unloading 12 unused Assets to reduce memory usage. Loaded Objects now: 2269.
Total: 2.123500 ms (FindLiveObjects: 0.256700 ms CreateObjectMapping: 0.088600 ms MarkObjects: 1.685600 ms  DeleteObjects: 0.091700 ms)

========================================================================
Received Import Request.
  Time since last request: 22.544488 seconds.
  path: Assets/PlatformerController2D.cs
  artifactKey: Guid(6c00210c26ad222498d387b8dabde2c5) Importer(815301076,1909f56bfc062723c751e8b465ee728b)
Start importing Assets/PlatformerController2D.cs using Guid(6c00210c26ad222498d387b8dabde2c5) Importer(815301076,1909f56bfc062723c751e8b465ee728b)  -> (artifact id: 'c6af1dc0d2cd3be7dff1e769acbb722a') in 0.007809 seconds
  Import took 0.011606 seconds .

========================================================================
Received Import Request.
  Time since last request: 0.001497 seconds.
  path: Assets/PlatformerController2D.cs
  artifactKey: Guid(6c00210c26ad222498d387b8dabde2c5) Importer(815301076,1909f56bfc062723c751e8b465ee728b)
Start importing Assets/PlatformerController2D.cs using Guid(6c00210c26ad222498d387b8dabde2c5) Importer(815301076,1909f56bfc062723c751e8b465ee728b)  -> (artifact id: 'c6af1dc0d2cd3be7dff1e769acbb722a') in 0.001628 seconds
  Import took 0.004228 seconds .

========================================================================
Received Prepare
Registering precompiled user dll's ...
Registered in 0.001041 seconds.
Begin MonoManager ReloadAssembly
Native extension for WindowsStandalone target not found
Native extension for OSXStandalone target not found
Native extension for WebGL target not found
Refreshing native plugins compatible for Editor in 0.27 ms, found 1 plugins.
Preloading 0 native plugins for Editor in 0.00 ms.
Mono: successfully reloaded assembly
- Completed reload, in  0.725 seconds
Platform modules already initialized, skipping
Refreshing native plugins compatible for Editor in 0.25 ms, found 1 plugins.
Preloading 0 native plugins for Editor in 0.00 ms.
Unloading 1804 Unused Serialized files (Serialized files now loaded: 0)
System memory in use before: 88.0 MB.
System memory in use after: 88.0 MB.

Unloading 12 unused Assets to reduce memory usage. Loaded Objects now: 2273.
Total: 1.923700 ms (FindLiveObjects: 0.177700 ms CreateObjectMapping: 0.069900 ms MarkObjects: 1.595400 ms  DeleteObjects: 0.080000 ms)

========================================================================
Received Prepare
Registering precompiled user dll's ...
Registered in 0.001276 seconds.
Begin MonoManager ReloadAssembly
Native extension for WindowsStandalone target not found
Native extension for OSXStandalone target not found
Native extension for WebGL target not found
Refreshing native plugins compatible for Editor in 0.26 ms, found 1 plugins.
Preloading 0 native plugins for Editor in 0.00 ms.
Mono: successfully reloaded assembly
- Completed reload, in  0.735 seconds
Platform modules already initialized, skipping
Refreshing native plugins compatible for Editor in 0.25 ms, found 1 plugins.
Preloading 0 native plugins for Editor in 0.00 ms.
Unloading 1804 Unused Serialized files (Serialized files now loaded: 0)
System memory in use before: 88.0 MB.
System memory in use after: 88.0 MB.

Unloading 12 unused Assets to reduce memory usage. Loaded Objects now: 2277.
Total: 1.833100 ms (FindLiveObjects: 0.165200 ms CreateObjectMapping: 0.051300 ms MarkObjects: 1.529000 ms  DeleteObjects: 0.086800 ms)

========================================================================
Received Import Request.
  Time since last request: 782.717118 seconds.
  path: Assets/PlatformerController2D.cs
  artifactKey: Guid(6c00210c26ad222498d387b8dabde2c5) Importer(815301076,1909f56bfc062723c751e8b465ee728b)
Start importing Assets/PlatformerController2D.cs using Guid(6c00210c26ad222498d387b8dabde2c5) Importer(815301076,1909f56bfc062723c751e8b465ee728b)  -> (artifact id: 'ec17c623c2ca0f2f5c3b3df12e5979d4') in 0.005903 seconds
  Import took 0.008205 seconds .

========================================================================
Received Import Request.
  Time since last request: 14.996544 seconds.
  path: Assets/Animator2D.cs
  artifactKey: Guid(84c86dde54ae62b48a5874487b0c7191) Importer(815301076,1909f56bfc062723c751e8b465ee728b)
Start importing Assets/Animator2D.cs using Guid(84c86dde54ae62b48a5874487b0c7191) Importer(815301076,1909f56bfc062723c751e8b465ee728b)  -> (artifact id: '9f674600ed5c03f3bcd7b297cfddfee5') in 0.007936 seconds
  Import took 0.010981 seconds .

========================================================================
Received Prepare
Registering precompiled user dll's ...
Registered in 0.000745 seconds.
Begin MonoManager ReloadAssembly
Native extension for WindowsStandalone target not found
Native extension for OSXStandalone target not found
Native extension for WebGL target not found
Refreshing native plugins compatible for Editor in 0.28 ms, found 1 plugins.
Preloading 0 native plugins for Editor in 0.00 ms.
Mono: successfully reloaded assembly
- Completed reload, in  0.747 seconds
Platform modules already initialized, skipping
Refreshing native plugins compatible for Editor in 0.36 ms, found 1 plugins.
Preloading 0 native plugins for Editor in 0.00 ms.
Unloading 1805 Unused Serialized files (Serialized files now loaded: 0)
System memory in use before: 88.0 MB.
System memory in use after: 88.0 MB.

Unloading 12 unused Assets to reduce memory usage. Loaded Objects now: 2282.
Total: 2.775200 ms (FindLiveObjects: 0.563600 ms CreateObjectMapping: 0.190200 ms MarkObjects: 1.933000 ms  DeleteObjects: 0.087400 ms)

========================================================================
Received Prepare
Registering precompiled user dll's ...
Registered in 0.000808 seconds.
Begin MonoManager ReloadAssembly
Native extension for WindowsStandalone target not found
Native extension for OSXStandalone target not found
Native extension for WebGL target not found
Refreshing native plugins compatible for Editor in 0.27 ms, found 1 plugins.
Preloading 0 native plugins for Editor in 0.00 ms.
Mono: successfully reloaded assembly
- Completed reload, in  0.747 seconds
Platform modules already initialized, skipping
Refreshing native plugins compatible for Editor in 0.26 ms, found 1 plugins.
Preloading 0 native plugins for Editor in 0.00 ms.
Unloading 1805 Unused Serialized files (Serialized files now loaded: 0)
System memory in use before: 88.0 MB.
System memory in use after: 88.0 MB.

Unloading 12 unused Assets to reduce memory usage. Loaded Objects now: 2286.
Total: 1.697500 ms (FindLiveObjects: 0.196500 ms CreateObjectMapping: 0.068100 ms MarkObjects: 1.342800 ms  DeleteObjects: 0.088900 ms)

========================================================================
Received Import Request.
  Time since last request: 562.318597 seconds.
  path: Assets/Animator2D.cs
  artifactKey: Guid(84c86dde54ae62b48a5874487b0c7191) Importer(815301076,1909f56bfc062723c751e8b465ee728b)
Start importing Assets/Animator2D.cs using Guid(84c86dde54ae62b48a5874487b0c7191) Importer(815301076,1909f56bfc062723c751e8b465ee728b)  -> (artifact id: 'cdfb562038b7acc791e6020a15392374') in 0.005309 seconds
  Import took 0.009013 seconds .

========================================================================
Received Import Request.
  Time since last request: 0.000224 seconds.
  path: Assets/Animator2D.cs
  artifactKey: Guid(84c86dde54ae62b48a5874487b0c7191) Importer(815301076,1909f56bfc062723c751e8b465ee728b)
Start importing Assets/Animator2D.cs using Guid(84c86dde54ae62b48a5874487b0c7191) Importer(815301076,1909f56bfc062723c751e8b465ee728b)  -> (artifact id: 'cdfb562038b7acc791e6020a15392374') in 0.002265 seconds
  Import took 0.004924 seconds .

========================================================================
Received Prepare
Registering precompiled user dll's ...
Registered in 0.000968 seconds.
Begin MonoManager ReloadAssembly
Native extension for WindowsStandalone target not found
Native extension for OSXStandalone target not found
Native extension for WebGL target not found
Refreshing native plugins compatible for Editor in 0.26 ms, found 1 plugins.
Preloading 0 native plugins for Editor in 0.00 ms.
Mono: successfully reloaded assembly
- Completed reload, in  0.746 seconds
Platform modules already initialized, skipping
Refreshing native plugins compatible for Editor in 0.26 ms, found 1 plugins.
Preloading 0 native plugins for Editor in 0.00 ms.
Unloading 1805 Unused Serialized files (Serialized files now loaded: 0)
System memory in use before: 88.1 MB.
System memory in use after: 88.0 MB.

Unloading 12 unused Assets to reduce memory usage. Loaded Objects now: 2290.
Total: 1.932500 ms (FindLiveObjects: 0.227200 ms CreateObjectMapping: 0.076200 ms MarkObjects: 1.539400 ms  DeleteObjects: 0.088800 ms)

========================================================================
Received Import Request.
  Time since last request: 81.648180 seconds.
  path: Assets/Sprites/characters.png
  artifactKey: Guid(8db75531852f167448ec99cdf7152fb4) Importer(815301076,1909f56bfc062723c751e8b465ee728b)
Start importing Assets/Sprites/characters.png using Guid(8db75531852f167448ec99cdf7152fb4) Importer(815301076,1909f56bfc062723c751e8b465ee728b)  -> (artifact id: 'd4207013c25d3b57a0f419f5b3687568') in 0.053069 seconds
  Import took 0.055547 seconds .

========================================================================
Received Import Request.
  Time since last request: 10.968694 seconds.
  path: Assets/Sprites/characters.png
  artifactKey: Guid(8db75531852f167448ec99cdf7152fb4) Importer(815301076,1909f56bfc062723c751e8b465ee728b)
Start importing Assets/Sprites/characters.png using Guid(8db75531852f167448ec99cdf7152fb4) Importer(815301076,1909f56bfc062723c751e8b465ee728b)  -> (artifact id: '75c358c27832101d3e473959f8813ce3') in 0.025159 seconds
  Import took 0.027885 seconds .

========================================================================
Received Import Request.
  Time since last request: 10.672771 seconds.
  path: Assets/Sprites/sheet.png
  artifactKey: Guid(93b9cec0e9feeb741be4b462c91908bb) Importer(815301076,1909f56bfc062723c751e8b465ee728b)
Start importing Assets/Sprites/sheet.png using Guid(93b9cec0e9feeb741be4b462c91908bb) Importer(815301076,1909f56bfc062723c751e8b465ee728b)  -> (artifact id: 'fcdcf920e3298063edcc5b439650e35f') in 0.077215 seconds
  Import took 0.079870 seconds .

========================================================================
Received Import Request.
  Time since last request: 98.824970 seconds.
  path: Assets/Scenes/SampleScene.unity
  artifactKey: Guid(2cda990e2423bbf4892e6590ba056729) Importer(815301076,1909f56bfc062723c751e8b465ee728b)
Start importing Assets/Scenes/SampleScene.unity using Guid(2cda990e2423bbf4892e6590ba056729) Importer(815301076,1909f56bfc062723c751e8b465ee728b)  -> (artifact id: '2a4f97c675c7626539b0166a9fab036d') in 0.006939 seconds
  Import took 0.009866 seconds .

========================================================================
Received Prepare
Registering precompiled user dll's ...
Registered in 0.000818 seconds.
Begin MonoManager ReloadAssembly
Native extension for WindowsStandalone target not found
Native extension for OSXStandalone target not found
Native extension for WebGL target not found
Refreshing native plugins compatible for Editor in 0.26 ms, found 1 plugins.
Preloading 0 native plugins for Editor in 0.00 ms.
Mono: successfully reloaded assembly
- Completed reload, in  0.769 seconds
Platform modules already initialized, skipping
Refreshing native plugins compatible for Editor in 0.27 ms, found 1 plugins.
Preloading 0 native plugins for Editor in 0.00 ms.
Unloading 1805 Unused Serialized files (Serialized files now loaded: 0)
System memory in use before: 88.1 MB.
System memory in use after: 88.1 MB.

Unloading 12 unused Assets to reduce memory usage. Loaded Objects now: 2295.
Total: 1.710700 ms (FindLiveObjects: 0.156700 ms CreateObjectMapping: 0.056000 ms MarkObjects: 1.416500 ms  DeleteObjects: 0.080900 ms)

========================================================================
Received Prepare
Registering precompiled user dll's ...
Registered in 0.000807 seconds.
Begin MonoManager ReloadAssembly
Native extension for WindowsStandalone target not found
Native extension for OSXStandalone target not found
Native extension for WebGL target not found
Refreshing native plugins compatible for Editor in 0.27 ms, found 1 plugins.
Preloading 0 native plugins for Editor in 0.00 ms.
Mono: successfully reloaded assembly
- Completed reload, in  0.736 seconds
Platform modules already initialized, skipping
Refreshing native plugins compatible for Editor in 0.26 ms, found 1 plugins.
Preloading 0 native plugins for Editor in 0.00 ms.
Unloading 1805 Unused Serialized files (Serialized files now loaded: 0)
System memory in use before: 88.1 MB.
System memory in use after: 88.1 MB.

Unloading 12 unused Assets to reduce memory usage. Loaded Objects now: 2299.
Total: 1.768500 ms (FindLiveObjects: 0.173300 ms CreateObjectMapping: 0.060100 ms MarkObjects: 1.452700 ms  DeleteObjects: 0.081500 ms)

========================================================================
Received Prepare
Registering precompiled user dll's ...
Registered in 0.000787 seconds.
Begin MonoManager ReloadAssembly
Native extension for WindowsStandalone target not found
Native extension for OSXStandalone target not found
Native extension for WebGL target not found
Refreshing native plugins compatible for Editor in 0.28 ms, found 1 plugins.
Preloading 0 native plugins for Editor in 0.00 ms.
Mono: successfully reloaded assembly
- Completed reload, in  0.731 seconds
Platform modules already initialized, skipping
Refreshing native plugins compatible for Editor in 0.26 ms, found 1 plugins.
Preloading 0 native plugins for Editor in 0.00 ms.
Unloading 1805 Unused Serialized files (Serialized files now loaded: 0)
System memory in use before: 88.1 MB.
System memory in use after: 88.1 MB.

Unloading 12 unused Assets to reduce memory usage. Loaded Objects now: 2303.
Total: 1.840900 ms (FindLiveObjects: 0.169600 ms CreateObjectMapping: 0.057900 ms MarkObjects: 1.530000 ms  DeleteObjects: 0.082500 ms)

========================================================================
Received Prepare
Registering precompiled user dll's ...
Registered in 0.000886 seconds.
Begin MonoManager ReloadAssembly
Native extension for WindowsStandalone target not found
Native extension for OSXStandalone target not found
Native extension for WebGL target not found
Refreshing native plugins compatible for Editor in 0.40 ms, found 1 plugins.
Preloading 0 native plugins for Editor in 0.00 ms.
Mono: successfully reloaded assembly
- Completed reload, in  0.856 seconds
Platform modules already initialized, skipping
Refreshing native plugins compatible for Editor in 0.27 ms, found 1 plugins.
Preloading 0 native plugins for Editor in 0.00 ms.
Unloading 1805 Unused Serialized files (Serialized files now loaded: 0)
System memory in use before: 88.1 MB.
System memory in use after: 88.1 MB.

Unloading 12 unused Assets to reduce memory usage. Loaded Objects now: 2307.
Total: 2.083400 ms (FindLiveObjects: 0.314100 ms CreateObjectMapping: 0.056300 ms MarkObjects: 1.627900 ms  DeleteObjects: 0.083800 ms)

========================================================================
Received Import Request.
  Time since last request: 371.333745 seconds.
  path: Assets/NoFriction.physicMaterial
  artifactKey: Guid(56ec075198722404782e8d466a0913c7) Importer(815301076,1909f56bfc062723c751e8b465ee728b)
Start importing Assets/NoFriction.physicMaterial using Guid(56ec075198722404782e8d466a0913c7) Importer(815301076,1909f56bfc062723c751e8b465ee728b)  -> (artifact id: 'f39c83600152e9cb16f56175edb43cfd') in 0.017344 seconds
  Import took 0.020078 seconds .

========================================================================
Received Import Request.
  Time since last request: 34.867866 seconds.
  path: Assets/NoFriction.physicsMaterial2D
  artifactKey: Guid(e0ecf7d40ac5cba4e8203859fb22b4c3) Importer(815301076,1909f56bfc062723c751e8b465ee728b)
Start importing Assets/NoFriction.physicsMaterial2D using Guid(e0ecf7d40ac5cba4e8203859fb22b4c3) Importer(815301076,1909f56bfc062723c751e8b465ee728b)  -> (artifact id: '1b904dfb7285c5e0e5ebdaf61e2c8936') in 0.003798 seconds
  Import took 0.006394 seconds .

========================================================================
Received Prepare
Registering precompiled user dll's ...
Registered in 0.000787 seconds.
Begin MonoManager ReloadAssembly
Native extension for WindowsStandalone target not found
Native extension for OSXStandalone target not found
Native extension for WebGL target not found
Refreshing native plugins compatible for Editor in 0.27 ms, found 1 plugins.
Preloading 0 native plugins for Editor in 0.00 ms.
Mono: successfully reloaded assembly
- Completed reload, in  0.754 seconds
Platform modules already initialized, skipping
Refreshing native plugins compatible for Editor in 0.26 ms, found 1 plugins.
Preloading 0 native plugins for Editor in 0.00 ms.
Unloading 1805 Unused Serialized files (Serialized files now loaded: 0)
System memory in use before: 88.1 MB.
System memory in use after: 88.1 MB.

Unloading 12 unused Assets to reduce memory usage. Loaded Objects now: 2311.
Total: 1.798400 ms (FindLiveObjects: 0.156300 ms CreateObjectMapping: 0.064000 ms MarkObjects: 1.494500 ms  DeleteObjects: 0.082800 ms)

========================================================================
Received Prepare
Registering precompiled user dll's ...
Registered in 0.000801 seconds.
Begin MonoManager ReloadAssembly
Native extension for WindowsStandalone target not found
Native extension for OSXStandalone target not found
Native extension for WebGL target not found
Refreshing native plugins compatible for Editor in 0.28 ms, found 1 plugins.
Preloading 0 native plugins for Editor in 0.00 ms.
Mono: successfully reloaded assembly
- Completed reload, in  0.749 seconds
Platform modules already initialized, skipping
Refreshing native plugins compatible for Editor in 0.29 ms, found 1 plugins.
Preloading 0 native plugins for Editor in 0.00 ms.
Unloading 1805 Unused Serialized files (Serialized files now loaded: 0)
System memory in use before: 88.1 MB.
System memory in use after: 88.1 MB.

Unloading 12 unused Assets to reduce memory usage. Loaded Objects now: 2315.
Total: 2.021400 ms (FindLiveObjects: 0.213100 ms CreateObjectMapping: 0.074800 ms MarkObjects: 1.647600 ms  DeleteObjects: 0.084800 ms)

========================================================================
Received Prepare
Registering precompiled user dll's ...
Registered in 0.000826 seconds.
Begin MonoManager ReloadAssembly
Native extension for WindowsStandalone target not found
Native extension for OSXStandalone target not found
Native extension for WebGL target not found
Refreshing native plugins compatible for Editor in 0.26 ms, found 1 plugins.
Preloading 0 native plugins for Editor in 0.00 ms.
Mono: successfully reloaded assembly
- Completed reload, in  0.769 seconds
Platform modules already initialized, skipping
Refreshing native plugins compatible for Editor in 0.26 ms, found 1 plugins.
Preloading 0 native plugins for Editor in 0.00 ms.
Unloading 1805 Unused Serialized files (Serialized files now loaded: 0)
System memory in use before: 88.2 MB.
System memory in use after: 88.1 MB.

Unloading 12 unused Assets to reduce memory usage. Loaded Objects now: 2319.
Total: 1.791000 ms (FindLiveObjects: 0.137200 ms CreateObjectMapping: 0.051700 ms MarkObjects: 1.518300 ms  DeleteObjects: 0.083000 ms)

========================================================================
Received Prepare
Registering precompiled user dll's ...
Registered in 0.001180 seconds.
Begin MonoManager ReloadAssembly
Native extension for WindowsStandalone target not found
Native extension for OSXStandalone target not found
Native extension for WebGL target not found
Refreshing native plugins compatible for Editor in 0.47 ms, found 1 plugins.
Preloading 0 native plugins for Editor in 0.00 ms.
Mono: successfully reloaded assembly
- Completed reload, in  0.834 seconds
Platform modules already initialized, skipping
Refreshing native plugins compatible for Editor in 0.29 ms, found 1 plugins.
Preloading 0 native plugins for Editor in 0.00 ms.
Unloading 1805 Unused Serialized files (Serialized files now loaded: 0)
System memory in use before: 88.2 MB.
System memory in use after: 88.1 MB.

Unloading 12 unused Assets to reduce memory usage. Loaded Objects now: 2323.
Total: 2.618500 ms (FindLiveObjects: 0.242000 ms CreateObjectMapping: 0.084100 ms MarkObjects: 2.147500 ms  DeleteObjects: 0.143500 ms)

========================================================================
Received Prepare
Registering precompiled user dll's ...
Registered in 0.000761 seconds.
Begin MonoManager ReloadAssembly
Native extension for WindowsStandalone target not found
Native extension for OSXStandalone target not found
Native extension for WebGL target not found
Refreshing native plugins compatible for Editor in 0.27 ms, found 1 plugins.
Preloading 0 native plugins for Editor in 0.00 ms.
Mono: successfully reloaded assembly
- Completed reload, in  0.734 seconds
Platform modules already initialized, skipping
Refreshing native plugins compatible for Editor in 0.27 ms, found 1 plugins.
Preloading 0 native plugins for Editor in 0.00 ms.
Unloading 1805 Unused Serialized files (Serialized files now loaded: 0)
System memory in use before: 88.2 MB.
System memory in use after: 88.1 MB.

Unloading 12 unused Assets to reduce memory usage. Loaded Objects now: 2327.
Total: 1.609900 ms (FindLiveObjects: 0.172400 ms CreateObjectMapping: 0.051400 ms MarkObjects: 1.303400 ms  DeleteObjects: 0.081900 ms)

========================================================================
Received Prepare
Registering precompiled user dll's ...
Registered in 0.000831 seconds.
Begin MonoManager ReloadAssembly
Native extension for WindowsStandalone target not found
Native extension for OSXStandalone target not found
Native extension for WebGL target not found
Refreshing native plugins compatible for Editor in 0.26 ms, found 1 plugins.
Preloading 0 native plugins for Editor in 0.00 ms.
Mono: successfully reloaded assembly
- Completed reload, in  0.744 seconds
Platform modules already initialized, skipping
Refreshing native plugins compatible for Editor in 0.26 ms, found 1 plugins.
Preloading 0 native plugins for Editor in 0.00 ms.
Unloading 1805 Unused Serialized files (Serialized files now loaded: 0)
System memory in use before: 88.2 MB.
System memory in use after: 88.1 MB.

Unloading 12 unused Assets to reduce memory usage. Loaded Objects now: 2331.
Total: 1.786900 ms (FindLiveObjects: 0.144000 ms CreateObjectMapping: 0.056500 ms MarkObjects: 1.502000 ms  DeleteObjects: 0.083600 ms)

========================================================================
Received Prepare
Registering precompiled user dll's ...
Registered in 0.000779 seconds.
Begin MonoManager ReloadAssembly
Native extension for WindowsStandalone target not found
Native extension for OSXStandalone target not found
Native extension for WebGL target not found
Refreshing native plugins compatible for Editor in 0.27 ms, found 1 plugins.
Preloading 0 native plugins for Editor in 0.00 ms.
Mono: successfully reloaded assembly
- Completed reload, in  0.749 seconds
Platform modules already initialized, skipping
Refreshing native plugins compatible for Editor in 0.27 ms, found 1 plugins.
Preloading 0 native plugins for Editor in 0.00 ms.
Unloading 1805 Unused Serialized files (Serialized files now loaded: 0)
System memory in use before: 88.2 MB.
System memory in use after: 88.2 MB.

Unloading 12 unused Assets to reduce memory usage. Loaded Objects now: 2335.
Total: 1.923600 ms (FindLiveObjects: 0.170200 ms CreateObjectMapping: 0.051500 ms MarkObjects: 1.619300 ms  DeleteObjects: 0.081900 ms)

========================================================================
Received Prepare
Registering precompiled user dll's ...
Registered in 0.000774 seconds.
Begin MonoManager ReloadAssembly
Native extension for WindowsStandalone target not found
Native extension for OSXStandalone target not found
Native extension for WebGL target not found
Refreshing native plugins compatible for Editor in 0.31 ms, found 1 plugins.
Preloading 0 native plugins for Editor in 0.00 ms.
Mono: successfully reloaded assembly
- Completed reload, in  0.742 seconds
Platform modules already initialized, skipping
Refreshing native plugins compatible for Editor in 0.30 ms, found 1 plugins.
Preloading 0 native plugins for Editor in 0.00 ms.
Unloading 1805 Unused Serialized files (Serialized files now loaded: 0)
System memory in use before: 88.2 MB.
System memory in use after: 88.2 MB.

Unloading 12 unused Assets to reduce memory usage. Loaded Objects now: 2339.
Total: 1.989000 ms (FindLiveObjects: 0.188200 ms CreateObjectMapping: 0.069700 ms MarkObjects: 1.643100 ms  DeleteObjects: 0.087200 ms)

========================================================================
Received Prepare
Registering precompiled user dll's ...
Registered in 0.000799 seconds.
Begin MonoManager ReloadAssembly
Native extension for WindowsStandalone target not found
Native extension for OSXStandalone target not found
Native extension for WebGL target not found
Refreshing native plugins compatible for Editor in 0.27 ms, found 1 plugins.
Preloading 0 native plugins for Editor in 0.00 ms.
Mono: successfully reloaded assembly
- Completed reload, in  0.737 seconds
Platform modules already initialized, skipping
Refreshing native plugins compatible for Editor in 0.27 ms, found 1 plugins.
Preloading 0 native plugins for Editor in 0.00 ms.
Unloading 1805 Unused Serialized files (Serialized files now loaded: 0)
System memory in use before: 88.2 MB.
System memory in use after: 88.2 MB.

Unloading 12 unused Assets to reduce memory usage. Loaded Objects now: 2343.
Total: 1.804300 ms (FindLiveObjects: 0.164900 ms CreateObjectMapping: 0.058800 ms MarkObjects: 1.488600 ms  DeleteObjects: 0.091100 ms)

========================================================================
Received Prepare
Registering precompiled user dll's ...
Registered in 0.000847 seconds.
Begin MonoManager ReloadAssembly
Native extension for WindowsStandalone target not found
Native extension for OSXStandalone target not found
Native extension for WebGL target not found
Refreshing native plugins compatible for Editor in 0.32 ms, found 1 plugins.
Preloading 0 native plugins for Editor in 0.00 ms.
Mono: successfully reloaded assembly
- Completed reload, in  0.722 seconds
Platform modules already initialized, skipping
Refreshing native plugins compatible for Editor in 0.26 ms, found 1 plugins.
Preloading 0 native plugins for Editor in 0.00 ms.
Unloading 1805 Unused Serialized files (Serialized files now loaded: 0)
System memory in use before: 88.2 MB.
System memory in use after: 88.2 MB.

Unloading 12 unused Assets to reduce memory usage. Loaded Objects now: 2347.
Total: 1.966300 ms (FindLiveObjects: 0.170100 ms CreateObjectMapping: 0.063400 ms MarkObjects: 1.647200 ms  DeleteObjects: 0.084800 ms)

========================================================================
Received Prepare
Registering precompiled user dll's ...
Registered in 0.000807 seconds.
Begin MonoManager ReloadAssembly
Native extension for WindowsStandalone target not found
Native extension for OSXStandalone target not found
Native extension for WebGL target not found
Refreshing native plugins compatible for Editor in 0.42 ms, found 1 plugins.
Preloading 0 native plugins for Editor in 0.00 ms.
Mono: successfully reloaded assembly
- Completed reload, in  0.734 seconds
Platform modules already initialized, skipping
Refreshing native plugins compatible for Editor in 0.26 ms, found 1 plugins.
Preloading 0 native plugins for Editor in 0.00 ms.
Unloading 1805 Unused Serialized files (Serialized files now loaded: 0)
System memory in use before: 88.2 MB.
System memory in use after: 88.2 MB.

Unloading 12 unused Assets to reduce memory usage. Loaded Objects now: 2351.
Total: 1.742200 ms (FindLiveObjects: 0.159100 ms CreateObjectMapping: 0.051700 ms MarkObjects: 1.449600 ms  DeleteObjects: 0.080900 ms)

========================================================================
Received Prepare
Registering precompiled user dll's ...
Registered in 0.000822 seconds.
Begin MonoManager ReloadAssembly
Native extension for WindowsStandalone target not found
Native extension for OSXStandalone target not found
Native extension for WebGL target not found
Refreshing native plugins compatible for Editor in 0.27 ms, found 1 plugins.
Preloading 0 native plugins for Editor in 0.00 ms.
Mono: successfully reloaded assembly
- Completed reload, in  0.745 seconds
Platform modules already initialized, skipping
Refreshing native plugins compatible for Editor in 0.27 ms, found 1 plugins.
Preloading 0 native plugins for Editor in 0.00 ms.
Unloading 1805 Unused Serialized files (Serialized files now loaded: 0)
System memory in use before: 88.2 MB.
System memory in use after: 88.2 MB.

Unloading 12 unused Assets to reduce memory usage. Loaded Objects now: 2355.
Total: 1.879200 ms (FindLiveObjects: 0.193800 ms CreateObjectMapping: 0.063400 ms MarkObjects: 1.535000 ms  DeleteObjects: 0.086100 ms)

========================================================================
Received Prepare
Registering precompiled user dll's ...
Registered in 0.001158 seconds.
Begin MonoManager ReloadAssembly
Native extension for WindowsStandalone target not found
Native extension for OSXStandalone target not found
Native extension for WebGL target not found
Refreshing native plugins compatible for Editor in 0.27 ms, found 1 plugins.
Preloading 0 native plugins for Editor in 0.00 ms.
Mono: successfully reloaded assembly
- Completed reload, in  0.730 seconds
Platform modules already initialized, skipping
Refreshing native plugins compatible for Editor in 0.26 ms, found 1 plugins.
Preloading 0 native plugins for Editor in 0.00 ms.
Unloading 1805 Unused Serialized files (Serialized files now loaded: 0)
System memory in use before: 88.2 MB.
System memory in use after: 88.2 MB.

Unloading 12 unused Assets to reduce memory usage. Loaded Objects now: 2359.
Total: 1.574100 ms (FindLiveObjects: 0.141200 ms CreateObjectMapping: 0.054000 ms MarkObjects: 1.301700 ms  DeleteObjects: 0.076500 ms)

========================================================================
Received Prepare
Registering precompiled user dll's ...
Registered in 0.000833 seconds.
Begin MonoManager ReloadAssembly
Native extension for WindowsStandalone target not found
Native extension for OSXStandalone target not found
Native extension for WebGL target not found
Refreshing native plugins compatible for Editor in 0.26 ms, found 1 plugins.
Preloading 0 native plugins for Editor in 0.00 ms.
Mono: successfully reloaded assembly
- Completed reload, in  0.720 seconds
Platform modules already initialized, skipping
Refreshing native plugins compatible for Editor in 0.26 ms, found 1 plugins.
Preloading 0 native plugins for Editor in 0.00 ms.
Unloading 1805 Unused Serialized files (Serialized files now loaded: 0)
System memory in use before: 88.3 MB.
System memory in use after: 88.2 MB.

Unloading 12 unused Assets to reduce memory usage. Loaded Objects now: 2363.
Total: 1.716100 ms (FindLiveObjects: 0.181100 ms CreateObjectMapping: 0.057200 ms MarkObjects: 1.395300 ms  DeleteObjects: 0.081600 ms)

========================================================================
Received Prepare
Registering precompiled user dll's ...
Registered in 0.000791 seconds.
Begin MonoManager ReloadAssembly
Native extension for WindowsStandalone target not found
Native extension for OSXStandalone target not found
Native extension for WebGL target not found
Refreshing native plugins compatible for Editor in 0.27 ms, found 1 plugins.
Preloading 0 native plugins for Editor in 0.00 ms.
Mono: successfully reloaded assembly
- Completed reload, in  0.737 seconds
Platform modules already initialized, skipping
Refreshing native plugins compatible for Editor in 0.28 ms, found 1 plugins.
Preloading 0 native plugins for Editor in 0.00 ms.
Unloading 1805 Unused Serialized files (Serialized files now loaded: 0)
System memory in use before: 88.3 MB.
System memory in use after: 88.2 MB.

Unloading 12 unused Assets to reduce memory usage. Loaded Objects now: 2367.
Total: 1.759800 ms (FindLiveObjects: 0.200300 ms CreateObjectMapping: 0.058500 ms MarkObjects: 1.409300 ms  DeleteObjects: 0.090700 ms)

========================================================================
Received Prepare
Registering precompiled user dll's ...
Registered in 0.001417 seconds.
Begin MonoManager ReloadAssembly
Native extension for WindowsStandalone target not found
Native extension for OSXStandalone target not found
Native extension for WebGL target not found
Refreshing native plugins compatible for Editor in 0.27 ms, found 1 plugins.
Preloading 0 native plugins for Editor in 0.00 ms.
Mono: successfully reloaded assembly
- Completed reload, in  0.730 seconds
Platform modules already initialized, skipping
Refreshing native plugins compatible for Editor in 0.26 ms, found 1 plugins.
Preloading 0 native plugins for Editor in 0.00 ms.
Unloading 1805 Unused Serialized files (Serialized files now loaded: 0)
System memory in use before: 88.3 MB.
System memory in use after: 88.2 MB.

Unloading 12 unused Assets to reduce memory usage. Loaded Objects now: 2371.
Total: 1.817100 ms (FindLiveObjects: 0.167800 ms CreateObjectMapping: 0.062600 ms MarkObjects: 1.504800 ms  DeleteObjects: 0.081200 ms)

========================================================================
Received Prepare
Registering precompiled user dll's ...
Registered in 0.000776 seconds.
Begin MonoManager ReloadAssembly
Native extension for WindowsStandalone target not found
Native extension for OSXStandalone target not found
Native extension for WebGL target not found
Refreshing native plugins compatible for Editor in 0.26 ms, found 1 plugins.
Preloading 0 native plugins for Editor in 0.00 ms.
Mono: successfully reloaded assembly
- Completed reload, in  0.740 seconds
Platform modules already initialized, skipping
Refreshing native plugins compatible for Editor in 0.26 ms, found 1 plugins.
Preloading 0 native plugins for Editor in 0.00 ms.
Unloading 1805 Unused Serialized files (Serialized files now loaded: 0)
System memory in use before: 88.3 MB.
System memory in use after: 88.3 MB.

Unloading 12 unused Assets to reduce memory usage. Loaded Objects now: 2375.
Total: 1.781200 ms (FindLiveObjects: 0.149700 ms CreateObjectMapping: 0.052100 ms MarkObjects: 1.496900 ms  DeleteObjects: 0.081600 ms)

========================================================================
Received Prepare
Registering precompiled user dll's ...
Registered in 0.000821 seconds.
Begin MonoManager ReloadAssembly
Native extension for WindowsStandalone target not found
Native extension for OSXStandalone target not found
Native extension for WebGL target not found
Refreshing native plugins compatible for Editor in 0.26 ms, found 1 plugins.
Preloading 0 native plugins for Editor in 0.00 ms.
Mono: successfully reloaded assembly
- Completed reload, in  0.729 seconds
Platform modules already initialized, skipping
Refreshing native plugins compatible for Editor in 0.26 ms, found 1 plugins.
Preloading 0 native plugins for Editor in 0.00 ms.
Unloading 1805 Unused Serialized files (Serialized files now loaded: 0)
System memory in use before: 88.3 MB.
System memory in use after: 88.3 MB.

Unloading 12 unused Assets to reduce memory usage. Loaded Objects now: 2379.
Total: 1.881400 ms (FindLiveObjects: 0.172900 ms CreateObjectMapping: 0.058400 ms MarkObjects: 1.571500 ms  DeleteObjects: 0.077900 ms)

========================================================================
Received Prepare
Registering precompiled user dll's ...
Registered in 0.000986 seconds.
Begin MonoManager ReloadAssembly
Native extension for WindowsStandalone target not found
Native extension for OSXStandalone target not found
Native extension for WebGL target not found
Refreshing native plugins compatible for Editor in 0.28 ms, found 1 plugins.
Preloading 0 native plugins for Editor in 0.00 ms.
Mono: successfully reloaded assembly
- Completed reload, in  0.859 seconds
Platform modules already initialized, skipping
Refreshing native plugins compatible for Editor in 0.30 ms, found 1 plugins.
Preloading 0 native plugins for Editor in 0.00 ms.
Unloading 1805 Unused Serialized files (Serialized files now loaded: 0)
System memory in use before: 88.3 MB.
System memory in use after: 88.3 MB.

Unloading 12 unused Assets to reduce memory usage. Loaded Objects now: 2383.
Total: 2.089800 ms (FindLiveObjects: 0.190400 ms CreateObjectMapping: 0.101500 ms MarkObjects: 1.671900 ms  DeleteObjects: 0.124700 ms)

========================================================================
Received Prepare
Registering precompiled user dll's ...
Registered in 0.000779 seconds.
Begin MonoManager ReloadAssembly
Native extension for WindowsStandalone target not found
Native extension for OSXStandalone target not found
Native extension for WebGL target not found
Refreshing native plugins compatible for Editor in 0.27 ms, found 1 plugins.
Preloading 0 native plugins for Editor in 0.00 ms.
Mono: successfully reloaded assembly
- Completed reload, in  0.760 seconds
Platform modules already initialized, skipping
Refreshing native plugins compatible for Editor in 0.26 ms, found 1 plugins.
Preloading 0 native plugins for Editor in 0.00 ms.
Unloading 1805 Unused Serialized files (Serialized files now loaded: 0)
System memory in use before: 88.3 MB.
System memory in use after: 88.3 MB.

Unloading 12 unused Assets to reduce memory usage. Loaded Objects now: 2387.
Total: 1.823000 ms (FindLiveObjects: 0.160000 ms CreateObjectMapping: 0.059200 ms MarkObjects: 1.528000 ms  DeleteObjects: 0.074900 ms)

========================================================================
Received Import Request.
  Time since last request: 1327.638924 seconds.
  path: ProjectSettings/TagManager.asset
  artifactKey: Guid(00000000000000003000000000000000) Importer(815301076,1909f56bfc062723c751e8b465ee728b)
Start importing ProjectSettings/TagManager.asset using Guid(00000000000000003000000000000000) Importer(815301076,1909f56bfc062723c751e8b465ee728b)  -> (artifact id: '3be35322f6257a9f44561c54a47ec410') in 0.016039 seconds
  Import took 0.018484 seconds .

========================================================================
Received Prepare
Registering precompiled user dll's ...
Registered in 0.001200 seconds.
Begin MonoManager ReloadAssembly
Native extension for WindowsStandalone target not found
Native extension for OSXStandalone target not found
Native extension for WebGL target not found
Refreshing native plugins compatible for Editor in 0.27 ms, found 1 plugins.
Preloading 0 native plugins for Editor in 0.00 ms.
Mono: successfully reloaded assembly
- Completed reload, in  0.764 seconds
Platform modules already initialized, skipping
Refreshing native plugins compatible for Editor in 0.26 ms, found 1 plugins.
Preloading 0 native plugins for Editor in 0.00 ms.
Unloading 1805 Unused Serialized files (Serialized files now loaded: 0)
System memory in use before: 88.3 MB.
System memory in use after: 88.3 MB.

Unloading 13 unused Assets to reduce memory usage. Loaded Objects now: 2391.
Total: 1.702600 ms (FindLiveObjects: 0.212300 ms CreateObjectMapping: 0.078100 ms MarkObjects: 1.325100 ms  DeleteObjects: 0.086200 ms)

========================================================================
Received Prepare
Registering precompiled user dll's ...
Registered in 0.000874 seconds.
Begin MonoManager ReloadAssembly
Native extension for WindowsStandalone target not found
Native extension for OSXStandalone target not found
Native extension for WebGL target not found
Refreshing native plugins compatible for Editor in 0.26 ms, found 1 plugins.
Preloading 0 native plugins for Editor in 0.00 ms.
Mono: successfully reloaded assembly
- Completed reload, in  0.752 seconds
Platform modules already initialized, skipping
Refreshing native plugins compatible for Editor in 0.26 ms, found 1 plugins.
Preloading 0 native plugins for Editor in 0.00 ms.
Unloading 1805 Unused Serialized files (Serialized files now loaded: 0)
System memory in use before: 88.3 MB.
System memory in use after: 88.3 MB.

Unloading 12 unused Assets to reduce memory usage. Loaded Objects now: 2395.
Total: 1.632800 ms (FindLiveObjects: 0.204800 ms CreateObjectMapping: 0.051900 ms MarkObjects: 1.297700 ms  DeleteObjects: 0.077600 ms)

========================================================================
Received Prepare
Registering precompiled user dll's ...
Registered in 0.000822 seconds.
Begin MonoManager ReloadAssembly
Native extension for WindowsStandalone target not found
Native extension for OSXStandalone target not found
Native extension for WebGL target not found
Refreshing native plugins compatible for Editor in 0.33 ms, found 1 plugins.
Preloading 0 native plugins for Editor in 0.00 ms.
Mono: successfully reloaded assembly
- Completed reload, in  0.745 seconds
Platform modules already initialized, skipping
Refreshing native plugins compatible for Editor in 0.27 ms, found 1 plugins.
Preloading 0 native plugins for Editor in 0.00 ms.
Unloading 1805 Unused Serialized files (Serialized files now loaded: 0)
System memory in use before: 88.3 MB.
System memory in use after: 88.3 MB.

Unloading 12 unused Assets to reduce memory usage. Loaded Objects now: 2399.
Total: 1.769300 ms (FindLiveObjects: 0.161700 ms CreateObjectMapping: 0.054800 ms MarkObjects: 1.465000 ms  DeleteObjects: 0.087000 ms)

========================================================================
Received Prepare
Registering precompiled user dll's ...
Registered in 0.000784 seconds.
Begin MonoManager ReloadAssembly
Native extension for WindowsStandalone target not found
Native extension for OSXStandalone target not found
Native extension for WebGL target not found
Refreshing native plugins compatible for Editor in 0.40 ms, found 1 plugins.
Preloading 0 native plugins for Editor in 0.00 ms.
Mono: successfully reloaded assembly
- Completed reload, in  0.734 seconds
Platform modules already initialized, skipping
Refreshing native plugins compatible for Editor in 0.27 ms, found 1 plugins.
Preloading 0 native plugins for Editor in 0.00 ms.
Unloading 1805 Unused Serialized files (Serialized files now loaded: 0)
System memory in use before: 88.3 MB.
System memory in use after: 88.3 MB.

Unloading 12 unused Assets to reduce memory usage. Loaded Objects now: 2403.
Total: 2.090300 ms (FindLiveObjects: 0.256500 ms CreateObjectMapping: 0.088500 ms MarkObjects: 1.663400 ms  DeleteObjects: 0.081000 ms)

========================================================================
Received Prepare
Registering precompiled user dll's ...
Registered in 0.000797 seconds.
Begin MonoManager ReloadAssembly
Native extension for WindowsStandalone target not found
Native extension for OSXStandalone target not found
Native extension for WebGL target not found
Refreshing native plugins compatible for Editor in 0.27 ms, found 1 plugins.
Preloading 0 native plugins for Editor in 0.00 ms.
Mono: successfully reloaded assembly
- Completed reload, in  0.749 seconds
Platform modules already initialized, skipping
Refreshing native plugins compatible for Editor in 0.27 ms, found 1 plugins.
Preloading 0 native plugins for Editor in 0.00 ms.
Unloading 1805 Unused Serialized files (Serialized files now loaded: 0)
System memory in use before: 88.4 MB.
System memory in use after: 88.3 MB.

Unloading 12 unused Assets to reduce memory usage. Loaded Objects now: 2407.
Total: 1.932800 ms (FindLiveObjects: 0.152500 ms CreateObjectMapping: 0.059900 ms MarkObjects: 1.636500 ms  DeleteObjects: 0.082400 ms)

========================================================================
Received Prepare
Registering precompiled user dll's ...
Registered in 0.000796 seconds.
Begin MonoManager ReloadAssembly
Native extension for WindowsStandalone target not found
Native extension for OSXStandalone target not found
Native extension for WebGL target not found
Refreshing native plugins compatible for Editor in 0.28 ms, found 1 plugins.
Preloading 0 native plugins for Editor in 0.00 ms.
Mono: successfully reloaded assembly
- Completed reload, in  0.740 seconds
Platform modules already initialized, skipping
Refreshing native plugins compatible for Editor in 0.26 ms, found 1 plugins.
Preloading 0 native plugins for Editor in 0.00 ms.
Unloading 1805 Unused Serialized files (Serialized files now loaded: 0)
System memory in use before: 88.4 MB.
System memory in use after: 88.3 MB.

Unloading 12 unused Assets to reduce memory usage. Loaded Objects now: 2411.
Total: 2.106500 ms (FindLiveObjects: 0.260900 ms CreateObjectMapping: 0.087500 ms MarkObjects: 1.676500 ms  DeleteObjects: 0.080700 ms)

========================================================================
Received Import Request.
  Time since last request: 508.543102 seconds.
  path: Assets/Animator2D.cs
  artifactKey: Guid(84c86dde54ae62b48a5874487b0c7191) Importer(815301076,1909f56bfc062723c751e8b465ee728b)
Start importing Assets/Animator2D.cs using Guid(84c86dde54ae62b48a5874487b0c7191) Importer(815301076,1909f56bfc062723c751e8b465ee728b)  -> (artifact id: '7541deb66e6f1ebf5f34b87db51242ed') in 0.008210 seconds
  Import took 0.010607 seconds .

========================================================================
Received Prepare
Registering precompiled user dll's ...
Registered in 0.000798 seconds.
Begin MonoManager ReloadAssembly
Native extension for WindowsStandalone target not found
Native extension for OSXStandalone target not found
Native extension for WebGL target not found
Refreshing native plugins compatible for Editor in 0.27 ms, found 1 plugins.
Preloading 0 native plugins for Editor in 0.00 ms.
Mono: successfully reloaded assembly
- Completed reload, in  0.717 seconds
Platform modules already initialized, skipping
Refreshing native plugins compatible for Editor in 0.26 ms, found 1 plugins.
Preloading 0 native plugins for Editor in 0.00 ms.
Unloading 1805 Unused Serialized files (Serialized files now loaded: 0)
System memory in use before: 88.4 MB.
System memory in use after: 88.4 MB.

Unloading 12 unused Assets to reduce memory usage. Loaded Objects now: 2415.
Total: 1.738700 ms (FindLiveObjects: 0.144800 ms CreateObjectMapping: 0.053700 ms MarkObjects: 1.462300 ms  DeleteObjects: 0.077300 ms)

========================================================================
Received Import Request.
  Time since last request: 162.863472 seconds.
  path: Assets/Sprites/world.png
  artifactKey: Guid(93b9cec0e9feeb741be4b462c91908bb) Importer(815301076,1909f56bfc062723c751e8b465ee728b)
Start importing Assets/Sprites/world.png using Guid(93b9cec0e9feeb741be4b462c91908bb) Importer(815301076,1909f56bfc062723c751e8b465ee728b)  -> (artifact id: '62e16f7465eb64ff6b0b3fe064e5b050') in 0.119259 seconds
  Import took 0.121851 seconds .

========================================================================
Received Import Request.
  Time since last request: 47.847828 seconds.
  path: Assets/Sprites/WorldPalette.prefab
  artifactKey: Guid(237164b1b8099ec4fab25b4ba5a188b4) Importer(815301076,1909f56bfc062723c751e8b465ee728b)
Start importing Assets/Sprites/WorldPalette.prefab using Guid(237164b1b8099ec4fab25b4ba5a188b4) Importer(815301076,1909f56bfc062723c751e8b465ee728b)  -> (artifact id: '83eccfcfceb0418467b80a74292cca60') in 0.013256 seconds
  Import took 0.016368 seconds .

========================================================================
Received Import Request.
  Time since last request: 8.458646 seconds.
  path: Assets/Sprites/WorldTilePalette.prefab
  artifactKey: Guid(237164b1b8099ec4fab25b4ba5a188b4) Importer(815301076,1909f56bfc062723c751e8b465ee728b)
Start importing Assets/Sprites/WorldTilePalette.prefab using Guid(237164b1b8099ec4fab25b4ba5a188b4) Importer(815301076,1909f56bfc062723c751e8b465ee728b)  -> (artifact id: '1ba839029a5586c1461603793e25912f') in 0.007161 seconds
  Import took 0.010186 seconds .

========================================================================
Received Import Request.
  Time since last request: 119.899431 seconds.
  path: Assets/Sprites/WorldTilePalette.prefab
  artifactKey: Guid(237164b1b8099ec4fab25b4ba5a188b4) Importer(815301076,1909f56bfc062723c751e8b465ee728b)
Start importing Assets/Sprites/WorldTilePalette.prefab using Guid(237164b1b8099ec4fab25b4ba5a188b4) Importer(815301076,1909f56bfc062723c751e8b465ee728b)  -> (artifact id: '728a029258a4ae03b86f3ccb68e4518c') in 0.005206 seconds
  Import took 0.008700 seconds .

========================================================================
Received Import Request.
  Time since last request: 0.526005 seconds.
  path: Assets/Sprites/WorldPalette.prefab
  artifactKey: Guid(237164b1b8099ec4fab25b4ba5a188b4) Importer(815301076,1909f56bfc062723c751e8b465ee728b)
Start importing Assets/Sprites/WorldPalette.prefab using Guid(237164b1b8099ec4fab25b4ba5a188b4) Importer(815301076,1909f56bfc062723c751e8b465ee728b)  -> (artifact id: '852f08370a6d2baace192c1d7751ea3b') in 0.003335 seconds
  Import took 0.006156 seconds .

========================================================================
Received Import Request.
  Time since last request: 12.774109 seconds.
  path: Assets/Sprites/TilePalette/granite_center1.asset
  artifactKey: Guid(0e4d2a6413f0af34197da80bbb217cd0) Importer(815301076,1909f56bfc062723c751e8b465ee728b)
Start importing Assets/Sprites/TilePalette/granite_center1.asset using Guid(0e4d2a6413f0af34197da80bbb217cd0) Importer(815301076,1909f56bfc062723c751e8b465ee728b)  -> (artifact id: 'a76bcbb8fdbc854342d8ec2309721721') in 0.016027 seconds
  Import took 0.018529 seconds .

========================================================================
Received Import Request.
  Time since last request: 1.623555 seconds.
  path: Assets/Sprites/TilePalette/water_center.asset
  artifactKey: Guid(c5f91b1a78ccc8d4abadafb626ec4047) Importer(815301076,1909f56bfc062723c751e8b465ee728b)
Start importing Assets/Sprites/TilePalette/water_center.asset using Guid(c5f91b1a78ccc8d4abadafb626ec4047) Importer(815301076,1909f56bfc062723c751e8b465ee728b)  -> (artifact id: 'a6d40f5beae70c2d2c663544afe3494c') in 0.009726 seconds
  Import took 0.012119 seconds .

========================================================================
Received Import Request.
  Time since last request: 0.918444 seconds.
  path: Assets/Sprites/TilePalette/water_top.asset
  artifactKey: Guid(7e6b2af84e441ae49acb8eab89c83b0c) Importer(815301076,1909f56bfc062723c751e8b465ee728b)
Start importing Assets/Sprites/TilePalette/water_top.asset using Guid(7e6b2af84e441ae49acb8eab89c83b0c) Importer(815301076,1909f56bfc062723c751e8b465ee728b)  -> (artifact id: '127929b25831a05960bb3b3e93208ce3') in 0.009583 seconds
  Import took 0.012508 seconds .

========================================================================
Received Import Request.
  Time since last request: 77.330845 seconds.
  path: Assets/Sprites/TilePalette/WorldTilePalette.prefab
  artifactKey: Guid(237164b1b8099ec4fab25b4ba5a188b4) Importer(815301076,1909f56bfc062723c751e8b465ee728b)
Start importing Assets/Sprites/TilePalette/WorldTilePalette.prefab using Guid(237164b1b8099ec4fab25b4ba5a188b4) Importer(815301076,1909f56bfc062723c751e8b465ee728b)  -> (artifact id: '5871ac180a56a4cf691c7de3c239c267') in 0.004350 seconds
  Import took 0.007449 seconds .

========================================================================
Received Import Request.
  Time since last request: 2.381948 seconds.
  path: Assets/Sprites/TilePalette
  artifactKey: Guid(a1de4531b473b5a4ba4366e88c0b32b3) Importer(815301076,1909f56bfc062723c751e8b465ee728b)
Start importing Assets/Sprites/TilePalette using Guid(a1de4531b473b5a4ba4366e88c0b32b3) Importer(815301076,1909f56bfc062723c751e8b465ee728b)  -> (artifact id: '6c400abc1bfe2842785cbc4ba623ef2a') in 0.006016 seconds
  Import took 0.008770 seconds .

========================================================================
Received Import Request.
  Time since last request: 0.000425 seconds.
  path: Assets/Sprites/TilePalette
  artifactKey: Guid(a1de4531b473b5a4ba4366e88c0b32b3) Importer(815301076,1909f56bfc062723c751e8b465ee728b)
Start importing Assets/Sprites/TilePalette using Guid(a1de4531b473b5a4ba4366e88c0b32b3) Importer(815301076,1909f56bfc062723c751e8b465ee728b)  -> (artifact id: '6c400abc1bfe2842785cbc4ba623ef2a') in 0.001939 seconds
  Import took 0.004712 seconds .

========================================================================
Received Import Request.
  Time since last request: 23.695580 seconds.
  path: Assets/Sprites/TilePalette/TilePalette.prefab
  artifactKey: Guid(7cd91d8d5a502824aa49dccab4a36863) Importer(815301076,1909f56bfc062723c751e8b465ee728b)
Start importing Assets/Sprites/TilePalette/TilePalette.prefab using Guid(7cd91d8d5a502824aa49dccab4a36863) Importer(815301076,1909f56bfc062723c751e8b465ee728b)  -> (artifact id: 'f57b0b4efca09c926ed9757e02f15c98') in 0.003971 seconds
  Import took 0.006964 seconds .

========================================================================
Received Import Request.
  Time since last request: 0.000481 seconds.
  path: Assets/Sprites/TilePalette/TilePalette.prefab
  artifactKey: Guid(7cd91d8d5a502824aa49dccab4a36863) Importer(815301076,1909f56bfc062723c751e8b465ee728b)
Start importing Assets/Sprites/TilePalette/TilePalette.prefab using Guid(7cd91d8d5a502824aa49dccab4a36863) Importer(815301076,1909f56bfc062723c751e8b465ee728b)  -> (artifact id: 'f57b0b4efca09c926ed9757e02f15c98') in 0.003332 seconds
  Import took 0.005886 seconds .

========================================================================
Received Import Request.
  Time since last request: 3.253835 seconds.
  path: Assets/Sprites/TilePalette/WorldTilePalette.prefab
  artifactKey: Guid(7cd91d8d5a502824aa49dccab4a36863) Importer(815301076,1909f56bfc062723c751e8b465ee728b)
Start importing Assets/Sprites/TilePalette/WorldTilePalette.prefab using Guid(7cd91d8d5a502824aa49dccab4a36863) Importer(815301076,1909f56bfc062723c751e8b465ee728b)  -> (artifact id: '37b1f79352ed47da5bc8af0dee642b49') in 0.003586 seconds
  Import took 0.006704 seconds .

========================================================================
Received Import Request.
  Time since last request: 64.577099 seconds.
  path: Assets/Sprites/TilePalette/WorldTilePalette.prefab
  artifactKey: Guid(7cd91d8d5a502824aa49dccab4a36863) Importer(815301076,1909f56bfc062723c751e8b465ee728b)
Start importing Assets/Sprites/TilePalette/WorldTilePalette.prefab using Guid(7cd91d8d5a502824aa49dccab4a36863) Importer(815301076,1909f56bfc062723c751e8b465ee728b)  -> (artifact id: 'd532c6373b06ee11c119fd2d8bb22f0e') in 0.003347 seconds
  Import took 0.006179 seconds .

========================================================================
Received Import Request.
  Time since last request: 11.364234 seconds.
  path: Assets/Sprites/TilePalette/WorldTilePalette.prefab
  artifactKey: Guid(7cd91d8d5a502824aa49dccab4a36863) Importer(815301076,1909f56bfc062723c751e8b465ee728b)
Start importing Assets/Sprites/TilePalette/WorldTilePalette.prefab using Guid(7cd91d8d5a502824aa49dccab4a36863) Importer(815301076,1909f56bfc062723c751e8b465ee728b)  -> (artifact id: 'ea9e4ada151dc3f5d211ae78723d69ea') in 0.005412 seconds
  Import took 0.008869 seconds .

========================================================================
Received Import Request.
  Time since last request: 86.254386 seconds.
  path: Assets/Sprites/world.png
  artifactKey: Guid(93b9cec0e9feeb741be4b462c91908bb) Importer(815301076,1909f56bfc062723c751e8b465ee728b)
Start importing Assets/Sprites/world.png using Guid(93b9cec0e9feeb741be4b462c91908bb) Importer(815301076,1909f56bfc062723c751e8b465ee728b)  -> (artifact id: 'dbc7de41383a4449fc6f29217dc39f17') in 0.076726 seconds
  Import took 0.079514 seconds .

========================================================================
Received Import Request.
  Time since last request: 383.221964 seconds.
  path: Assets/Sprites/TilePalette/box.asset
  artifactKey: Guid(80a17445744a93940a70d42e5d634966) Importer(815301076,1909f56bfc062723c751e8b465ee728b)
Start importing Assets/Sprites/TilePalette/box.asset using Guid(80a17445744a93940a70d42e5d634966) Importer(815301076,1909f56bfc062723c751e8b465ee728b)  -> (artifact id: 'f465817dfac59473a3c6a91b4b9360a4') in 0.011281 seconds
  Import took 0.014396 seconds .

========================================================================
Received Import Request.
  Time since last request: 0.000712 seconds.
  path: Assets/Sprites/TilePalette/box.asset
  artifactKey: Guid(80a17445744a93940a70d42e5d634966) Importer(815301076,1909f56bfc062723c751e8b465ee728b)
Start importing Assets/Sprites/TilePalette/box.asset using Guid(80a17445744a93940a70d42e5d634966) Importer(815301076,1909f56bfc062723c751e8b465ee728b)  -> (artifact id: 'f465817dfac59473a3c6a91b4b9360a4') in 0.005933 seconds
  Import took 0.008575 seconds .

========================================================================
Received Import Request.
  Time since last request: 477.112029 seconds.
  path: Assets/Sprites/TilePalette/sandstone_greentop_topright.asset
  artifactKey: Guid(9befde1072b75c2438bb2e763c91c0f6) Importer(815301076,1909f56bfc062723c751e8b465ee728b)
Start importing Assets/Sprites/TilePalette/sandstone_greentop_topright.asset using Guid(9befde1072b75c2438bb2e763c91c0f6) Importer(815301076,1909f56bfc062723c751e8b465ee728b)  -> (artifact id: '62c2958f6459ba3003e3ca9f52b0ec2c') in 0.011566 seconds
  Import took 0.014444 seconds .

========================================================================
Received Import Request.
  Time since last request: 0.000476 seconds.
  path: Assets/Sprites/TilePalette/sandstone_greentop_topright.asset
  artifactKey: Guid(9befde1072b75c2438bb2e763c91c0f6) Importer(815301076,1909f56bfc062723c751e8b465ee728b)
Start importing Assets/Sprites/TilePalette/sandstone_greentop_topright.asset using Guid(9befde1072b75c2438bb2e763c91c0f6) Importer(815301076,1909f56bfc062723c751e8b465ee728b)  -> (artifact id: '62c2958f6459ba3003e3ca9f52b0ec2c') in 0.005998 seconds
  Import took 0.008542 seconds .

========================================================================
Received Prepare
Registering precompiled user dll's ...
Registered in 0.000806 seconds.
Begin MonoManager ReloadAssembly
Native extension for WindowsStandalone target not found
Native extension for OSXStandalone target not found
Native extension for WebGL target not found
Refreshing native plugins compatible for Editor in 0.27 ms, found 1 plugins.
Preloading 0 native plugins for Editor in 0.00 ms.
Mono: successfully reloaded assembly
- Completed reload, in  0.717 seconds
Platform modules already initialized, skipping
Refreshing native plugins compatible for Editor in 0.26 ms, found 1 plugins.
Preloading 0 native plugins for Editor in 0.00 ms.
Unloading 1805 Unused Serialized files (Serialized files now loaded: 0)
System memory in use before: 88.4 MB.
System memory in use after: 88.4 MB.

Unloading 12 unused Assets to reduce memory usage. Loaded Objects now: 2422.
Total: 2.494100 ms (FindLiveObjects: 0.314800 ms CreateObjectMapping: 0.130400 ms MarkObjects: 1.962000 ms  DeleteObjects: 0.085200 ms)

========================================================================
Received Import Request.
  Time since last request: 1311.471837 seconds.
  path: Assets/Animator2D.cs
  artifactKey: Guid(84c86dde54ae62b48a5874487b0c7191) Importer(815301076,1909f56bfc062723c751e8b465ee728b)
Start importing Assets/Animator2D.cs using Guid(84c86dde54ae62b48a5874487b0c7191) Importer(815301076,1909f56bfc062723c751e8b465ee728b)  -> (artifact id: 'f67bee9da5477c81f7203b7d7c56b8e2') in 0.004437 seconds
  Import took 0.006941 seconds .

========================================================================
Received Import Request.
  Time since last request: 0.003729 seconds.
  path: Assets/Animator2D.cs
  artifactKey: Guid(84c86dde54ae62b48a5874487b0c7191) Importer(815301076,1909f56bfc062723c751e8b465ee728b)
Start importing Assets/Animator2D.cs using Guid(84c86dde54ae62b48a5874487b0c7191) Importer(815301076,1909f56bfc062723c751e8b465ee728b)  -> (artifact id: 'f67bee9da5477c81f7203b7d7c56b8e2') in 0.002103 seconds
  Import took 0.005432 seconds .

========================================================================
Received Import Request.
  Time since last request: 23.188607 seconds.
  path: Assets/PlatformerController2D.cs
  artifactKey: Guid(6c00210c26ad222498d387b8dabde2c5) Importer(815301076,1909f56bfc062723c751e8b465ee728b)
Start importing Assets/PlatformerController2D.cs using Guid(6c00210c26ad222498d387b8dabde2c5) Importer(815301076,1909f56bfc062723c751e8b465ee728b)  -> (artifact id: 'f557a94f0da016db90befe03a6f5fcb9') in 0.005677 seconds
  Import took 0.008050 seconds .

========================================================================
Received Prepare
Registering precompiled user dll's ...
Registered in 0.000780 seconds.
Begin MonoManager ReloadAssembly
Native extension for WindowsStandalone target not found
Native extension for OSXStandalone target not found
Native extension for WebGL target not found
Refreshing native plugins compatible for Editor in 0.28 ms, found 1 plugins.
Preloading 0 native plugins for Editor in 0.00 ms.
Mono: successfully reloaded assembly
- Completed reload, in  0.746 seconds
Platform modules already initialized, skipping
Refreshing native plugins compatible for Editor in 0.27 ms, found 1 plugins.
Preloading 0 native plugins for Editor in 0.00 ms.
Unloading 1805 Unused Serialized files (Serialized files now loaded: 0)
System memory in use before: 88.4 MB.
System memory in use after: 88.4 MB.

Unloading 12 unused Assets to reduce memory usage. Loaded Objects now: 2426.
Total: 1.969000 ms (FindLiveObjects: 0.172200 ms CreateObjectMapping: 0.064100 ms MarkObjects: 1.653200 ms  DeleteObjects: 0.078700 ms)

========================================================================
Received Prepare
Registering precompiled user dll's ...
Registered in 0.000956 seconds.
Begin MonoManager ReloadAssembly
Native extension for WindowsStandalone target not found
Native extension for OSXStandalone target not found
Native extension for WebGL target not found
Refreshing native plugins compatible for Editor in 0.26 ms, found 1 plugins.
Preloading 0 native plugins for Editor in 0.00 ms.
Mono: successfully reloaded assembly
- Completed reload, in  0.714 seconds
Platform modules already initialized, skipping
Refreshing native plugins compatible for Editor in 0.26 ms, found 1 plugins.
Preloading 0 native plugins for Editor in 0.00 ms.
Unloading 1805 Unused Serialized files (Serialized files now loaded: 0)
System memory in use before: 88.4 MB.
System memory in use after: 88.4 MB.

Unloading 12 unused Assets to reduce memory usage. Loaded Objects now: 2430.
Total: 1.685800 ms (FindLiveObjects: 0.159900 ms CreateObjectMapping: 0.054100 ms MarkObjects: 1.391400 ms  DeleteObjects: 0.079900 ms)

========================================================================
Received Import Request.
  Time since last request: 195.380901 seconds.
  path: Assets/Sprites/characters.png
  artifactKey: Guid(8db75531852f167448ec99cdf7152fb4) Importer(815301076,1909f56bfc062723c751e8b465ee728b)
Start importing Assets/Sprites/characters.png using Guid(8db75531852f167448ec99cdf7152fb4) Importer(815301076,1909f56bfc062723c751e8b465ee728b)  -> (artifact id: 'dee54f9e20ca941a7416ca5e6499f3b3') in 0.061348 seconds
  Import took 0.063674 seconds .

========================================================================
Received Prepare
Registering precompiled user dll's ...
Registered in 0.000816 seconds.
Begin MonoManager ReloadAssembly
Native extension for WindowsStandalone target not found
Native extension for OSXStandalone target not found
Native extension for WebGL target not found
Refreshing native plugins compatible for Editor in 0.27 ms, found 1 plugins.
Preloading 0 native plugins for Editor in 0.00 ms.
Mono: successfully reloaded assembly
- Completed reload, in  0.743 seconds
Platform modules already initialized, skipping
Refreshing native plugins compatible for Editor in 0.27 ms, found 1 plugins.
Preloading 0 native plugins for Editor in 0.00 ms.
Unloading 1805 Unused Serialized files (Serialized files now loaded: 0)
System memory in use before: 88.5 MB.
System memory in use after: 88.4 MB.

Unloading 12 unused Assets to reduce memory usage. Loaded Objects now: 2435.
Total: 1.829600 ms (FindLiveObjects: 0.155800 ms CreateObjectMapping: 0.056100 ms MarkObjects: 1.535200 ms  DeleteObjects: 0.081600 ms)

========================================================================
Received Prepare
Registering precompiled user dll's ...
Registered in 0.000802 seconds.
Begin MonoManager ReloadAssembly
Native extension for WindowsStandalone target not found
Native extension for OSXStandalone target not found
Native extension for WebGL target not found
Refreshing native plugins compatible for Editor in 0.30 ms, found 1 plugins.
Preloading 0 native plugins for Editor in 0.00 ms.
Mono: successfully reloaded assembly
- Completed reload, in  0.740 seconds
Platform modules already initialized, skipping
Refreshing native plugins compatible for Editor in 0.26 ms, found 1 plugins.
Preloading 0 native plugins for Editor in 0.00 ms.
Unloading 1805 Unused Serialized files (Serialized files now loaded: 0)
System memory in use before: 88.5 MB.
System memory in use after: 88.4 MB.

Unloading 12 unused Assets to reduce memory usage. Loaded Objects now: 2439.
Total: 1.785800 ms (FindLiveObjects: 0.182400 ms CreateObjectMapping: 0.052100 ms MarkObjects: 1.473300 ms  DeleteObjects: 0.077200 ms)

========================================================================
Received Prepare
Registering precompiled user dll's ...
Registered in 0.000842 seconds.
Begin MonoManager ReloadAssembly
Native extension for WindowsStandalone target not found
Native extension for OSXStandalone target not found
Native extension for WebGL target not found
Refreshing native plugins compatible for Editor in 0.26 ms, found 1 plugins.
Preloading 0 native plugins for Editor in 0.00 ms.
Mono: successfully reloaded assembly
- Completed reload, in  0.745 seconds
Platform modules already initialized, skipping
Refreshing native plugins compatible for Editor in 0.27 ms, found 1 plugins.
Preloading 0 native plugins for Editor in 0.00 ms.
Unloading 1805 Unused Serialized files (Serialized files now loaded: 0)
System memory in use before: 88.5 MB.
System memory in use after: 88.5 MB.

Unloading 12 unused Assets to reduce memory usage. Loaded Objects now: 2443.
Total: 1.956400 ms (FindLiveObjects: 0.160600 ms CreateObjectMapping: 0.062900 ms MarkObjects: 1.630000 ms  DeleteObjects: 0.102100 ms)

========================================================================
Received Prepare
Registering precompiled user dll's ...
Registered in 0.000834 seconds.
Begin MonoManager ReloadAssembly
Native extension for WindowsStandalone target not found
Native extension for OSXStandalone target not found
Native extension for WebGL target not found
Refreshing native plugins compatible for Editor in 0.27 ms, found 1 plugins.
Preloading 0 native plugins for Editor in 0.00 ms.
Mono: successfully reloaded assembly
- Completed reload, in  0.733 seconds
Platform modules already initialized, skipping
Refreshing native plugins compatible for Editor in 0.26 ms, found 1 plugins.
Preloading 0 native plugins for Editor in 0.00 ms.
Unloading 1805 Unused Serialized files (Serialized files now loaded: 0)
System memory in use before: 88.5 MB.
System memory in use after: 88.5 MB.

Unloading 12 unused Assets to reduce memory usage. Loaded Objects now: 2447.
Total: 1.765900 ms (FindLiveObjects: 0.162700 ms CreateObjectMapping: 0.053400 ms MarkObjects: 1.468100 ms  DeleteObjects: 0.080900 ms)

========================================================================
Received Prepare
Registering precompiled user dll's ...
Registered in 0.000809 seconds.
Begin MonoManager ReloadAssembly
Native extension for WindowsStandalone target not found
Native extension for OSXStandalone target not found
Native extension for WebGL target not found
Refreshing native plugins compatible for Editor in 0.34 ms, found 1 plugins.
Preloading 0 native plugins for Editor in 0.00 ms.
Mono: successfully reloaded assembly
- Completed reload, in  0.709 seconds
Platform modules already initialized, skipping
Refreshing native plugins compatible for Editor in 0.26 ms, found 1 plugins.
Preloading 0 native plugins for Editor in 0.00 ms.
Unloading 1805 Unused Serialized files (Serialized files now loaded: 0)
System memory in use before: 88.5 MB.
System memory in use after: 88.5 MB.

Unloading 12 unused Assets to reduce memory usage. Loaded Objects now: 2451.
Total: 2.124600 ms (FindLiveObjects: 0.420500 ms CreateObjectMapping: 0.066000 ms MarkObjects: 1.555300 ms  DeleteObjects: 0.082000 ms)

AssetImportWorkerClient::OnTransportError - code=2 error=End of file
