Using pre-set license
Built from '2020.3/release' branch; Version is '2020.3.7f1 (dd97f2c94397) revision 14522354'; Using compiler version '192528614'; Build Type 'Release'
OS: 'Windows 10 Pro; OS build 19041.985; Version 2004; 64bit' Language: 'en' Physical Memory: 16348 MB
BatchMode: 1, IsHumanControllingUs: 0, StartBugReporterOnCrash: 0, Is64bit: 1, IsPro: 0

 COMMAND LINE ARGUMENTS:
C:\Program Files\Unity\Hub\Editor\2020.3.7f1\Editor\Unity.exe
-adb2
-batchMode
-noUpm
-name
AssetImportWorker0
-projectPath
C:/projects/unity-seriousgames-class/03-2d-platformer/2DPlatformer-Video8-Tilemaps
-logFile
Logs/AssetImportWorker0.log
-srvPort
55618
Successfully changed project path to: C:/projects/unity-seriousgames-class/03-2d-platformer/2DPlatformer-Video8-Tilemaps
C:/projects/unity-seriousgames-class/03-2d-platformer/2DPlatformer-Video8-Tilemaps
Using Asset Import Pipeline V2.
Refreshing native plugins compatible for Editor in 28.57 ms, found 1 plugins.
Preloading 0 native plugins for Editor in 0.00 ms.
Initialize engine version: 2020.3.7f1 (dd97f2c94397)
[Subsystems] Discovering subsystems at path C:/Program Files/Unity/Hub/Editor/2020.3.7f1/Editor/Data/Resources/UnitySubsystems
[Subsystems] Discovering subsystems at path C:/projects/unity-seriousgames-class/03-2d-platformer/2DPlatformer-Video8-Tilemaps/Assets
GfxDevice: creating device client; threaded=0
Direct3D:
    Version:  Direct3D 11.0 [level 11.1]
    Renderer: NVIDIA GeForce GTX 1070 (ID=0x1b81)
    Vendor:   
    VRAM:     8088 MB
    Driver:   27.21.14.6089
Initialize mono
Mono path[0] = 'C:/Program Files/Unity/Hub/Editor/2020.3.7f1/Editor/Data/Managed'
Mono path[1] = 'C:/Program Files/Unity/Hub/Editor/2020.3.7f1/Editor/Data/MonoBleedingEdge/lib/mono/unityjit'
Mono config path = 'C:/Program Files/Unity/Hub/Editor/2020.3.7f1/Editor/Data/MonoBleedingEdge/etc'
Using monoOptions --debugger-agent=transport=dt_socket,embedding=1,server=y,suspend=n,address=127.0.0.1:56936
Begin MonoManager ReloadAssembly
Registering precompiled unity dll's ...
Register platform support module: C:/Program Files/Unity/Hub/Editor/2020.3.7f1/Editor/Data/PlaybackEngines/WebGLSupport/UnityEditor.WebGL.Extensions.dll
Register platform support module: C:/Program Files/Unity/Hub/Editor/2020.3.7f1/Editor/Data/PlaybackEngines/MacStandaloneSupport/UnityEditor.OSXStandalone.Extensions.dll
Register platform support module: C:/Program Files/Unity/Hub/Editor/2020.3.7f1/Editor/Data/PlaybackEngines/WindowsStandaloneSupport/UnityEditor.WindowsStandalone.Extensions.dll
Registered in 0.002412 seconds.
Native extension for WindowsStandalone target not found
Native extension for OSXStandalone target not found
Native extension for WebGL target not found
Refreshing native plugins compatible for Editor in 35.79 ms, found 1 plugins.
Preloading 0 native plugins for Editor in 0.00 ms.
Mono: successfully reloaded assembly
- Completed reload, in  1.138 seconds
Platform modules already initialized, skipping
Registering precompiled user dll's ...
Registered in 0.000811 seconds.
Begin MonoManager ReloadAssembly
Native extension for WindowsStandalone target not found
Native extension for OSXStandalone target not found
Native extension for WebGL target not found
Refreshing native plugins compatible for Editor in 34.85 ms, found 1 plugins.
Preloading 0 native plugins for Editor in 0.00 ms.
Mono: successfully reloaded assembly
- Completed reload, in  0.799 seconds
Platform modules already initialized, skipping
========================================================================
Worker process is ready to serve import requests
Launched and connected shader compiler UnityShaderCompiler.exe after 0.04 seconds
Refreshing native plugins compatible for Editor in 0.26 ms, found 1 plugins.
Preloading 0 native plugins for Editor in 0.00 ms.
Unloading 1813 Unused Serialized files (Serialized files now loaded: 0)
System memory in use before: 85.6 MB.
System memory in use after: 85.6 MB.

Unloading 24 unused Assets to reduce memory usage. Loaded Objects now: 2256.
Total: 1.605400 ms (FindLiveObjects: 0.151500 ms CreateObjectMapping: 0.057300 ms MarkObjects: 1.304800 ms  DeleteObjects: 0.091000 ms)

========================================================================
Received Import Request.
  path: Assets/Sprites/world.png
  artifactKey: Guid(93b9cec0e9feeb741be4b462c91908bb) Importer(815301076,1909f56bfc062723c751e8b465ee728b)
Start importing Assets/Sprites/world.png using Guid(93b9cec0e9feeb741be4b462c91908bb) Importer(815301076,1909f56bfc062723c751e8b465ee728b)  -> (artifact id: 'b48ccce38219623272cce82fad7827dc') in 0.154538 seconds
  Import took 0.157666 seconds .

========================================================================
Received Import Request.
  Time since last request: 52.245239 seconds.
  path: Assets/Sprites/world.png
  artifactKey: Guid(93b9cec0e9feeb741be4b462c91908bb) Importer(815301076,1909f56bfc062723c751e8b465ee728b)
Start importing Assets/Sprites/world.png using Guid(93b9cec0e9feeb741be4b462c91908bb) Importer(815301076,1909f56bfc062723c751e8b465ee728b)  -> (artifact id: '534b6e6645b8880a0ff3fb85c1e450a9') in 0.074033 seconds
  Import took 0.076593 seconds .

========================================================================
Received Import Request.
  Time since last request: 66.218179 seconds.
  path: Assets/Sprites/world.png
  artifactKey: Guid(93b9cec0e9feeb741be4b462c91908bb) Importer(815301076,1909f56bfc062723c751e8b465ee728b)
Start importing Assets/Sprites/world.png using Guid(93b9cec0e9feeb741be4b462c91908bb) Importer(815301076,1909f56bfc062723c751e8b465ee728b)  -> (artifact id: 'ef70bafc4bb7c36d8b6bd26f8b175d84') in 0.082943 seconds
  Import took 0.085629 seconds .

========================================================================
Received Import Request.
  Time since last request: 128.838550 seconds.
  path: Assets/Sprites/TileMap/granite_topleft.asset
  artifactKey: Guid(e7c2365238bfd76439998773ec5dfb6f) Importer(815301076,1909f56bfc062723c751e8b465ee728b)
Start importing Assets/Sprites/TileMap/granite_topleft.asset using Guid(e7c2365238bfd76439998773ec5dfb6f) Importer(815301076,1909f56bfc062723c751e8b465ee728b)  -> (artifact id: '90db39defdf5492e9afed185a887820d') in 0.020031 seconds
  Import took 0.023595 seconds .

========================================================================
Received Import Request.
  Time since last request: 30.087673 seconds.
  path: Assets/Sprites/TileMap/grass_topleft.asset
  artifactKey: Guid(5140053765130f84f97758e19477b05c) Importer(815301076,1909f56bfc062723c751e8b465ee728b)
Start importing Assets/Sprites/TileMap/grass_topleft.asset using Guid(5140053765130f84f97758e19477b05c) Importer(815301076,1909f56bfc062723c751e8b465ee728b)  -> (artifact id: '17127df490c75cec20087e67cda89f15') in 0.010019 seconds
  Import took 0.012782 seconds .

========================================================================
Received Import Request.
  Time since last request: 42.738077 seconds.
  path: Assets/Sprites/TileMap/ladder_top.asset
  artifactKey: Guid(6181cb8df5a6c10478088f04b1c67691) Importer(815301076,1909f56bfc062723c751e8b465ee728b)
Start importing Assets/Sprites/TileMap/ladder_top.asset using Guid(6181cb8df5a6c10478088f04b1c67691) Importer(815301076,1909f56bfc062723c751e8b465ee728b)  -> (artifact id: 'cfaa073545557d38a64ba1e0bbba158a') in 0.022346 seconds
  Import took 0.025369 seconds .

========================================================================
Received Import Request.
  Time since last request: 0.000301 seconds.
  path: Assets/Sprites/TileMap/ladder_top.asset
  artifactKey: Guid(6181cb8df5a6c10478088f04b1c67691) Importer(815301076,1909f56bfc062723c751e8b465ee728b)
Start importing Assets/Sprites/TileMap/ladder_top.asset using Guid(6181cb8df5a6c10478088f04b1c67691) Importer(815301076,1909f56bfc062723c751e8b465ee728b)  -> (artifact id: 'cfaa073545557d38a64ba1e0bbba158a') in 0.005874 seconds
  Import took 0.009475 seconds .

========================================================================
Received Prepare
Registering precompiled user dll's ...
Registered in 0.000863 seconds.
Begin MonoManager ReloadAssembly
Native extension for WindowsStandalone target not found
Native extension for OSXStandalone target not found
Native extension for WebGL target not found
Refreshing native plugins compatible for Editor in 0.25 ms, found 1 plugins.
Preloading 0 native plugins for Editor in 0.00 ms.
Mono: successfully reloaded assembly
- Completed reload, in  0.761 seconds
Platform modules already initialized, skipping
Refreshing native plugins compatible for Editor in 0.27 ms, found 1 plugins.
Preloading 0 native plugins for Editor in 0.00 ms.
Unloading 1808 Unused Serialized files (Serialized files now loaded: 0)
System memory in use before: 88.7 MB.
System memory in use after: 88.7 MB.

Unloading 12 unused Assets to reduce memory usage. Loaded Objects now: 2273.
Total: 1.800900 ms (FindLiveObjects: 0.169000 ms CreateObjectMapping: 0.058700 ms MarkObjects: 1.494500 ms  DeleteObjects: 0.077900 ms)

========================================================================
Received Prepare
Registering precompiled user dll's ...
Registered in 0.000831 seconds.
Begin MonoManager ReloadAssembly
Native extension for WindowsStandalone target not found
Native extension for OSXStandalone target not found
Native extension for WebGL target not found
Refreshing native plugins compatible for Editor in 0.27 ms, found 1 plugins.
Preloading 0 native plugins for Editor in 0.00 ms.
Mono: successfully reloaded assembly
- Completed reload, in  0.753 seconds
Platform modules already initialized, skipping
Refreshing native plugins compatible for Editor in 0.29 ms, found 1 plugins.
Preloading 0 native plugins for Editor in 0.00 ms.
Unloading 1808 Unused Serialized files (Serialized files now loaded: 0)
System memory in use before: 88.7 MB.
System memory in use after: 88.7 MB.

Unloading 12 unused Assets to reduce memory usage. Loaded Objects now: 2277.
Total: 1.919800 ms (FindLiveObjects: 0.165000 ms CreateObjectMapping: 0.053600 ms MarkObjects: 1.623400 ms  DeleteObjects: 0.076900 ms)

========================================================================
Received Prepare
Registering precompiled user dll's ...
Registered in 0.000837 seconds.
Begin MonoManager ReloadAssembly
Native extension for WindowsStandalone target not found
Native extension for OSXStandalone target not found
Native extension for WebGL target not found
Refreshing native plugins compatible for Editor in 0.27 ms, found 1 plugins.
Preloading 0 native plugins for Editor in 0.00 ms.
Mono: successfully reloaded assembly
- Completed reload, in  0.753 seconds
Platform modules already initialized, skipping
Refreshing native plugins compatible for Editor in 0.28 ms, found 1 plugins.
Preloading 0 native plugins for Editor in 0.00 ms.
Unloading 1808 Unused Serialized files (Serialized files now loaded: 0)
System memory in use before: 88.8 MB.
System memory in use after: 88.7 MB.

Unloading 12 unused Assets to reduce memory usage. Loaded Objects now: 2281.
Total: 2.005600 ms (FindLiveObjects: 0.240500 ms CreateObjectMapping: 0.062100 ms MarkObjects: 1.623900 ms  DeleteObjects: 0.078300 ms)

========================================================================
Received Prepare
Registering precompiled user dll's ...
Registered in 0.000828 seconds.
Begin MonoManager ReloadAssembly
Native extension for WindowsStandalone target not found
Native extension for OSXStandalone target not found
Native extension for WebGL target not found
Refreshing native plugins compatible for Editor in 0.27 ms, found 1 plugins.
Preloading 0 native plugins for Editor in 0.00 ms.
Mono: successfully reloaded assembly
- Completed reload, in  0.762 seconds
Platform modules already initialized, skipping
Refreshing native plugins compatible for Editor in 0.27 ms, found 1 plugins.
Preloading 0 native plugins for Editor in 0.00 ms.
Unloading 1808 Unused Serialized files (Serialized files now loaded: 0)
System memory in use before: 88.8 MB.
System memory in use after: 88.7 MB.

Unloading 12 unused Assets to reduce memory usage. Loaded Objects now: 2285.
Total: 1.586400 ms (FindLiveObjects: 0.170600 ms CreateObjectMapping: 0.057100 ms MarkObjects: 1.280000 ms  DeleteObjects: 0.077600 ms)

========================================================================
Received Prepare
Registering precompiled user dll's ...
Registered in 0.000851 seconds.
Begin MonoManager ReloadAssembly
Native extension for WindowsStandalone target not found
Native extension for OSXStandalone target not found
Native extension for WebGL target not found
Refreshing native plugins compatible for Editor in 0.28 ms, found 1 plugins.
Preloading 0 native plugins for Editor in 0.00 ms.
Mono: successfully reloaded assembly
- Completed reload, in  0.724 seconds
Platform modules already initialized, skipping
Refreshing native plugins compatible for Editor in 0.26 ms, found 1 plugins.
Preloading 0 native plugins for Editor in 0.00 ms.
Unloading 1808 Unused Serialized files (Serialized files now loaded: 0)
System memory in use before: 88.8 MB.
System memory in use after: 88.8 MB.

Unloading 12 unused Assets to reduce memory usage. Loaded Objects now: 2289.
Total: 1.879400 ms (FindLiveObjects: 0.148600 ms CreateObjectMapping: 0.047600 ms MarkObjects: 1.603600 ms  DeleteObjects: 0.079100 ms)

